<testsuites id="" name="" tests="161" failures="120" skipped="41" errors="0" time="10.393447">
<testsuite name="comprehensive_e2e_tests.spec.ts" timestamp="2025-08-02T01:18:22.781Z" hostname="chromium" tests="23" failures="23" skipped="0" time="0.06" errors="0">
<testcase name="DeFi Risk Monitor E2E Tests › Authentication Flow › should complete full authentication workflow" classname="comprehensive_e2e_tests.spec.ts" time="0.002">
<failure message="comprehensive_e2e_tests.spec.ts:21:9 should complete full authentication workflow" type="FAILURE">
<![CDATA[  [chromium] › comprehensive_e2e_tests.spec.ts:21:9 › DeFi Risk Monitor E2E Tests › Authentication Flow › should complete full authentication workflow 

    Error: browserType.launch: Executable doesn't exist at /home/junk/.cache/ms-playwright/chromium_headless_shell-1181/chrome-linux/headless_shell
    ╔═════════════════════════════════════════════════════════════════════════╗
    ║ Looks like Playwright Test or Playwright was just installed or updated. ║
    ║ Please run the following command to download new browsers:              ║
    ║                                                                         ║
    ║     npx playwright install                                              ║
    ║                                                                         ║
    ║ <3 Playwright Team                                                      ║
    ╚═════════════════════════════════════════════════════════════════════════╝

    TypeError: Cannot read properties of undefined (reading 'evaluate')

      611 |   test.afterEach(async () => {
      612 |     // Clean up any test data or state
    > 613 |     await page.evaluate(() => {
          |                ^
      614 |       localStorage.clear();
      615 |       sessionStorage.clear();
      616 |     });
        at /home/junk/RustroverProjects/defi-risk-monitor/frontend/tests/e2e/comprehensive_e2e_tests.spec.ts:613:16
]]>
</failure>
</testcase>
<testcase name="DeFi Risk Monitor E2E Tests › Authentication Flow › should handle wallet connection" classname="comprehensive_e2e_tests.spec.ts" time="0.003">
<failure message="comprehensive_e2e_tests.spec.ts:44:9 should handle wallet connection" type="FAILURE">
<![CDATA[  [chromium] › comprehensive_e2e_tests.spec.ts:44:9 › DeFi Risk Monitor E2E Tests › Authentication Flow › should handle wallet connection 

    Error: browserType.launch: Executable doesn't exist at /home/junk/.cache/ms-playwright/chromium_headless_shell-1181/chrome-linux/headless_shell
    ╔═════════════════════════════════════════════════════════════════════════╗
    ║ Looks like Playwright Test or Playwright was just installed or updated. ║
    ║ Please run the following command to download new browsers:              ║
    ║                                                                         ║
    ║     npx playwright install                                              ║
    ║                                                                         ║
    ║ <3 Playwright Team                                                      ║
    ╚═════════════════════════════════════════════════════════════════════════╝

    TypeError: Cannot read properties of undefined (reading 'evaluate')

      611 |   test.afterEach(async () => {
      612 |     // Clean up any test data or state
    > 613 |     await page.evaluate(() => {
          |                ^
      614 |       localStorage.clear();
      615 |       sessionStorage.clear();
      616 |     });
        at /home/junk/RustroverProjects/defi-risk-monitor/frontend/tests/e2e/comprehensive_e2e_tests.spec.ts:613:16
]]>
</failure>
</testcase>
<testcase name="DeFi Risk Monitor E2E Tests › Risk Dashboard Functionality › should display risk dashboard with real-time updates" classname="comprehensive_e2e_tests.spec.ts" time="0.002">
<failure message="comprehensive_e2e_tests.spec.ts:81:9 should display risk dashboard with real-time updates" type="FAILURE">
<![CDATA[  [chromium] › comprehensive_e2e_tests.spec.ts:81:9 › DeFi Risk Monitor E2E Tests › Risk Dashboard Functionality › should display risk dashboard with real-time updates 

    Error: browserType.launch: Executable doesn't exist at /home/junk/.cache/ms-playwright/chromium_headless_shell-1181/chrome-linux/headless_shell
    ╔═════════════════════════════════════════════════════════════════════════╗
    ║ Looks like Playwright Test or Playwright was just installed or updated. ║
    ║ Please run the following command to download new browsers:              ║
    ║                                                                         ║
    ║     npx playwright install                                              ║
    ║                                                                         ║
    ║ <3 Playwright Team                                                      ║
    ╚═════════════════════════════════════════════════════════════════════════╝

    TypeError: Cannot read properties of undefined (reading 'addInitScript')

      72 |     test.beforeEach(async () => {
      73 |       // Mock authentication
    > 74 |       await page.addInitScript(() => {
         |                  ^
      75 |         localStorage.setItem('auth_token', 'mock_token');
      76 |         localStorage.setItem('user_id', 'test-user-id');
      77 |       });
        at /home/junk/RustroverProjects/defi-risk-monitor/frontend/tests/e2e/comprehensive_e2e_tests.spec.ts:74:18

    TypeError: Cannot read properties of undefined (reading 'evaluate')

      611 |   test.afterEach(async () => {
      612 |     // Clean up any test data or state
    > 613 |     await page.evaluate(() => {
          |                ^
      614 |       localStorage.clear();
      615 |       sessionStorage.clear();
      616 |     });
        at /home/junk/RustroverProjects/defi-risk-monitor/frontend/tests/e2e/comprehensive_e2e_tests.spec.ts:613:16
]]>
</failure>
</testcase>
<testcase name="DeFi Risk Monitor E2E Tests › Risk Dashboard Functionality › should handle real-time risk updates" classname="comprehensive_e2e_tests.spec.ts" time="0.003">
<failure message="comprehensive_e2e_tests.spec.ts:100:9 should handle real-time risk updates" type="FAILURE">
<![CDATA[  [chromium] › comprehensive_e2e_tests.spec.ts:100:9 › DeFi Risk Monitor E2E Tests › Risk Dashboard Functionality › should handle real-time risk updates 

    Error: browserType.launch: Executable doesn't exist at /home/junk/.cache/ms-playwright/chromium_headless_shell-1181/chrome-linux/headless_shell
    ╔═════════════════════════════════════════════════════════════════════════╗
    ║ Looks like Playwright Test or Playwright was just installed or updated. ║
    ║ Please run the following command to download new browsers:              ║
    ║                                                                         ║
    ║     npx playwright install                                              ║
    ║                                                                         ║
    ║ <3 Playwright Team                                                      ║
    ╚═════════════════════════════════════════════════════════════════════════╝

    TypeError: Cannot read properties of undefined (reading 'addInitScript')

      72 |     test.beforeEach(async () => {
      73 |       // Mock authentication
    > 74 |       await page.addInitScript(() => {
         |                  ^
      75 |         localStorage.setItem('auth_token', 'mock_token');
      76 |         localStorage.setItem('user_id', 'test-user-id');
      77 |       });
        at /home/junk/RustroverProjects/defi-risk-monitor/frontend/tests/e2e/comprehensive_e2e_tests.spec.ts:74:18

    TypeError: Cannot read properties of undefined (reading 'evaluate')

      611 |   test.afterEach(async () => {
      612 |     // Clean up any test data or state
    > 613 |     await page.evaluate(() => {
          |                ^
      614 |       localStorage.clear();
      615 |       sessionStorage.clear();
      616 |     });
        at /home/junk/RustroverProjects/defi-risk-monitor/frontend/tests/e2e/comprehensive_e2e_tests.spec.ts:613:16
]]>
</failure>
</testcase>
<testcase name="DeFi Risk Monitor E2E Tests › Risk Dashboard Functionality › should navigate between dashboard sections" classname="comprehensive_e2e_tests.spec.ts" time="0.002">
<failure message="comprehensive_e2e_tests.spec.ts:151:9 should navigate between dashboard sections" type="FAILURE">
<![CDATA[  [chromium] › comprehensive_e2e_tests.spec.ts:151:9 › DeFi Risk Monitor E2E Tests › Risk Dashboard Functionality › should navigate between dashboard sections 

    Error: browserType.launch: Executable doesn't exist at /home/junk/.cache/ms-playwright/chromium_headless_shell-1181/chrome-linux/headless_shell
    ╔═════════════════════════════════════════════════════════════════════════╗
    ║ Looks like Playwright Test or Playwright was just installed or updated. ║
    ║ Please run the following command to download new browsers:              ║
    ║                                                                         ║
    ║     npx playwright install                                              ║
    ║                                                                         ║
    ║ <3 Playwright Team                                                      ║
    ╚═════════════════════════════════════════════════════════════════════════╝

    TypeError: Cannot read properties of undefined (reading 'addInitScript')

      72 |     test.beforeEach(async () => {
      73 |       // Mock authentication
    > 74 |       await page.addInitScript(() => {
         |                  ^
      75 |         localStorage.setItem('auth_token', 'mock_token');
      76 |         localStorage.setItem('user_id', 'test-user-id');
      77 |       });
        at /home/junk/RustroverProjects/defi-risk-monitor/frontend/tests/e2e/comprehensive_e2e_tests.spec.ts:74:18

    TypeError: Cannot read properties of undefined (reading 'evaluate')

      611 |   test.afterEach(async () => {
      612 |     // Clean up any test data or state
    > 613 |     await page.evaluate(() => {
          |                ^
      614 |       localStorage.clear();
      615 |       sessionStorage.clear();
      616 |     });
        at /home/junk/RustroverProjects/defi-risk-monitor/frontend/tests/e2e/comprehensive_e2e_tests.spec.ts:613:16
]]>
</failure>
</testcase>
<testcase name="DeFi Risk Monitor E2E Tests › Position Management › should create new position" classname="comprehensive_e2e_tests.spec.ts" time="0.002">
<failure message="comprehensive_e2e_tests.spec.ts:182:9 should create new position" type="FAILURE">
<![CDATA[  [chromium] › comprehensive_e2e_tests.spec.ts:182:9 › DeFi Risk Monitor E2E Tests › Position Management › should create new position 

    Error: browserType.launch: Executable doesn't exist at /home/junk/.cache/ms-playwright/chromium_headless_shell-1181/chrome-linux/headless_shell
    ╔═════════════════════════════════════════════════════════════════════════╗
    ║ Looks like Playwright Test or Playwright was just installed or updated. ║
    ║ Please run the following command to download new browsers:              ║
    ║                                                                         ║
    ║     npx playwright install                                              ║
    ║                                                                         ║
    ║ <3 Playwright Team                                                      ║
    ╚═════════════════════════════════════════════════════════════════════════╝

    TypeError: Cannot read properties of undefined (reading 'addInitScript')

      174 |   test.describe('Position Management', () => {
      175 |     test.beforeEach(async () => {
    > 176 |       await page.addInitScript(() => {
          |                  ^
      177 |         localStorage.setItem('auth_token', 'mock_token');
      178 |       });
      179 |       await page.goto('http://localhost:3000/positions');
        at /home/junk/RustroverProjects/defi-risk-monitor/frontend/tests/e2e/comprehensive_e2e_tests.spec.ts:176:18

    TypeError: Cannot read properties of undefined (reading 'evaluate')

      611 |   test.afterEach(async () => {
      612 |     // Clean up any test data or state
    > 613 |     await page.evaluate(() => {
          |                ^
      614 |       localStorage.clear();
      615 |       sessionStorage.clear();
      616 |     });
        at /home/junk/RustroverProjects/defi-risk-monitor/frontend/tests/e2e/comprehensive_e2e_tests.spec.ts:613:16
]]>
</failure>
</testcase>
<testcase name="DeFi Risk Monitor E2E Tests › Position Management › should edit existing position" classname="comprehensive_e2e_tests.spec.ts" time="0.002">
<failure message="comprehensive_e2e_tests.spec.ts:211:9 should edit existing position" type="FAILURE">
<![CDATA[  [chromium] › comprehensive_e2e_tests.spec.ts:211:9 › DeFi Risk Monitor E2E Tests › Position Management › should edit existing position 

    Error: browserType.launch: Executable doesn't exist at /home/junk/.cache/ms-playwright/chromium_headless_shell-1181/chrome-linux/headless_shell
    ╔═════════════════════════════════════════════════════════════════════════╗
    ║ Looks like Playwright Test or Playwright was just installed or updated. ║
    ║ Please run the following command to download new browsers:              ║
    ║                                                                         ║
    ║     npx playwright install                                              ║
    ║                                                                         ║
    ║ <3 Playwright Team                                                      ║
    ╚═════════════════════════════════════════════════════════════════════════╝

    TypeError: Cannot read properties of undefined (reading 'addInitScript')

      174 |   test.describe('Position Management', () => {
      175 |     test.beforeEach(async () => {
    > 176 |       await page.addInitScript(() => {
          |                  ^
      177 |         localStorage.setItem('auth_token', 'mock_token');
      178 |       });
      179 |       await page.goto('http://localhost:3000/positions');
        at /home/junk/RustroverProjects/defi-risk-monitor/frontend/tests/e2e/comprehensive_e2e_tests.spec.ts:176:18

    TypeError: Cannot read properties of undefined (reading 'evaluate')

      611 |   test.afterEach(async () => {
      612 |     // Clean up any test data or state
    > 613 |     await page.evaluate(() => {
          |                ^
      614 |       localStorage.clear();
      615 |       sessionStorage.clear();
      616 |     });
        at /home/junk/RustroverProjects/defi-risk-monitor/frontend/tests/e2e/comprehensive_e2e_tests.spec.ts:613:16
]]>
</failure>
</testcase>
<testcase name="DeFi Risk Monitor E2E Tests › Position Management › should delete position with confirmation" classname="comprehensive_e2e_tests.spec.ts" time="0.002">
<failure message="comprehensive_e2e_tests.spec.ts:228:9 should delete position with confirmation" type="FAILURE">
<![CDATA[  [chromium] › comprehensive_e2e_tests.spec.ts:228:9 › DeFi Risk Monitor E2E Tests › Position Management › should delete position with confirmation 

    Error: browserType.launch: Executable doesn't exist at /home/junk/.cache/ms-playwright/chromium_headless_shell-1181/chrome-linux/headless_shell
    ╔═════════════════════════════════════════════════════════════════════════╗
    ║ Looks like Playwright Test or Playwright was just installed or updated. ║
    ║ Please run the following command to download new browsers:              ║
    ║                                                                         ║
    ║     npx playwright install                                              ║
    ║                                                                         ║
    ║ <3 Playwright Team                                                      ║
    ╚═════════════════════════════════════════════════════════════════════════╝

    TypeError: Cannot read properties of undefined (reading 'addInitScript')

      174 |   test.describe('Position Management', () => {
      175 |     test.beforeEach(async () => {
    > 176 |       await page.addInitScript(() => {
          |                  ^
      177 |         localStorage.setItem('auth_token', 'mock_token');
      178 |       });
      179 |       await page.goto('http://localhost:3000/positions');
        at /home/junk/RustroverProjects/defi-risk-monitor/frontend/tests/e2e/comprehensive_e2e_tests.spec.ts:176:18

    TypeError: Cannot read properties of undefined (reading 'evaluate')

      611 |   test.afterEach(async () => {
      612 |     // Clean up any test data or state
    > 613 |     await page.evaluate(() => {
          |                ^
      614 |       localStorage.clear();
      615 |       sessionStorage.clear();
      616 |     });
        at /home/junk/RustroverProjects/defi-risk-monitor/frontend/tests/e2e/comprehensive_e2e_tests.spec.ts:613:16
]]>
</failure>
</testcase>
<testcase name="DeFi Risk Monitor E2E Tests › Position Management › should filter and search positions" classname="comprehensive_e2e_tests.spec.ts" time="0.003">
<failure message="comprehensive_e2e_tests.spec.ts:245:9 should filter and search positions" type="FAILURE">
<![CDATA[  [chromium] › comprehensive_e2e_tests.spec.ts:245:9 › DeFi Risk Monitor E2E Tests › Position Management › should filter and search positions 

    Error: browserType.launch: Executable doesn't exist at /home/junk/.cache/ms-playwright/chromium_headless_shell-1181/chrome-linux/headless_shell
    ╔═════════════════════════════════════════════════════════════════════════╗
    ║ Looks like Playwright Test or Playwright was just installed or updated. ║
    ║ Please run the following command to download new browsers:              ║
    ║                                                                         ║
    ║     npx playwright install                                              ║
    ║                                                                         ║
    ║ <3 Playwright Team                                                      ║
    ╚═════════════════════════════════════════════════════════════════════════╝

    TypeError: Cannot read properties of undefined (reading 'addInitScript')

      174 |   test.describe('Position Management', () => {
      175 |     test.beforeEach(async () => {
    > 176 |       await page.addInitScript(() => {
          |                  ^
      177 |         localStorage.setItem('auth_token', 'mock_token');
      178 |       });
      179 |       await page.goto('http://localhost:3000/positions');
        at /home/junk/RustroverProjects/defi-risk-monitor/frontend/tests/e2e/comprehensive_e2e_tests.spec.ts:176:18

    TypeError: Cannot read properties of undefined (reading 'evaluate')

      611 |   test.afterEach(async () => {
      612 |     // Clean up any test data or state
    > 613 |     await page.evaluate(() => {
          |                ^
      614 |       localStorage.clear();
      615 |       sessionStorage.clear();
      616 |     });
        at /home/junk/RustroverProjects/defi-risk-monitor/frontend/tests/e2e/comprehensive_e2e_tests.spec.ts:613:16
]]>
</failure>
</testcase>
<testcase name="DeFi Risk Monitor E2E Tests › Analytics and Charts › should display portfolio analytics charts" classname="comprehensive_e2e_tests.spec.ts" time="0.004">
<failure message="comprehensive_e2e_tests.spec.ts:278:9 should display portfolio analytics charts" type="FAILURE">
<![CDATA[  [chromium] › comprehensive_e2e_tests.spec.ts:278:9 › DeFi Risk Monitor E2E Tests › Analytics and Charts › should display portfolio analytics charts 

    Error: browserType.launch: Executable doesn't exist at /home/junk/.cache/ms-playwright/chromium_headless_shell-1181/chrome-linux/headless_shell
    ╔═════════════════════════════════════════════════════════════════════════╗
    ║ Looks like Playwright Test or Playwright was just installed or updated. ║
    ║ Please run the following command to download new browsers:              ║
    ║                                                                         ║
    ║     npx playwright install                                              ║
    ║                                                                         ║
    ║ <3 Playwright Team                                                      ║
    ╚═════════════════════════════════════════════════════════════════════════╝

    TypeError: Cannot read properties of undefined (reading 'addInitScript')

      270 |   test.describe('Analytics and Charts', () => {
      271 |     test.beforeEach(async () => {
    > 272 |       await page.addInitScript(() => {
          |                  ^
      273 |         localStorage.setItem('auth_token', 'mock_token');
      274 |       });
      275 |       await page.goto('http://localhost:3000/analytics');
        at /home/junk/RustroverProjects/defi-risk-monitor/frontend/tests/e2e/comprehensive_e2e_tests.spec.ts:272:18

    TypeError: Cannot read properties of undefined (reading 'evaluate')

      611 |   test.afterEach(async () => {
      612 |     // Clean up any test data or state
    > 613 |     await page.evaluate(() => {
          |                ^
      614 |       localStorage.clear();
      615 |       sessionStorage.clear();
      616 |     });
        at /home/junk/RustroverProjects/defi-risk-monitor/frontend/tests/e2e/comprehensive_e2e_tests.spec.ts:613:16
]]>
</failure>
</testcase>
<testcase name="DeFi Risk Monitor E2E Tests › Analytics and Charts › should interact with risk factor breakdown" classname="comprehensive_e2e_tests.spec.ts" time="0.002">
<failure message="comprehensive_e2e_tests.spec.ts:299:9 should interact with risk factor breakdown" type="FAILURE">
<![CDATA[  [chromium] › comprehensive_e2e_tests.spec.ts:299:9 › DeFi Risk Monitor E2E Tests › Analytics and Charts › should interact with risk factor breakdown 

    Error: browserType.launch: Executable doesn't exist at /home/junk/.cache/ms-playwright/chromium_headless_shell-1181/chrome-linux/headless_shell
    ╔═════════════════════════════════════════════════════════════════════════╗
    ║ Looks like Playwright Test or Playwright was just installed or updated. ║
    ║ Please run the following command to download new browsers:              ║
    ║                                                                         ║
    ║     npx playwright install                                              ║
    ║                                                                         ║
    ║ <3 Playwright Team                                                      ║
    ╚═════════════════════════════════════════════════════════════════════════╝

    TypeError: Cannot read properties of undefined (reading 'addInitScript')

      270 |   test.describe('Analytics and Charts', () => {
      271 |     test.beforeEach(async () => {
    > 272 |       await page.addInitScript(() => {
          |                  ^
      273 |         localStorage.setItem('auth_token', 'mock_token');
      274 |       });
      275 |       await page.goto('http://localhost:3000/analytics');
        at /home/junk/RustroverProjects/defi-risk-monitor/frontend/tests/e2e/comprehensive_e2e_tests.spec.ts:272:18

    TypeError: Cannot read properties of undefined (reading 'evaluate')

      611 |   test.afterEach(async () => {
      612 |     // Clean up any test data or state
    > 613 |     await page.evaluate(() => {
          |                ^
      614 |       localStorage.clear();
      615 |       sessionStorage.clear();
      616 |     });
        at /home/junk/RustroverProjects/defi-risk-monitor/frontend/tests/e2e/comprehensive_e2e_tests.spec.ts:613:16
]]>
</failure>
</testcase>
<testcase name="DeFi Risk Monitor E2E Tests › Analytics and Charts › should export analytics data" classname="comprehensive_e2e_tests.spec.ts" time="0.003">
<failure message="comprehensive_e2e_tests.spec.ts:321:9 should export analytics data" type="FAILURE">
<![CDATA[  [chromium] › comprehensive_e2e_tests.spec.ts:321:9 › DeFi Risk Monitor E2E Tests › Analytics and Charts › should export analytics data 

    Error: browserType.launch: Executable doesn't exist at /home/junk/.cache/ms-playwright/chromium_headless_shell-1181/chrome-linux/headless_shell
    ╔═════════════════════════════════════════════════════════════════════════╗
    ║ Looks like Playwright Test or Playwright was just installed or updated. ║
    ║ Please run the following command to download new browsers:              ║
    ║                                                                         ║
    ║     npx playwright install                                              ║
    ║                                                                         ║
    ║ <3 Playwright Team                                                      ║
    ╚═════════════════════════════════════════════════════════════════════════╝

    TypeError: Cannot read properties of undefined (reading 'addInitScript')

      270 |   test.describe('Analytics and Charts', () => {
      271 |     test.beforeEach(async () => {
    > 272 |       await page.addInitScript(() => {
          |                  ^
      273 |         localStorage.setItem('auth_token', 'mock_token');
      274 |       });
      275 |       await page.goto('http://localhost:3000/analytics');
        at /home/junk/RustroverProjects/defi-risk-monitor/frontend/tests/e2e/comprehensive_e2e_tests.spec.ts:272:18

    TypeError: Cannot read properties of undefined (reading 'evaluate')

      611 |   test.afterEach(async () => {
      612 |     // Clean up any test data or state
    > 613 |     await page.evaluate(() => {
          |                ^
      614 |       localStorage.clear();
      615 |       sessionStorage.clear();
      616 |     });
        at /home/junk/RustroverProjects/defi-risk-monitor/frontend/tests/e2e/comprehensive_e2e_tests.spec.ts:613:16
]]>
</failure>
</testcase>
<testcase name="DeFi Risk Monitor E2E Tests › Alert Management › should create and manage alerts" classname="comprehensive_e2e_tests.spec.ts" time="0.002">
<failure message="comprehensive_e2e_tests.spec.ts:346:9 should create and manage alerts" type="FAILURE">
<![CDATA[  [chromium] › comprehensive_e2e_tests.spec.ts:346:9 › DeFi Risk Monitor E2E Tests › Alert Management › should create and manage alerts 

    Error: browserType.launch: Executable doesn't exist at /home/junk/.cache/ms-playwright/chromium_headless_shell-1181/chrome-linux/headless_shell
    ╔═════════════════════════════════════════════════════════════════════════╗
    ║ Looks like Playwright Test or Playwright was just installed or updated. ║
    ║ Please run the following command to download new browsers:              ║
    ║                                                                         ║
    ║     npx playwright install                                              ║
    ║                                                                         ║
    ║ <3 Playwright Team                                                      ║
    ╚═════════════════════════════════════════════════════════════════════════╝

    TypeError: Cannot read properties of undefined (reading 'addInitScript')

      338 |   test.describe('Alert Management', () => {
      339 |     test.beforeEach(async () => {
    > 340 |       await page.addInitScript(() => {
          |                  ^
      341 |         localStorage.setItem('auth_token', 'mock_token');
      342 |       });
      343 |       await page.goto('http://localhost:3000/alerts');
        at /home/junk/RustroverProjects/defi-risk-monitor/frontend/tests/e2e/comprehensive_e2e_tests.spec.ts:340:18

    TypeError: Cannot read properties of undefined (reading 'evaluate')

      611 |   test.afterEach(async () => {
      612 |     // Clean up any test data or state
    > 613 |     await page.evaluate(() => {
          |                ^
      614 |       localStorage.clear();
      615 |       sessionStorage.clear();
      616 |     });
        at /home/junk/RustroverProjects/defi-risk-monitor/frontend/tests/e2e/comprehensive_e2e_tests.spec.ts:613:16
]]>
</failure>
</testcase>
<testcase name="DeFi Risk Monitor E2E Tests › Alert Management › should display alert history" classname="comprehensive_e2e_tests.spec.ts" time="0.003">
<failure message="comprehensive_e2e_tests.spec.ts:373:9 should display alert history" type="FAILURE">
<![CDATA[  [chromium] › comprehensive_e2e_tests.spec.ts:373:9 › DeFi Risk Monitor E2E Tests › Alert Management › should display alert history 

    Error: browserType.launch: Executable doesn't exist at /home/junk/.cache/ms-playwright/chromium_headless_shell-1181/chrome-linux/headless_shell
    ╔═════════════════════════════════════════════════════════════════════════╗
    ║ Looks like Playwright Test or Playwright was just installed or updated. ║
    ║ Please run the following command to download new browsers:              ║
    ║                                                                         ║
    ║     npx playwright install                                              ║
    ║                                                                         ║
    ║ <3 Playwright Team                                                      ║
    ╚═════════════════════════════════════════════════════════════════════════╝

    TypeError: Cannot read properties of undefined (reading 'addInitScript')

      338 |   test.describe('Alert Management', () => {
      339 |     test.beforeEach(async () => {
    > 340 |       await page.addInitScript(() => {
          |                  ^
      341 |         localStorage.setItem('auth_token', 'mock_token');
      342 |       });
      343 |       await page.goto('http://localhost:3000/alerts');
        at /home/junk/RustroverProjects/defi-risk-monitor/frontend/tests/e2e/comprehensive_e2e_tests.spec.ts:340:18

    TypeError: Cannot read properties of undefined (reading 'evaluate')

      611 |   test.afterEach(async () => {
      612 |     // Clean up any test data or state
    > 613 |     await page.evaluate(() => {
          |                ^
      614 |       localStorage.clear();
      615 |       sessionStorage.clear();
      616 |     });
        at /home/junk/RustroverProjects/defi-risk-monitor/frontend/tests/e2e/comprehensive_e2e_tests.spec.ts:613:16
]]>
</failure>
</testcase>
<testcase name="DeFi Risk Monitor E2E Tests › Explainable AI Interface › should interact with AI chat interface" classname="comprehensive_e2e_tests.spec.ts" time="0.003">
<failure message="comprehensive_e2e_tests.spec.ts:403:9 should interact with AI chat interface" type="FAILURE">
<![CDATA[  [chromium] › comprehensive_e2e_tests.spec.ts:403:9 › DeFi Risk Monitor E2E Tests › Explainable AI Interface › should interact with AI chat interface 

    Error: browserType.launch: Executable doesn't exist at /home/junk/.cache/ms-playwright/chromium_headless_shell-1181/chrome-linux/headless_shell
    ╔═════════════════════════════════════════════════════════════════════════╗
    ║ Looks like Playwright Test or Playwright was just installed or updated. ║
    ║ Please run the following command to download new browsers:              ║
    ║                                                                         ║
    ║     npx playwright install                                              ║
    ║                                                                         ║
    ║ <3 Playwright Team                                                      ║
    ╚═════════════════════════════════════════════════════════════════════════╝

    TypeError: Cannot read properties of undefined (reading 'addInitScript')

      395 |   test.describe('Explainable AI Interface', () => {
      396 |     test.beforeEach(async () => {
    > 397 |       await page.addInitScript(() => {
          |                  ^
      398 |         localStorage.setItem('auth_token', 'mock_token');
      399 |       });
      400 |       await page.goto('http://localhost:3000/ai-insights');
        at /home/junk/RustroverProjects/defi-risk-monitor/frontend/tests/e2e/comprehensive_e2e_tests.spec.ts:397:18

    TypeError: Cannot read properties of undefined (reading 'evaluate')

      611 |   test.afterEach(async () => {
      612 |     // Clean up any test data or state
    > 613 |     await page.evaluate(() => {
          |                ^
      614 |       localStorage.clear();
      615 |       sessionStorage.clear();
      616 |     });
        at /home/junk/RustroverProjects/defi-risk-monitor/frontend/tests/e2e/comprehensive_e2e_tests.spec.ts:613:16
]]>
</failure>
</testcase>
<testcase name="DeFi Risk Monitor E2E Tests › Explainable AI Interface › should display risk predictions" classname="comprehensive_e2e_tests.spec.ts" time="0.003">
<failure message="comprehensive_e2e_tests.spec.ts:429:9 should display risk predictions" type="FAILURE">
<![CDATA[  [chromium] › comprehensive_e2e_tests.spec.ts:429:9 › DeFi Risk Monitor E2E Tests › Explainable AI Interface › should display risk predictions 

    Error: browserType.launch: Executable doesn't exist at /home/junk/.cache/ms-playwright/chromium_headless_shell-1181/chrome-linux/headless_shell
    ╔═════════════════════════════════════════════════════════════════════════╗
    ║ Looks like Playwright Test or Playwright was just installed or updated. ║
    ║ Please run the following command to download new browsers:              ║
    ║                                                                         ║
    ║     npx playwright install                                              ║
    ║                                                                         ║
    ║ <3 Playwright Team                                                      ║
    ╚═════════════════════════════════════════════════════════════════════════╝

    TypeError: Cannot read properties of undefined (reading 'addInitScript')

      395 |   test.describe('Explainable AI Interface', () => {
      396 |     test.beforeEach(async () => {
    > 397 |       await page.addInitScript(() => {
          |                  ^
      398 |         localStorage.setItem('auth_token', 'mock_token');
      399 |       });
      400 |       await page.goto('http://localhost:3000/ai-insights');
        at /home/junk/RustroverProjects/defi-risk-monitor/frontend/tests/e2e/comprehensive_e2e_tests.spec.ts:397:18

    TypeError: Cannot read properties of undefined (reading 'evaluate')

      611 |   test.afterEach(async () => {
      612 |     // Clean up any test data or state
    > 613 |     await page.evaluate(() => {
          |                ^
      614 |       localStorage.clear();
      615 |       sessionStorage.clear();
      616 |     });
        at /home/junk/RustroverProjects/defi-risk-monitor/frontend/tests/e2e/comprehensive_e2e_tests.spec.ts:613:16
]]>
</failure>
</testcase>
<testcase name="DeFi Risk Monitor E2E Tests › Responsive Design and Mobile › should work on mobile viewport" classname="comprehensive_e2e_tests.spec.ts" time="0.003">
<failure message="comprehensive_e2e_tests.spec.ts:452:9 should work on mobile viewport" type="FAILURE">
<![CDATA[  [chromium] › comprehensive_e2e_tests.spec.ts:452:9 › DeFi Risk Monitor E2E Tests › Responsive Design and Mobile › should work on mobile viewport 

    Error: browserType.launch: Executable doesn't exist at /home/junk/.cache/ms-playwright/chromium_headless_shell-1181/chrome-linux/headless_shell
    ╔═════════════════════════════════════════════════════════════════════════╗
    ║ Looks like Playwright Test or Playwright was just installed or updated. ║
    ║ Please run the following command to download new browsers:              ║
    ║                                                                         ║
    ║     npx playwright install                                              ║
    ║                                                                         ║
    ║ <3 Playwright Team                                                      ║
    ╚═════════════════════════════════════════════════════════════════════════╝

    TypeError: Cannot read properties of undefined (reading 'evaluate')

      611 |   test.afterEach(async () => {
      612 |     // Clean up any test data or state
    > 613 |     await page.evaluate(() => {
          |                ^
      614 |       localStorage.clear();
      615 |       sessionStorage.clear();
      616 |     });
        at /home/junk/RustroverProjects/defi-risk-monitor/frontend/tests/e2e/comprehensive_e2e_tests.spec.ts:613:16
]]>
</failure>
</testcase>
<testcase name="DeFi Risk Monitor E2E Tests › Responsive Design and Mobile › should work on tablet viewport" classname="comprehensive_e2e_tests.spec.ts" time="0.003">
<failure message="comprehensive_e2e_tests.spec.ts:475:9 should work on tablet viewport" type="FAILURE">
<![CDATA[  [chromium] › comprehensive_e2e_tests.spec.ts:475:9 › DeFi Risk Monitor E2E Tests › Responsive Design and Mobile › should work on tablet viewport 

    Error: browserType.launch: Executable doesn't exist at /home/junk/.cache/ms-playwright/chromium_headless_shell-1181/chrome-linux/headless_shell
    ╔═════════════════════════════════════════════════════════════════════════╗
    ║ Looks like Playwright Test or Playwright was just installed or updated. ║
    ║ Please run the following command to download new browsers:              ║
    ║                                                                         ║
    ║     npx playwright install                                              ║
    ║                                                                         ║
    ║ <3 Playwright Team                                                      ║
    ╚═════════════════════════════════════════════════════════════════════════╝

    TypeError: Cannot read properties of undefined (reading 'evaluate')

      611 |   test.afterEach(async () => {
      612 |     // Clean up any test data or state
    > 613 |     await page.evaluate(() => {
          |                ^
      614 |       localStorage.clear();
      615 |       sessionStorage.clear();
      616 |     });
        at /home/junk/RustroverProjects/defi-risk-monitor/frontend/tests/e2e/comprehensive_e2e_tests.spec.ts:613:16
]]>
</failure>
</testcase>
<testcase name="DeFi Risk Monitor E2E Tests › Performance and Loading › should load dashboard within performance budget" classname="comprehensive_e2e_tests.spec.ts" time="0.003">
<failure message="comprehensive_e2e_tests.spec.ts:496:9 should load dashboard within performance budget" type="FAILURE">
<![CDATA[  [chromium] › comprehensive_e2e_tests.spec.ts:496:9 › DeFi Risk Monitor E2E Tests › Performance and Loading › should load dashboard within performance budget 

    Error: browserType.launch: Executable doesn't exist at /home/junk/.cache/ms-playwright/chromium_headless_shell-1181/chrome-linux/headless_shell
    ╔═════════════════════════════════════════════════════════════════════════╗
    ║ Looks like Playwright Test or Playwright was just installed or updated. ║
    ║ Please run the following command to download new browsers:              ║
    ║                                                                         ║
    ║     npx playwright install                                              ║
    ║                                                                         ║
    ║ <3 Playwright Team                                                      ║
    ╚═════════════════════════════════════════════════════════════════════════╝

    TypeError: Cannot read properties of undefined (reading 'evaluate')

      611 |   test.afterEach(async () => {
      612 |     // Clean up any test data or state
    > 613 |     await page.evaluate(() => {
          |                ^
      614 |       localStorage.clear();
      615 |       sessionStorage.clear();
      616 |     });
        at /home/junk/RustroverProjects/defi-risk-monitor/frontend/tests/e2e/comprehensive_e2e_tests.spec.ts:613:16
]]>
</failure>
</testcase>
<testcase name="DeFi Risk Monitor E2E Tests › Performance and Loading › should handle large datasets efficiently" classname="comprehensive_e2e_tests.spec.ts" time="0.002">
<failure message="comprehensive_e2e_tests.spec.ts:513:9 should handle large datasets efficiently" type="FAILURE">
<![CDATA[  [chromium] › comprehensive_e2e_tests.spec.ts:513:9 › DeFi Risk Monitor E2E Tests › Performance and Loading › should handle large datasets efficiently 

    Error: browserType.launch: Executable doesn't exist at /home/junk/.cache/ms-playwright/chromium_headless_shell-1181/chrome-linux/headless_shell
    ╔═════════════════════════════════════════════════════════════════════════╗
    ║ Looks like Playwright Test or Playwright was just installed or updated. ║
    ║ Please run the following command to download new browsers:              ║
    ║                                                                         ║
    ║     npx playwright install                                              ║
    ║                                                                         ║
    ║ <3 Playwright Team                                                      ║
    ╚═════════════════════════════════════════════════════════════════════════╝

    TypeError: Cannot read properties of undefined (reading 'evaluate')

      611 |   test.afterEach(async () => {
      612 |     // Clean up any test data or state
    > 613 |     await page.evaluate(() => {
          |                ^
      614 |       localStorage.clear();
      615 |       sessionStorage.clear();
      616 |     });
        at /home/junk/RustroverProjects/defi-risk-monitor/frontend/tests/e2e/comprehensive_e2e_tests.spec.ts:613:16
]]>
</failure>
</testcase>
<testcase name="DeFi Risk Monitor E2E Tests › Error Handling and Edge Cases › should handle network errors gracefully" classname="comprehensive_e2e_tests.spec.ts" time="0.002">
<failure message="comprehensive_e2e_tests.spec.ts:547:9 should handle network errors gracefully" type="FAILURE">
<![CDATA[  [chromium] › comprehensive_e2e_tests.spec.ts:547:9 › DeFi Risk Monitor E2E Tests › Error Handling and Edge Cases › should handle network errors gracefully 

    Error: browserType.launch: Executable doesn't exist at /home/junk/.cache/ms-playwright/chromium_headless_shell-1181/chrome-linux/headless_shell
    ╔═════════════════════════════════════════════════════════════════════════╗
    ║ Looks like Playwright Test or Playwright was just installed or updated. ║
    ║ Please run the following command to download new browsers:              ║
    ║                                                                         ║
    ║     npx playwright install                                              ║
    ║                                                                         ║
    ║ <3 Playwright Team                                                      ║
    ╚═════════════════════════════════════════════════════════════════════════╝

    TypeError: Cannot read properties of undefined (reading 'evaluate')

      611 |   test.afterEach(async () => {
      612 |     // Clean up any test data or state
    > 613 |     await page.evaluate(() => {
          |                ^
      614 |       localStorage.clear();
      615 |       sessionStorage.clear();
      616 |     });
        at /home/junk/RustroverProjects/defi-risk-monitor/frontend/tests/e2e/comprehensive_e2e_tests.spec.ts:613:16
]]>
</failure>
</testcase>
<testcase name="DeFi Risk Monitor E2E Tests › Error Handling and Edge Cases › should handle invalid data gracefully" classname="comprehensive_e2e_tests.spec.ts" time="0.003">
<failure message="comprehensive_e2e_tests.spec.ts:569:9 should handle invalid data gracefully" type="FAILURE">
<![CDATA[  [chromium] › comprehensive_e2e_tests.spec.ts:569:9 › DeFi Risk Monitor E2E Tests › Error Handling and Edge Cases › should handle invalid data gracefully 

    Error: browserType.launch: Executable doesn't exist at /home/junk/.cache/ms-playwright/chromium_headless_shell-1181/chrome-linux/headless_shell
    ╔═════════════════════════════════════════════════════════════════════════╗
    ║ Looks like Playwright Test or Playwright was just installed or updated. ║
    ║ Please run the following command to download new browsers:              ║
    ║                                                                         ║
    ║     npx playwright install                                              ║
    ║                                                                         ║
    ║ <3 Playwright Team                                                      ║
    ╚═════════════════════════════════════════════════════════════════════════╝

    TypeError: Cannot read properties of undefined (reading 'evaluate')

      611 |   test.afterEach(async () => {
      612 |     // Clean up any test data or state
    > 613 |     await page.evaluate(() => {
          |                ^
      614 |       localStorage.clear();
      615 |       sessionStorage.clear();
      616 |     });
        at /home/junk/RustroverProjects/defi-risk-monitor/frontend/tests/e2e/comprehensive_e2e_tests.spec.ts:613:16
]]>
</failure>
</testcase>
<testcase name="DeFi Risk Monitor E2E Tests › Error Handling and Edge Cases › should handle session expiration" classname="comprehensive_e2e_tests.spec.ts" time="0.003">
<failure message="comprehensive_e2e_tests.spec.ts:589:9 should handle session expiration" type="FAILURE">
<![CDATA[  [chromium] › comprehensive_e2e_tests.spec.ts:589:9 › DeFi Risk Monitor E2E Tests › Error Handling and Edge Cases › should handle session expiration 

    Error: browserType.launch: Executable doesn't exist at /home/junk/.cache/ms-playwright/chromium_headless_shell-1181/chrome-linux/headless_shell
    ╔═════════════════════════════════════════════════════════════════════════╗
    ║ Looks like Playwright Test or Playwright was just installed or updated. ║
    ║ Please run the following command to download new browsers:              ║
    ║                                                                         ║
    ║     npx playwright install                                              ║
    ║                                                                         ║
    ║ <3 Playwright Team                                                      ║
    ╚═════════════════════════════════════════════════════════════════════════╝

    TypeError: Cannot read properties of undefined (reading 'evaluate')

      611 |   test.afterEach(async () => {
      612 |     // Clean up any test data or state
    > 613 |     await page.evaluate(() => {
          |                ^
      614 |       localStorage.clear();
      615 |       sessionStorage.clear();
      616 |     });
        at /home/junk/RustroverProjects/defi-risk-monitor/frontend/tests/e2e/comprehensive_e2e_tests.spec.ts:613:16
]]>
</failure>
</testcase>
</testsuite>
<testsuite name="comprehensive_e2e_tests.spec.ts" timestamp="2025-08-02T01:18:22.781Z" hostname="firefox" tests="23" failures="23" skipped="0" time="0.062" errors="0">
<testcase name="DeFi Risk Monitor E2E Tests › Authentication Flow › should complete full authentication workflow" classname="comprehensive_e2e_tests.spec.ts" time="0.003">
<failure message="comprehensive_e2e_tests.spec.ts:21:9 should complete full authentication workflow" type="FAILURE">
<![CDATA[  [firefox] › comprehensive_e2e_tests.spec.ts:21:9 › DeFi Risk Monitor E2E Tests › Authentication Flow › should complete full authentication workflow 

    Error: browserType.launch: Executable doesn't exist at /home/junk/.cache/ms-playwright/firefox-1489/firefox/firefox
    ╔═════════════════════════════════════════════════════════════════════════╗
    ║ Looks like Playwright Test or Playwright was just installed or updated. ║
    ║ Please run the following command to download new browsers:              ║
    ║                                                                         ║
    ║     npx playwright install                                              ║
    ║                                                                         ║
    ║ <3 Playwright Team                                                      ║
    ╚═════════════════════════════════════════════════════════════════════════╝

    TypeError: Cannot read properties of undefined (reading 'evaluate')

      611 |   test.afterEach(async () => {
      612 |     // Clean up any test data or state
    > 613 |     await page.evaluate(() => {
          |                ^
      614 |       localStorage.clear();
      615 |       sessionStorage.clear();
      616 |     });
        at /home/junk/RustroverProjects/defi-risk-monitor/frontend/tests/e2e/comprehensive_e2e_tests.spec.ts:613:16
]]>
</failure>
</testcase>
<testcase name="DeFi Risk Monitor E2E Tests › Authentication Flow › should handle wallet connection" classname="comprehensive_e2e_tests.spec.ts" time="0.002">
<failure message="comprehensive_e2e_tests.spec.ts:44:9 should handle wallet connection" type="FAILURE">
<![CDATA[  [firefox] › comprehensive_e2e_tests.spec.ts:44:9 › DeFi Risk Monitor E2E Tests › Authentication Flow › should handle wallet connection 

    Error: browserType.launch: Executable doesn't exist at /home/junk/.cache/ms-playwright/firefox-1489/firefox/firefox
    ╔═════════════════════════════════════════════════════════════════════════╗
    ║ Looks like Playwright Test or Playwright was just installed or updated. ║
    ║ Please run the following command to download new browsers:              ║
    ║                                                                         ║
    ║     npx playwright install                                              ║
    ║                                                                         ║
    ║ <3 Playwright Team                                                      ║
    ╚═════════════════════════════════════════════════════════════════════════╝

    TypeError: Cannot read properties of undefined (reading 'evaluate')

      611 |   test.afterEach(async () => {
      612 |     // Clean up any test data or state
    > 613 |     await page.evaluate(() => {
          |                ^
      614 |       localStorage.clear();
      615 |       sessionStorage.clear();
      616 |     });
        at /home/junk/RustroverProjects/defi-risk-monitor/frontend/tests/e2e/comprehensive_e2e_tests.spec.ts:613:16
]]>
</failure>
</testcase>
<testcase name="DeFi Risk Monitor E2E Tests › Risk Dashboard Functionality › should display risk dashboard with real-time updates" classname="comprehensive_e2e_tests.spec.ts" time="0.003">
<failure message="comprehensive_e2e_tests.spec.ts:81:9 should display risk dashboard with real-time updates" type="FAILURE">
<![CDATA[  [firefox] › comprehensive_e2e_tests.spec.ts:81:9 › DeFi Risk Monitor E2E Tests › Risk Dashboard Functionality › should display risk dashboard with real-time updates 

    Error: browserType.launch: Executable doesn't exist at /home/junk/.cache/ms-playwright/firefox-1489/firefox/firefox
    ╔═════════════════════════════════════════════════════════════════════════╗
    ║ Looks like Playwright Test or Playwright was just installed or updated. ║
    ║ Please run the following command to download new browsers:              ║
    ║                                                                         ║
    ║     npx playwright install                                              ║
    ║                                                                         ║
    ║ <3 Playwright Team                                                      ║
    ╚═════════════════════════════════════════════════════════════════════════╝

    TypeError: Cannot read properties of undefined (reading 'addInitScript')

      72 |     test.beforeEach(async () => {
      73 |       // Mock authentication
    > 74 |       await page.addInitScript(() => {
         |                  ^
      75 |         localStorage.setItem('auth_token', 'mock_token');
      76 |         localStorage.setItem('user_id', 'test-user-id');
      77 |       });
        at /home/junk/RustroverProjects/defi-risk-monitor/frontend/tests/e2e/comprehensive_e2e_tests.spec.ts:74:18

    TypeError: Cannot read properties of undefined (reading 'evaluate')

      611 |   test.afterEach(async () => {
      612 |     // Clean up any test data or state
    > 613 |     await page.evaluate(() => {
          |                ^
      614 |       localStorage.clear();
      615 |       sessionStorage.clear();
      616 |     });
        at /home/junk/RustroverProjects/defi-risk-monitor/frontend/tests/e2e/comprehensive_e2e_tests.spec.ts:613:16
]]>
</failure>
</testcase>
<testcase name="DeFi Risk Monitor E2E Tests › Risk Dashboard Functionality › should handle real-time risk updates" classname="comprehensive_e2e_tests.spec.ts" time="0.003">
<failure message="comprehensive_e2e_tests.spec.ts:100:9 should handle real-time risk updates" type="FAILURE">
<![CDATA[  [firefox] › comprehensive_e2e_tests.spec.ts:100:9 › DeFi Risk Monitor E2E Tests › Risk Dashboard Functionality › should handle real-time risk updates 

    Error: browserType.launch: Executable doesn't exist at /home/junk/.cache/ms-playwright/firefox-1489/firefox/firefox
    ╔═════════════════════════════════════════════════════════════════════════╗
    ║ Looks like Playwright Test or Playwright was just installed or updated. ║
    ║ Please run the following command to download new browsers:              ║
    ║                                                                         ║
    ║     npx playwright install                                              ║
    ║                                                                         ║
    ║ <3 Playwright Team                                                      ║
    ╚═════════════════════════════════════════════════════════════════════════╝

    TypeError: Cannot read properties of undefined (reading 'addInitScript')

      72 |     test.beforeEach(async () => {
      73 |       // Mock authentication
    > 74 |       await page.addInitScript(() => {
         |                  ^
      75 |         localStorage.setItem('auth_token', 'mock_token');
      76 |         localStorage.setItem('user_id', 'test-user-id');
      77 |       });
        at /home/junk/RustroverProjects/defi-risk-monitor/frontend/tests/e2e/comprehensive_e2e_tests.spec.ts:74:18

    TypeError: Cannot read properties of undefined (reading 'evaluate')

      611 |   test.afterEach(async () => {
      612 |     // Clean up any test data or state
    > 613 |     await page.evaluate(() => {
          |                ^
      614 |       localStorage.clear();
      615 |       sessionStorage.clear();
      616 |     });
        at /home/junk/RustroverProjects/defi-risk-monitor/frontend/tests/e2e/comprehensive_e2e_tests.spec.ts:613:16
]]>
</failure>
</testcase>
<testcase name="DeFi Risk Monitor E2E Tests › Risk Dashboard Functionality › should navigate between dashboard sections" classname="comprehensive_e2e_tests.spec.ts" time="0.003">
<failure message="comprehensive_e2e_tests.spec.ts:151:9 should navigate between dashboard sections" type="FAILURE">
<![CDATA[  [firefox] › comprehensive_e2e_tests.spec.ts:151:9 › DeFi Risk Monitor E2E Tests › Risk Dashboard Functionality › should navigate between dashboard sections 

    Error: browserType.launch: Executable doesn't exist at /home/junk/.cache/ms-playwright/firefox-1489/firefox/firefox
    ╔═════════════════════════════════════════════════════════════════════════╗
    ║ Looks like Playwright Test or Playwright was just installed or updated. ║
    ║ Please run the following command to download new browsers:              ║
    ║                                                                         ║
    ║     npx playwright install                                              ║
    ║                                                                         ║
    ║ <3 Playwright Team                                                      ║
    ╚═════════════════════════════════════════════════════════════════════════╝

    TypeError: Cannot read properties of undefined (reading 'addInitScript')

      72 |     test.beforeEach(async () => {
      73 |       // Mock authentication
    > 74 |       await page.addInitScript(() => {
         |                  ^
      75 |         localStorage.setItem('auth_token', 'mock_token');
      76 |         localStorage.setItem('user_id', 'test-user-id');
      77 |       });
        at /home/junk/RustroverProjects/defi-risk-monitor/frontend/tests/e2e/comprehensive_e2e_tests.spec.ts:74:18

    TypeError: Cannot read properties of undefined (reading 'evaluate')

      611 |   test.afterEach(async () => {
      612 |     // Clean up any test data or state
    > 613 |     await page.evaluate(() => {
          |                ^
      614 |       localStorage.clear();
      615 |       sessionStorage.clear();
      616 |     });
        at /home/junk/RustroverProjects/defi-risk-monitor/frontend/tests/e2e/comprehensive_e2e_tests.spec.ts:613:16
]]>
</failure>
</testcase>
<testcase name="DeFi Risk Monitor E2E Tests › Position Management › should create new position" classname="comprehensive_e2e_tests.spec.ts" time="0.003">
<failure message="comprehensive_e2e_tests.spec.ts:182:9 should create new position" type="FAILURE">
<![CDATA[  [firefox] › comprehensive_e2e_tests.spec.ts:182:9 › DeFi Risk Monitor E2E Tests › Position Management › should create new position 

    Error: browserType.launch: Executable doesn't exist at /home/junk/.cache/ms-playwright/firefox-1489/firefox/firefox
    ╔═════════════════════════════════════════════════════════════════════════╗
    ║ Looks like Playwright Test or Playwright was just installed or updated. ║
    ║ Please run the following command to download new browsers:              ║
    ║                                                                         ║
    ║     npx playwright install                                              ║
    ║                                                                         ║
    ║ <3 Playwright Team                                                      ║
    ╚═════════════════════════════════════════════════════════════════════════╝

    TypeError: Cannot read properties of undefined (reading 'addInitScript')

      174 |   test.describe('Position Management', () => {
      175 |     test.beforeEach(async () => {
    > 176 |       await page.addInitScript(() => {
          |                  ^
      177 |         localStorage.setItem('auth_token', 'mock_token');
      178 |       });
      179 |       await page.goto('http://localhost:3000/positions');
        at /home/junk/RustroverProjects/defi-risk-monitor/frontend/tests/e2e/comprehensive_e2e_tests.spec.ts:176:18

    TypeError: Cannot read properties of undefined (reading 'evaluate')

      611 |   test.afterEach(async () => {
      612 |     // Clean up any test data or state
    > 613 |     await page.evaluate(() => {
          |                ^
      614 |       localStorage.clear();
      615 |       sessionStorage.clear();
      616 |     });
        at /home/junk/RustroverProjects/defi-risk-monitor/frontend/tests/e2e/comprehensive_e2e_tests.spec.ts:613:16
]]>
</failure>
</testcase>
<testcase name="DeFi Risk Monitor E2E Tests › Position Management › should edit existing position" classname="comprehensive_e2e_tests.spec.ts" time="0.003">
<failure message="comprehensive_e2e_tests.spec.ts:211:9 should edit existing position" type="FAILURE">
<![CDATA[  [firefox] › comprehensive_e2e_tests.spec.ts:211:9 › DeFi Risk Monitor E2E Tests › Position Management › should edit existing position 

    Error: browserType.launch: Executable doesn't exist at /home/junk/.cache/ms-playwright/firefox-1489/firefox/firefox
    ╔═════════════════════════════════════════════════════════════════════════╗
    ║ Looks like Playwright Test or Playwright was just installed or updated. ║
    ║ Please run the following command to download new browsers:              ║
    ║                                                                         ║
    ║     npx playwright install                                              ║
    ║                                                                         ║
    ║ <3 Playwright Team                                                      ║
    ╚═════════════════════════════════════════════════════════════════════════╝

    TypeError: Cannot read properties of undefined (reading 'addInitScript')

      174 |   test.describe('Position Management', () => {
      175 |     test.beforeEach(async () => {
    > 176 |       await page.addInitScript(() => {
          |                  ^
      177 |         localStorage.setItem('auth_token', 'mock_token');
      178 |       });
      179 |       await page.goto('http://localhost:3000/positions');
        at /home/junk/RustroverProjects/defi-risk-monitor/frontend/tests/e2e/comprehensive_e2e_tests.spec.ts:176:18

    TypeError: Cannot read properties of undefined (reading 'evaluate')

      611 |   test.afterEach(async () => {
      612 |     // Clean up any test data or state
    > 613 |     await page.evaluate(() => {
          |                ^
      614 |       localStorage.clear();
      615 |       sessionStorage.clear();
      616 |     });
        at /home/junk/RustroverProjects/defi-risk-monitor/frontend/tests/e2e/comprehensive_e2e_tests.spec.ts:613:16
]]>
</failure>
</testcase>
<testcase name="DeFi Risk Monitor E2E Tests › Position Management › should delete position with confirmation" classname="comprehensive_e2e_tests.spec.ts" time="0.002">
<failure message="comprehensive_e2e_tests.spec.ts:228:9 should delete position with confirmation" type="FAILURE">
<![CDATA[  [firefox] › comprehensive_e2e_tests.spec.ts:228:9 › DeFi Risk Monitor E2E Tests › Position Management › should delete position with confirmation 

    Error: browserType.launch: Executable doesn't exist at /home/junk/.cache/ms-playwright/firefox-1489/firefox/firefox
    ╔═════════════════════════════════════════════════════════════════════════╗
    ║ Looks like Playwright Test or Playwright was just installed or updated. ║
    ║ Please run the following command to download new browsers:              ║
    ║                                                                         ║
    ║     npx playwright install                                              ║
    ║                                                                         ║
    ║ <3 Playwright Team                                                      ║
    ╚═════════════════════════════════════════════════════════════════════════╝

    TypeError: Cannot read properties of undefined (reading 'addInitScript')

      174 |   test.describe('Position Management', () => {
      175 |     test.beforeEach(async () => {
    > 176 |       await page.addInitScript(() => {
          |                  ^
      177 |         localStorage.setItem('auth_token', 'mock_token');
      178 |       });
      179 |       await page.goto('http://localhost:3000/positions');
        at /home/junk/RustroverProjects/defi-risk-monitor/frontend/tests/e2e/comprehensive_e2e_tests.spec.ts:176:18

    TypeError: Cannot read properties of undefined (reading 'evaluate')

      611 |   test.afterEach(async () => {
      612 |     // Clean up any test data or state
    > 613 |     await page.evaluate(() => {
          |                ^
      614 |       localStorage.clear();
      615 |       sessionStorage.clear();
      616 |     });
        at /home/junk/RustroverProjects/defi-risk-monitor/frontend/tests/e2e/comprehensive_e2e_tests.spec.ts:613:16
]]>
</failure>
</testcase>
<testcase name="DeFi Risk Monitor E2E Tests › Position Management › should filter and search positions" classname="comprehensive_e2e_tests.spec.ts" time="0.002">
<failure message="comprehensive_e2e_tests.spec.ts:245:9 should filter and search positions" type="FAILURE">
<![CDATA[  [firefox] › comprehensive_e2e_tests.spec.ts:245:9 › DeFi Risk Monitor E2E Tests › Position Management › should filter and search positions 

    Error: browserType.launch: Executable doesn't exist at /home/junk/.cache/ms-playwright/firefox-1489/firefox/firefox
    ╔═════════════════════════════════════════════════════════════════════════╗
    ║ Looks like Playwright Test or Playwright was just installed or updated. ║
    ║ Please run the following command to download new browsers:              ║
    ║                                                                         ║
    ║     npx playwright install                                              ║
    ║                                                                         ║
    ║ <3 Playwright Team                                                      ║
    ╚═════════════════════════════════════════════════════════════════════════╝

    TypeError: Cannot read properties of undefined (reading 'addInitScript')

      174 |   test.describe('Position Management', () => {
      175 |     test.beforeEach(async () => {
    > 176 |       await page.addInitScript(() => {
          |                  ^
      177 |         localStorage.setItem('auth_token', 'mock_token');
      178 |       });
      179 |       await page.goto('http://localhost:3000/positions');
        at /home/junk/RustroverProjects/defi-risk-monitor/frontend/tests/e2e/comprehensive_e2e_tests.spec.ts:176:18

    TypeError: Cannot read properties of undefined (reading 'evaluate')

      611 |   test.afterEach(async () => {
      612 |     // Clean up any test data or state
    > 613 |     await page.evaluate(() => {
          |                ^
      614 |       localStorage.clear();
      615 |       sessionStorage.clear();
      616 |     });
        at /home/junk/RustroverProjects/defi-risk-monitor/frontend/tests/e2e/comprehensive_e2e_tests.spec.ts:613:16
]]>
</failure>
</testcase>
<testcase name="DeFi Risk Monitor E2E Tests › Analytics and Charts › should display portfolio analytics charts" classname="comprehensive_e2e_tests.spec.ts" time="0.003">
<failure message="comprehensive_e2e_tests.spec.ts:278:9 should display portfolio analytics charts" type="FAILURE">
<![CDATA[  [firefox] › comprehensive_e2e_tests.spec.ts:278:9 › DeFi Risk Monitor E2E Tests › Analytics and Charts › should display portfolio analytics charts 

    Error: browserType.launch: Executable doesn't exist at /home/junk/.cache/ms-playwright/firefox-1489/firefox/firefox
    ╔═════════════════════════════════════════════════════════════════════════╗
    ║ Looks like Playwright Test or Playwright was just installed or updated. ║
    ║ Please run the following command to download new browsers:              ║
    ║                                                                         ║
    ║     npx playwright install                                              ║
    ║                                                                         ║
    ║ <3 Playwright Team                                                      ║
    ╚═════════════════════════════════════════════════════════════════════════╝

    TypeError: Cannot read properties of undefined (reading 'addInitScript')

      270 |   test.describe('Analytics and Charts', () => {
      271 |     test.beforeEach(async () => {
    > 272 |       await page.addInitScript(() => {
          |                  ^
      273 |         localStorage.setItem('auth_token', 'mock_token');
      274 |       });
      275 |       await page.goto('http://localhost:3000/analytics');
        at /home/junk/RustroverProjects/defi-risk-monitor/frontend/tests/e2e/comprehensive_e2e_tests.spec.ts:272:18

    TypeError: Cannot read properties of undefined (reading 'evaluate')

      611 |   test.afterEach(async () => {
      612 |     // Clean up any test data or state
    > 613 |     await page.evaluate(() => {
          |                ^
      614 |       localStorage.clear();
      615 |       sessionStorage.clear();
      616 |     });
        at /home/junk/RustroverProjects/defi-risk-monitor/frontend/tests/e2e/comprehensive_e2e_tests.spec.ts:613:16
]]>
</failure>
</testcase>
<testcase name="DeFi Risk Monitor E2E Tests › Analytics and Charts › should interact with risk factor breakdown" classname="comprehensive_e2e_tests.spec.ts" time="0.002">
<failure message="comprehensive_e2e_tests.spec.ts:299:9 should interact with risk factor breakdown" type="FAILURE">
<![CDATA[  [firefox] › comprehensive_e2e_tests.spec.ts:299:9 › DeFi Risk Monitor E2E Tests › Analytics and Charts › should interact with risk factor breakdown 

    Error: browserType.launch: Executable doesn't exist at /home/junk/.cache/ms-playwright/firefox-1489/firefox/firefox
    ╔═════════════════════════════════════════════════════════════════════════╗
    ║ Looks like Playwright Test or Playwright was just installed or updated. ║
    ║ Please run the following command to download new browsers:              ║
    ║                                                                         ║
    ║     npx playwright install                                              ║
    ║                                                                         ║
    ║ <3 Playwright Team                                                      ║
    ╚═════════════════════════════════════════════════════════════════════════╝

    TypeError: Cannot read properties of undefined (reading 'addInitScript')

      270 |   test.describe('Analytics and Charts', () => {
      271 |     test.beforeEach(async () => {
    > 272 |       await page.addInitScript(() => {
          |                  ^
      273 |         localStorage.setItem('auth_token', 'mock_token');
      274 |       });
      275 |       await page.goto('http://localhost:3000/analytics');
        at /home/junk/RustroverProjects/defi-risk-monitor/frontend/tests/e2e/comprehensive_e2e_tests.spec.ts:272:18

    TypeError: Cannot read properties of undefined (reading 'evaluate')

      611 |   test.afterEach(async () => {
      612 |     // Clean up any test data or state
    > 613 |     await page.evaluate(() => {
          |                ^
      614 |       localStorage.clear();
      615 |       sessionStorage.clear();
      616 |     });
        at /home/junk/RustroverProjects/defi-risk-monitor/frontend/tests/e2e/comprehensive_e2e_tests.spec.ts:613:16
]]>
</failure>
</testcase>
<testcase name="DeFi Risk Monitor E2E Tests › Analytics and Charts › should export analytics data" classname="comprehensive_e2e_tests.spec.ts" time="0.003">
<failure message="comprehensive_e2e_tests.spec.ts:321:9 should export analytics data" type="FAILURE">
<![CDATA[  [firefox] › comprehensive_e2e_tests.spec.ts:321:9 › DeFi Risk Monitor E2E Tests › Analytics and Charts › should export analytics data 

    Error: browserType.launch: Executable doesn't exist at /home/junk/.cache/ms-playwright/firefox-1489/firefox/firefox
    ╔═════════════════════════════════════════════════════════════════════════╗
    ║ Looks like Playwright Test or Playwright was just installed or updated. ║
    ║ Please run the following command to download new browsers:              ║
    ║                                                                         ║
    ║     npx playwright install                                              ║
    ║                                                                         ║
    ║ <3 Playwright Team                                                      ║
    ╚═════════════════════════════════════════════════════════════════════════╝

    TypeError: Cannot read properties of undefined (reading 'addInitScript')

      270 |   test.describe('Analytics and Charts', () => {
      271 |     test.beforeEach(async () => {
    > 272 |       await page.addInitScript(() => {
          |                  ^
      273 |         localStorage.setItem('auth_token', 'mock_token');
      274 |       });
      275 |       await page.goto('http://localhost:3000/analytics');
        at /home/junk/RustroverProjects/defi-risk-monitor/frontend/tests/e2e/comprehensive_e2e_tests.spec.ts:272:18

    TypeError: Cannot read properties of undefined (reading 'evaluate')

      611 |   test.afterEach(async () => {
      612 |     // Clean up any test data or state
    > 613 |     await page.evaluate(() => {
          |                ^
      614 |       localStorage.clear();
      615 |       sessionStorage.clear();
      616 |     });
        at /home/junk/RustroverProjects/defi-risk-monitor/frontend/tests/e2e/comprehensive_e2e_tests.spec.ts:613:16
]]>
</failure>
</testcase>
<testcase name="DeFi Risk Monitor E2E Tests › Alert Management › should create and manage alerts" classname="comprehensive_e2e_tests.spec.ts" time="0.003">
<failure message="comprehensive_e2e_tests.spec.ts:346:9 should create and manage alerts" type="FAILURE">
<![CDATA[  [firefox] › comprehensive_e2e_tests.spec.ts:346:9 › DeFi Risk Monitor E2E Tests › Alert Management › should create and manage alerts 

    Error: browserType.launch: Executable doesn't exist at /home/junk/.cache/ms-playwright/firefox-1489/firefox/firefox
    ╔═════════════════════════════════════════════════════════════════════════╗
    ║ Looks like Playwright Test or Playwright was just installed or updated. ║
    ║ Please run the following command to download new browsers:              ║
    ║                                                                         ║
    ║     npx playwright install                                              ║
    ║                                                                         ║
    ║ <3 Playwright Team                                                      ║
    ╚═════════════════════════════════════════════════════════════════════════╝

    TypeError: Cannot read properties of undefined (reading 'addInitScript')

      338 |   test.describe('Alert Management', () => {
      339 |     test.beforeEach(async () => {
    > 340 |       await page.addInitScript(() => {
          |                  ^
      341 |         localStorage.setItem('auth_token', 'mock_token');
      342 |       });
      343 |       await page.goto('http://localhost:3000/alerts');
        at /home/junk/RustroverProjects/defi-risk-monitor/frontend/tests/e2e/comprehensive_e2e_tests.spec.ts:340:18

    TypeError: Cannot read properties of undefined (reading 'evaluate')

      611 |   test.afterEach(async () => {
      612 |     // Clean up any test data or state
    > 613 |     await page.evaluate(() => {
          |                ^
      614 |       localStorage.clear();
      615 |       sessionStorage.clear();
      616 |     });
        at /home/junk/RustroverProjects/defi-risk-monitor/frontend/tests/e2e/comprehensive_e2e_tests.spec.ts:613:16
]]>
</failure>
</testcase>
<testcase name="DeFi Risk Monitor E2E Tests › Alert Management › should display alert history" classname="comprehensive_e2e_tests.spec.ts" time="0.003">
<failure message="comprehensive_e2e_tests.spec.ts:373:9 should display alert history" type="FAILURE">
<![CDATA[  [firefox] › comprehensive_e2e_tests.spec.ts:373:9 › DeFi Risk Monitor E2E Tests › Alert Management › should display alert history 

    Error: browserType.launch: Executable doesn't exist at /home/junk/.cache/ms-playwright/firefox-1489/firefox/firefox
    ╔═════════════════════════════════════════════════════════════════════════╗
    ║ Looks like Playwright Test or Playwright was just installed or updated. ║
    ║ Please run the following command to download new browsers:              ║
    ║                                                                         ║
    ║     npx playwright install                                              ║
    ║                                                                         ║
    ║ <3 Playwright Team                                                      ║
    ╚═════════════════════════════════════════════════════════════════════════╝

    TypeError: Cannot read properties of undefined (reading 'addInitScript')

      338 |   test.describe('Alert Management', () => {
      339 |     test.beforeEach(async () => {
    > 340 |       await page.addInitScript(() => {
          |                  ^
      341 |         localStorage.setItem('auth_token', 'mock_token');
      342 |       });
      343 |       await page.goto('http://localhost:3000/alerts');
        at /home/junk/RustroverProjects/defi-risk-monitor/frontend/tests/e2e/comprehensive_e2e_tests.spec.ts:340:18

    TypeError: Cannot read properties of undefined (reading 'evaluate')

      611 |   test.afterEach(async () => {
      612 |     // Clean up any test data or state
    > 613 |     await page.evaluate(() => {
          |                ^
      614 |       localStorage.clear();
      615 |       sessionStorage.clear();
      616 |     });
        at /home/junk/RustroverProjects/defi-risk-monitor/frontend/tests/e2e/comprehensive_e2e_tests.spec.ts:613:16
]]>
</failure>
</testcase>
<testcase name="DeFi Risk Monitor E2E Tests › Explainable AI Interface › should interact with AI chat interface" classname="comprehensive_e2e_tests.spec.ts" time="0.003">
<failure message="comprehensive_e2e_tests.spec.ts:403:9 should interact with AI chat interface" type="FAILURE">
<![CDATA[  [firefox] › comprehensive_e2e_tests.spec.ts:403:9 › DeFi Risk Monitor E2E Tests › Explainable AI Interface › should interact with AI chat interface 

    Error: browserType.launch: Executable doesn't exist at /home/junk/.cache/ms-playwright/firefox-1489/firefox/firefox
    ╔═════════════════════════════════════════════════════════════════════════╗
    ║ Looks like Playwright Test or Playwright was just installed or updated. ║
    ║ Please run the following command to download new browsers:              ║
    ║                                                                         ║
    ║     npx playwright install                                              ║
    ║                                                                         ║
    ║ <3 Playwright Team                                                      ║
    ╚═════════════════════════════════════════════════════════════════════════╝

    TypeError: Cannot read properties of undefined (reading 'addInitScript')

      395 |   test.describe('Explainable AI Interface', () => {
      396 |     test.beforeEach(async () => {
    > 397 |       await page.addInitScript(() => {
          |                  ^
      398 |         localStorage.setItem('auth_token', 'mock_token');
      399 |       });
      400 |       await page.goto('http://localhost:3000/ai-insights');
        at /home/junk/RustroverProjects/defi-risk-monitor/frontend/tests/e2e/comprehensive_e2e_tests.spec.ts:397:18

    TypeError: Cannot read properties of undefined (reading 'evaluate')

      611 |   test.afterEach(async () => {
      612 |     // Clean up any test data or state
    > 613 |     await page.evaluate(() => {
          |                ^
      614 |       localStorage.clear();
      615 |       sessionStorage.clear();
      616 |     });
        at /home/junk/RustroverProjects/defi-risk-monitor/frontend/tests/e2e/comprehensive_e2e_tests.spec.ts:613:16
]]>
</failure>
</testcase>
<testcase name="DeFi Risk Monitor E2E Tests › Explainable AI Interface › should display risk predictions" classname="comprehensive_e2e_tests.spec.ts" time="0.002">
<failure message="comprehensive_e2e_tests.spec.ts:429:9 should display risk predictions" type="FAILURE">
<![CDATA[  [firefox] › comprehensive_e2e_tests.spec.ts:429:9 › DeFi Risk Monitor E2E Tests › Explainable AI Interface › should display risk predictions 

    Error: browserType.launch: Executable doesn't exist at /home/junk/.cache/ms-playwright/firefox-1489/firefox/firefox
    ╔═════════════════════════════════════════════════════════════════════════╗
    ║ Looks like Playwright Test or Playwright was just installed or updated. ║
    ║ Please run the following command to download new browsers:              ║
    ║                                                                         ║
    ║     npx playwright install                                              ║
    ║                                                                         ║
    ║ <3 Playwright Team                                                      ║
    ╚═════════════════════════════════════════════════════════════════════════╝

    TypeError: Cannot read properties of undefined (reading 'addInitScript')

      395 |   test.describe('Explainable AI Interface', () => {
      396 |     test.beforeEach(async () => {
    > 397 |       await page.addInitScript(() => {
          |                  ^
      398 |         localStorage.setItem('auth_token', 'mock_token');
      399 |       });
      400 |       await page.goto('http://localhost:3000/ai-insights');
        at /home/junk/RustroverProjects/defi-risk-monitor/frontend/tests/e2e/comprehensive_e2e_tests.spec.ts:397:18

    TypeError: Cannot read properties of undefined (reading 'evaluate')

      611 |   test.afterEach(async () => {
      612 |     // Clean up any test data or state
    > 613 |     await page.evaluate(() => {
          |                ^
      614 |       localStorage.clear();
      615 |       sessionStorage.clear();
      616 |     });
        at /home/junk/RustroverProjects/defi-risk-monitor/frontend/tests/e2e/comprehensive_e2e_tests.spec.ts:613:16
]]>
</failure>
</testcase>
<testcase name="DeFi Risk Monitor E2E Tests › Responsive Design and Mobile › should work on mobile viewport" classname="comprehensive_e2e_tests.spec.ts" time="0.002">
<failure message="comprehensive_e2e_tests.spec.ts:452:9 should work on mobile viewport" type="FAILURE">
<![CDATA[  [firefox] › comprehensive_e2e_tests.spec.ts:452:9 › DeFi Risk Monitor E2E Tests › Responsive Design and Mobile › should work on mobile viewport 

    Error: browserType.launch: Executable doesn't exist at /home/junk/.cache/ms-playwright/firefox-1489/firefox/firefox
    ╔═════════════════════════════════════════════════════════════════════════╗
    ║ Looks like Playwright Test or Playwright was just installed or updated. ║
    ║ Please run the following command to download new browsers:              ║
    ║                                                                         ║
    ║     npx playwright install                                              ║
    ║                                                                         ║
    ║ <3 Playwright Team                                                      ║
    ╚═════════════════════════════════════════════════════════════════════════╝

    TypeError: Cannot read properties of undefined (reading 'evaluate')

      611 |   test.afterEach(async () => {
      612 |     // Clean up any test data or state
    > 613 |     await page.evaluate(() => {
          |                ^
      614 |       localStorage.clear();
      615 |       sessionStorage.clear();
      616 |     });
        at /home/junk/RustroverProjects/defi-risk-monitor/frontend/tests/e2e/comprehensive_e2e_tests.spec.ts:613:16
]]>
</failure>
</testcase>
<testcase name="DeFi Risk Monitor E2E Tests › Responsive Design and Mobile › should work on tablet viewport" classname="comprehensive_e2e_tests.spec.ts" time="0.003">
<failure message="comprehensive_e2e_tests.spec.ts:475:9 should work on tablet viewport" type="FAILURE">
<![CDATA[  [firefox] › comprehensive_e2e_tests.spec.ts:475:9 › DeFi Risk Monitor E2E Tests › Responsive Design and Mobile › should work on tablet viewport 

    Error: browserType.launch: Executable doesn't exist at /home/junk/.cache/ms-playwright/firefox-1489/firefox/firefox
    ╔═════════════════════════════════════════════════════════════════════════╗
    ║ Looks like Playwright Test or Playwright was just installed or updated. ║
    ║ Please run the following command to download new browsers:              ║
    ║                                                                         ║
    ║     npx playwright install                                              ║
    ║                                                                         ║
    ║ <3 Playwright Team                                                      ║
    ╚═════════════════════════════════════════════════════════════════════════╝

    TypeError: Cannot read properties of undefined (reading 'evaluate')

      611 |   test.afterEach(async () => {
      612 |     // Clean up any test data or state
    > 613 |     await page.evaluate(() => {
          |                ^
      614 |       localStorage.clear();
      615 |       sessionStorage.clear();
      616 |     });
        at /home/junk/RustroverProjects/defi-risk-monitor/frontend/tests/e2e/comprehensive_e2e_tests.spec.ts:613:16
]]>
</failure>
</testcase>
<testcase name="DeFi Risk Monitor E2E Tests › Performance and Loading › should load dashboard within performance budget" classname="comprehensive_e2e_tests.spec.ts" time="0.003">
<failure message="comprehensive_e2e_tests.spec.ts:496:9 should load dashboard within performance budget" type="FAILURE">
<![CDATA[  [firefox] › comprehensive_e2e_tests.spec.ts:496:9 › DeFi Risk Monitor E2E Tests › Performance and Loading › should load dashboard within performance budget 

    Error: browserType.launch: Executable doesn't exist at /home/junk/.cache/ms-playwright/firefox-1489/firefox/firefox
    ╔═════════════════════════════════════════════════════════════════════════╗
    ║ Looks like Playwright Test or Playwright was just installed or updated. ║
    ║ Please run the following command to download new browsers:              ║
    ║                                                                         ║
    ║     npx playwright install                                              ║
    ║                                                                         ║
    ║ <3 Playwright Team                                                      ║
    ╚═════════════════════════════════════════════════════════════════════════╝

    TypeError: Cannot read properties of undefined (reading 'evaluate')

      611 |   test.afterEach(async () => {
      612 |     // Clean up any test data or state
    > 613 |     await page.evaluate(() => {
          |                ^
      614 |       localStorage.clear();
      615 |       sessionStorage.clear();
      616 |     });
        at /home/junk/RustroverProjects/defi-risk-monitor/frontend/tests/e2e/comprehensive_e2e_tests.spec.ts:613:16
]]>
</failure>
</testcase>
<testcase name="DeFi Risk Monitor E2E Tests › Performance and Loading › should handle large datasets efficiently" classname="comprehensive_e2e_tests.spec.ts" time="0.003">
<failure message="comprehensive_e2e_tests.spec.ts:513:9 should handle large datasets efficiently" type="FAILURE">
<![CDATA[  [firefox] › comprehensive_e2e_tests.spec.ts:513:9 › DeFi Risk Monitor E2E Tests › Performance and Loading › should handle large datasets efficiently 

    Error: browserType.launch: Executable doesn't exist at /home/junk/.cache/ms-playwright/firefox-1489/firefox/firefox
    ╔═════════════════════════════════════════════════════════════════════════╗
    ║ Looks like Playwright Test or Playwright was just installed or updated. ║
    ║ Please run the following command to download new browsers:              ║
    ║                                                                         ║
    ║     npx playwright install                                              ║
    ║                                                                         ║
    ║ <3 Playwright Team                                                      ║
    ╚═════════════════════════════════════════════════════════════════════════╝

    TypeError: Cannot read properties of undefined (reading 'evaluate')

      611 |   test.afterEach(async () => {
      612 |     // Clean up any test data or state
    > 613 |     await page.evaluate(() => {
          |                ^
      614 |       localStorage.clear();
      615 |       sessionStorage.clear();
      616 |     });
        at /home/junk/RustroverProjects/defi-risk-monitor/frontend/tests/e2e/comprehensive_e2e_tests.spec.ts:613:16
]]>
</failure>
</testcase>
<testcase name="DeFi Risk Monitor E2E Tests › Error Handling and Edge Cases › should handle network errors gracefully" classname="comprehensive_e2e_tests.spec.ts" time="0.003">
<failure message="comprehensive_e2e_tests.spec.ts:547:9 should handle network errors gracefully" type="FAILURE">
<![CDATA[  [firefox] › comprehensive_e2e_tests.spec.ts:547:9 › DeFi Risk Monitor E2E Tests › Error Handling and Edge Cases › should handle network errors gracefully 

    Error: browserType.launch: Executable doesn't exist at /home/junk/.cache/ms-playwright/firefox-1489/firefox/firefox
    ╔═════════════════════════════════════════════════════════════════════════╗
    ║ Looks like Playwright Test or Playwright was just installed or updated. ║
    ║ Please run the following command to download new browsers:              ║
    ║                                                                         ║
    ║     npx playwright install                                              ║
    ║                                                                         ║
    ║ <3 Playwright Team                                                      ║
    ╚═════════════════════════════════════════════════════════════════════════╝

    TypeError: Cannot read properties of undefined (reading 'evaluate')

      611 |   test.afterEach(async () => {
      612 |     // Clean up any test data or state
    > 613 |     await page.evaluate(() => {
          |                ^
      614 |       localStorage.clear();
      615 |       sessionStorage.clear();
      616 |     });
        at /home/junk/RustroverProjects/defi-risk-monitor/frontend/tests/e2e/comprehensive_e2e_tests.spec.ts:613:16
]]>
</failure>
</testcase>
<testcase name="DeFi Risk Monitor E2E Tests › Error Handling and Edge Cases › should handle invalid data gracefully" classname="comprehensive_e2e_tests.spec.ts" time="0.003">
<failure message="comprehensive_e2e_tests.spec.ts:569:9 should handle invalid data gracefully" type="FAILURE">
<![CDATA[  [firefox] › comprehensive_e2e_tests.spec.ts:569:9 › DeFi Risk Monitor E2E Tests › Error Handling and Edge Cases › should handle invalid data gracefully 

    Error: browserType.launch: Executable doesn't exist at /home/junk/.cache/ms-playwright/firefox-1489/firefox/firefox
    ╔═════════════════════════════════════════════════════════════════════════╗
    ║ Looks like Playwright Test or Playwright was just installed or updated. ║
    ║ Please run the following command to download new browsers:              ║
    ║                                                                         ║
    ║     npx playwright install                                              ║
    ║                                                                         ║
    ║ <3 Playwright Team                                                      ║
    ╚═════════════════════════════════════════════════════════════════════════╝

    TypeError: Cannot read properties of undefined (reading 'evaluate')

      611 |   test.afterEach(async () => {
      612 |     // Clean up any test data or state
    > 613 |     await page.evaluate(() => {
          |                ^
      614 |       localStorage.clear();
      615 |       sessionStorage.clear();
      616 |     });
        at /home/junk/RustroverProjects/defi-risk-monitor/frontend/tests/e2e/comprehensive_e2e_tests.spec.ts:613:16
]]>
</failure>
</testcase>
<testcase name="DeFi Risk Monitor E2E Tests › Error Handling and Edge Cases › should handle session expiration" classname="comprehensive_e2e_tests.spec.ts" time="0.002">
<failure message="comprehensive_e2e_tests.spec.ts:589:9 should handle session expiration" type="FAILURE">
<![CDATA[  [firefox] › comprehensive_e2e_tests.spec.ts:589:9 › DeFi Risk Monitor E2E Tests › Error Handling and Edge Cases › should handle session expiration 

    Error: browserType.launch: Executable doesn't exist at /home/junk/.cache/ms-playwright/firefox-1489/firefox/firefox
    ╔═════════════════════════════════════════════════════════════════════════╗
    ║ Looks like Playwright Test or Playwright was just installed or updated. ║
    ║ Please run the following command to download new browsers:              ║
    ║                                                                         ║
    ║     npx playwright install                                              ║
    ║                                                                         ║
    ║ <3 Playwright Team                                                      ║
    ╚═════════════════════════════════════════════════════════════════════════╝

    TypeError: Cannot read properties of undefined (reading 'evaluate')

      611 |   test.afterEach(async () => {
      612 |     // Clean up any test data or state
    > 613 |     await page.evaluate(() => {
          |                ^
      614 |       localStorage.clear();
      615 |       sessionStorage.clear();
      616 |     });
        at /home/junk/RustroverProjects/defi-risk-monitor/frontend/tests/e2e/comprehensive_e2e_tests.spec.ts:613:16
]]>
</failure>
</testcase>
</testsuite>
<testsuite name="comprehensive_e2e_tests.spec.ts" timestamp="2025-08-02T01:18:22.781Z" hostname="webkit" tests="23" failures="23" skipped="0" time="0.065" errors="0">
<testcase name="DeFi Risk Monitor E2E Tests › Authentication Flow › should complete full authentication workflow" classname="comprehensive_e2e_tests.spec.ts" time="0.002">
<failure message="comprehensive_e2e_tests.spec.ts:21:9 should complete full authentication workflow" type="FAILURE">
<![CDATA[  [webkit] › comprehensive_e2e_tests.spec.ts:21:9 › DeFi Risk Monitor E2E Tests › Authentication Flow › should complete full authentication workflow 

    Error: browserType.launch: Executable doesn't exist at /home/junk/.cache/ms-playwright/webkit_ubuntu20.04_x64_special-2092/pw_run.sh
    ╔═════════════════════════════════════════════════════════════════════════╗
    ║ Looks like Playwright Test or Playwright was just installed or updated. ║
    ║ Please run the following command to download new browsers:              ║
    ║                                                                         ║
    ║     npx playwright install                                              ║
    ║                                                                         ║
    ║ <3 Playwright Team                                                      ║
    ╚═════════════════════════════════════════════════════════════════════════╝

    TypeError: Cannot read properties of undefined (reading 'evaluate')

      611 |   test.afterEach(async () => {
      612 |     // Clean up any test data or state
    > 613 |     await page.evaluate(() => {
          |                ^
      614 |       localStorage.clear();
      615 |       sessionStorage.clear();
      616 |     });
        at /home/junk/RustroverProjects/defi-risk-monitor/frontend/tests/e2e/comprehensive_e2e_tests.spec.ts:613:16
]]>
</failure>
</testcase>
<testcase name="DeFi Risk Monitor E2E Tests › Authentication Flow › should handle wallet connection" classname="comprehensive_e2e_tests.spec.ts" time="0.003">
<failure message="comprehensive_e2e_tests.spec.ts:44:9 should handle wallet connection" type="FAILURE">
<![CDATA[  [webkit] › comprehensive_e2e_tests.spec.ts:44:9 › DeFi Risk Monitor E2E Tests › Authentication Flow › should handle wallet connection 

    Error: browserType.launch: Executable doesn't exist at /home/junk/.cache/ms-playwright/webkit_ubuntu20.04_x64_special-2092/pw_run.sh
    ╔═════════════════════════════════════════════════════════════════════════╗
    ║ Looks like Playwright Test or Playwright was just installed or updated. ║
    ║ Please run the following command to download new browsers:              ║
    ║                                                                         ║
    ║     npx playwright install                                              ║
    ║                                                                         ║
    ║ <3 Playwright Team                                                      ║
    ╚═════════════════════════════════════════════════════════════════════════╝

    TypeError: Cannot read properties of undefined (reading 'evaluate')

      611 |   test.afterEach(async () => {
      612 |     // Clean up any test data or state
    > 613 |     await page.evaluate(() => {
          |                ^
      614 |       localStorage.clear();
      615 |       sessionStorage.clear();
      616 |     });
        at /home/junk/RustroverProjects/defi-risk-monitor/frontend/tests/e2e/comprehensive_e2e_tests.spec.ts:613:16
]]>
</failure>
</testcase>
<testcase name="DeFi Risk Monitor E2E Tests › Risk Dashboard Functionality › should display risk dashboard with real-time updates" classname="comprehensive_e2e_tests.spec.ts" time="0.003">
<failure message="comprehensive_e2e_tests.spec.ts:81:9 should display risk dashboard with real-time updates" type="FAILURE">
<![CDATA[  [webkit] › comprehensive_e2e_tests.spec.ts:81:9 › DeFi Risk Monitor E2E Tests › Risk Dashboard Functionality › should display risk dashboard with real-time updates 

    Error: browserType.launch: Executable doesn't exist at /home/junk/.cache/ms-playwright/webkit_ubuntu20.04_x64_special-2092/pw_run.sh
    ╔═════════════════════════════════════════════════════════════════════════╗
    ║ Looks like Playwright Test or Playwright was just installed or updated. ║
    ║ Please run the following command to download new browsers:              ║
    ║                                                                         ║
    ║     npx playwright install                                              ║
    ║                                                                         ║
    ║ <3 Playwright Team                                                      ║
    ╚═════════════════════════════════════════════════════════════════════════╝

    TypeError: Cannot read properties of undefined (reading 'addInitScript')

      72 |     test.beforeEach(async () => {
      73 |       // Mock authentication
    > 74 |       await page.addInitScript(() => {
         |                  ^
      75 |         localStorage.setItem('auth_token', 'mock_token');
      76 |         localStorage.setItem('user_id', 'test-user-id');
      77 |       });
        at /home/junk/RustroverProjects/defi-risk-monitor/frontend/tests/e2e/comprehensive_e2e_tests.spec.ts:74:18

    TypeError: Cannot read properties of undefined (reading 'evaluate')

      611 |   test.afterEach(async () => {
      612 |     // Clean up any test data or state
    > 613 |     await page.evaluate(() => {
          |                ^
      614 |       localStorage.clear();
      615 |       sessionStorage.clear();
      616 |     });
        at /home/junk/RustroverProjects/defi-risk-monitor/frontend/tests/e2e/comprehensive_e2e_tests.spec.ts:613:16
]]>
</failure>
</testcase>
<testcase name="DeFi Risk Monitor E2E Tests › Risk Dashboard Functionality › should handle real-time risk updates" classname="comprehensive_e2e_tests.spec.ts" time="0.003">
<failure message="comprehensive_e2e_tests.spec.ts:100:9 should handle real-time risk updates" type="FAILURE">
<![CDATA[  [webkit] › comprehensive_e2e_tests.spec.ts:100:9 › DeFi Risk Monitor E2E Tests › Risk Dashboard Functionality › should handle real-time risk updates 

    Error: browserType.launch: Executable doesn't exist at /home/junk/.cache/ms-playwright/webkit_ubuntu20.04_x64_special-2092/pw_run.sh
    ╔═════════════════════════════════════════════════════════════════════════╗
    ║ Looks like Playwright Test or Playwright was just installed or updated. ║
    ║ Please run the following command to download new browsers:              ║
    ║                                                                         ║
    ║     npx playwright install                                              ║
    ║                                                                         ║
    ║ <3 Playwright Team                                                      ║
    ╚═════════════════════════════════════════════════════════════════════════╝

    TypeError: Cannot read properties of undefined (reading 'addInitScript')

      72 |     test.beforeEach(async () => {
      73 |       // Mock authentication
    > 74 |       await page.addInitScript(() => {
         |                  ^
      75 |         localStorage.setItem('auth_token', 'mock_token');
      76 |         localStorage.setItem('user_id', 'test-user-id');
      77 |       });
        at /home/junk/RustroverProjects/defi-risk-monitor/frontend/tests/e2e/comprehensive_e2e_tests.spec.ts:74:18

    TypeError: Cannot read properties of undefined (reading 'evaluate')

      611 |   test.afterEach(async () => {
      612 |     // Clean up any test data or state
    > 613 |     await page.evaluate(() => {
          |                ^
      614 |       localStorage.clear();
      615 |       sessionStorage.clear();
      616 |     });
        at /home/junk/RustroverProjects/defi-risk-monitor/frontend/tests/e2e/comprehensive_e2e_tests.spec.ts:613:16
]]>
</failure>
</testcase>
<testcase name="DeFi Risk Monitor E2E Tests › Risk Dashboard Functionality › should navigate between dashboard sections" classname="comprehensive_e2e_tests.spec.ts" time="0.004">
<failure message="comprehensive_e2e_tests.spec.ts:151:9 should navigate between dashboard sections" type="FAILURE">
<![CDATA[  [webkit] › comprehensive_e2e_tests.spec.ts:151:9 › DeFi Risk Monitor E2E Tests › Risk Dashboard Functionality › should navigate between dashboard sections 

    Error: browserType.launch: Executable doesn't exist at /home/junk/.cache/ms-playwright/webkit_ubuntu20.04_x64_special-2092/pw_run.sh
    ╔═════════════════════════════════════════════════════════════════════════╗
    ║ Looks like Playwright Test or Playwright was just installed or updated. ║
    ║ Please run the following command to download new browsers:              ║
    ║                                                                         ║
    ║     npx playwright install                                              ║
    ║                                                                         ║
    ║ <3 Playwright Team                                                      ║
    ╚═════════════════════════════════════════════════════════════════════════╝

    TypeError: Cannot read properties of undefined (reading 'addInitScript')

      72 |     test.beforeEach(async () => {
      73 |       // Mock authentication
    > 74 |       await page.addInitScript(() => {
         |                  ^
      75 |         localStorage.setItem('auth_token', 'mock_token');
      76 |         localStorage.setItem('user_id', 'test-user-id');
      77 |       });
        at /home/junk/RustroverProjects/defi-risk-monitor/frontend/tests/e2e/comprehensive_e2e_tests.spec.ts:74:18

    TypeError: Cannot read properties of undefined (reading 'evaluate')

      611 |   test.afterEach(async () => {
      612 |     // Clean up any test data or state
    > 613 |     await page.evaluate(() => {
          |                ^
      614 |       localStorage.clear();
      615 |       sessionStorage.clear();
      616 |     });
        at /home/junk/RustroverProjects/defi-risk-monitor/frontend/tests/e2e/comprehensive_e2e_tests.spec.ts:613:16
]]>
</failure>
</testcase>
<testcase name="DeFi Risk Monitor E2E Tests › Position Management › should create new position" classname="comprehensive_e2e_tests.spec.ts" time="0.003">
<failure message="comprehensive_e2e_tests.spec.ts:182:9 should create new position" type="FAILURE">
<![CDATA[  [webkit] › comprehensive_e2e_tests.spec.ts:182:9 › DeFi Risk Monitor E2E Tests › Position Management › should create new position 

    Error: browserType.launch: Executable doesn't exist at /home/junk/.cache/ms-playwright/webkit_ubuntu20.04_x64_special-2092/pw_run.sh
    ╔═════════════════════════════════════════════════════════════════════════╗
    ║ Looks like Playwright Test or Playwright was just installed or updated. ║
    ║ Please run the following command to download new browsers:              ║
    ║                                                                         ║
    ║     npx playwright install                                              ║
    ║                                                                         ║
    ║ <3 Playwright Team                                                      ║
    ╚═════════════════════════════════════════════════════════════════════════╝

    TypeError: Cannot read properties of undefined (reading 'addInitScript')

      174 |   test.describe('Position Management', () => {
      175 |     test.beforeEach(async () => {
    > 176 |       await page.addInitScript(() => {
          |                  ^
      177 |         localStorage.setItem('auth_token', 'mock_token');
      178 |       });
      179 |       await page.goto('http://localhost:3000/positions');
        at /home/junk/RustroverProjects/defi-risk-monitor/frontend/tests/e2e/comprehensive_e2e_tests.spec.ts:176:18

    TypeError: Cannot read properties of undefined (reading 'evaluate')

      611 |   test.afterEach(async () => {
      612 |     // Clean up any test data or state
    > 613 |     await page.evaluate(() => {
          |                ^
      614 |       localStorage.clear();
      615 |       sessionStorage.clear();
      616 |     });
        at /home/junk/RustroverProjects/defi-risk-monitor/frontend/tests/e2e/comprehensive_e2e_tests.spec.ts:613:16
]]>
</failure>
</testcase>
<testcase name="DeFi Risk Monitor E2E Tests › Position Management › should edit existing position" classname="comprehensive_e2e_tests.spec.ts" time="0.003">
<failure message="comprehensive_e2e_tests.spec.ts:211:9 should edit existing position" type="FAILURE">
<![CDATA[  [webkit] › comprehensive_e2e_tests.spec.ts:211:9 › DeFi Risk Monitor E2E Tests › Position Management › should edit existing position 

    Error: browserType.launch: Executable doesn't exist at /home/junk/.cache/ms-playwright/webkit_ubuntu20.04_x64_special-2092/pw_run.sh
    ╔═════════════════════════════════════════════════════════════════════════╗
    ║ Looks like Playwright Test or Playwright was just installed or updated. ║
    ║ Please run the following command to download new browsers:              ║
    ║                                                                         ║
    ║     npx playwright install                                              ║
    ║                                                                         ║
    ║ <3 Playwright Team                                                      ║
    ╚═════════════════════════════════════════════════════════════════════════╝

    TypeError: Cannot read properties of undefined (reading 'addInitScript')

      174 |   test.describe('Position Management', () => {
      175 |     test.beforeEach(async () => {
    > 176 |       await page.addInitScript(() => {
          |                  ^
      177 |         localStorage.setItem('auth_token', 'mock_token');
      178 |       });
      179 |       await page.goto('http://localhost:3000/positions');
        at /home/junk/RustroverProjects/defi-risk-monitor/frontend/tests/e2e/comprehensive_e2e_tests.spec.ts:176:18

    TypeError: Cannot read properties of undefined (reading 'evaluate')

      611 |   test.afterEach(async () => {
      612 |     // Clean up any test data or state
    > 613 |     await page.evaluate(() => {
          |                ^
      614 |       localStorage.clear();
      615 |       sessionStorage.clear();
      616 |     });
        at /home/junk/RustroverProjects/defi-risk-monitor/frontend/tests/e2e/comprehensive_e2e_tests.spec.ts:613:16
]]>
</failure>
</testcase>
<testcase name="DeFi Risk Monitor E2E Tests › Position Management › should delete position with confirmation" classname="comprehensive_e2e_tests.spec.ts" time="0.004">
<failure message="comprehensive_e2e_tests.spec.ts:228:9 should delete position with confirmation" type="FAILURE">
<![CDATA[  [webkit] › comprehensive_e2e_tests.spec.ts:228:9 › DeFi Risk Monitor E2E Tests › Position Management › should delete position with confirmation 

    Error: browserType.launch: Executable doesn't exist at /home/junk/.cache/ms-playwright/webkit_ubuntu20.04_x64_special-2092/pw_run.sh
    ╔═════════════════════════════════════════════════════════════════════════╗
    ║ Looks like Playwright Test or Playwright was just installed or updated. ║
    ║ Please run the following command to download new browsers:              ║
    ║                                                                         ║
    ║     npx playwright install                                              ║
    ║                                                                         ║
    ║ <3 Playwright Team                                                      ║
    ╚═════════════════════════════════════════════════════════════════════════╝

    TypeError: Cannot read properties of undefined (reading 'addInitScript')

      174 |   test.describe('Position Management', () => {
      175 |     test.beforeEach(async () => {
    > 176 |       await page.addInitScript(() => {
          |                  ^
      177 |         localStorage.setItem('auth_token', 'mock_token');
      178 |       });
      179 |       await page.goto('http://localhost:3000/positions');
        at /home/junk/RustroverProjects/defi-risk-monitor/frontend/tests/e2e/comprehensive_e2e_tests.spec.ts:176:18

    TypeError: Cannot read properties of undefined (reading 'evaluate')

      611 |   test.afterEach(async () => {
      612 |     // Clean up any test data or state
    > 613 |     await page.evaluate(() => {
          |                ^
      614 |       localStorage.clear();
      615 |       sessionStorage.clear();
      616 |     });
        at /home/junk/RustroverProjects/defi-risk-monitor/frontend/tests/e2e/comprehensive_e2e_tests.spec.ts:613:16
]]>
</failure>
</testcase>
<testcase name="DeFi Risk Monitor E2E Tests › Position Management › should filter and search positions" classname="comprehensive_e2e_tests.spec.ts" time="0.003">
<failure message="comprehensive_e2e_tests.spec.ts:245:9 should filter and search positions" type="FAILURE">
<![CDATA[  [webkit] › comprehensive_e2e_tests.spec.ts:245:9 › DeFi Risk Monitor E2E Tests › Position Management › should filter and search positions 

    Error: browserType.launch: Executable doesn't exist at /home/junk/.cache/ms-playwright/webkit_ubuntu20.04_x64_special-2092/pw_run.sh
    ╔═════════════════════════════════════════════════════════════════════════╗
    ║ Looks like Playwright Test or Playwright was just installed or updated. ║
    ║ Please run the following command to download new browsers:              ║
    ║                                                                         ║
    ║     npx playwright install                                              ║
    ║                                                                         ║
    ║ <3 Playwright Team                                                      ║
    ╚═════════════════════════════════════════════════════════════════════════╝

    TypeError: Cannot read properties of undefined (reading 'addInitScript')

      174 |   test.describe('Position Management', () => {
      175 |     test.beforeEach(async () => {
    > 176 |       await page.addInitScript(() => {
          |                  ^
      177 |         localStorage.setItem('auth_token', 'mock_token');
      178 |       });
      179 |       await page.goto('http://localhost:3000/positions');
        at /home/junk/RustroverProjects/defi-risk-monitor/frontend/tests/e2e/comprehensive_e2e_tests.spec.ts:176:18

    TypeError: Cannot read properties of undefined (reading 'evaluate')

      611 |   test.afterEach(async () => {
      612 |     // Clean up any test data or state
    > 613 |     await page.evaluate(() => {
          |                ^
      614 |       localStorage.clear();
      615 |       sessionStorage.clear();
      616 |     });
        at /home/junk/RustroverProjects/defi-risk-monitor/frontend/tests/e2e/comprehensive_e2e_tests.spec.ts:613:16
]]>
</failure>
</testcase>
<testcase name="DeFi Risk Monitor E2E Tests › Analytics and Charts › should display portfolio analytics charts" classname="comprehensive_e2e_tests.spec.ts" time="0.003">
<failure message="comprehensive_e2e_tests.spec.ts:278:9 should display portfolio analytics charts" type="FAILURE">
<![CDATA[  [webkit] › comprehensive_e2e_tests.spec.ts:278:9 › DeFi Risk Monitor E2E Tests › Analytics and Charts › should display portfolio analytics charts 

    Error: browserType.launch: Executable doesn't exist at /home/junk/.cache/ms-playwright/webkit_ubuntu20.04_x64_special-2092/pw_run.sh
    ╔═════════════════════════════════════════════════════════════════════════╗
    ║ Looks like Playwright Test or Playwright was just installed or updated. ║
    ║ Please run the following command to download new browsers:              ║
    ║                                                                         ║
    ║     npx playwright install                                              ║
    ║                                                                         ║
    ║ <3 Playwright Team                                                      ║
    ╚═════════════════════════════════════════════════════════════════════════╝

    TypeError: Cannot read properties of undefined (reading 'addInitScript')

      270 |   test.describe('Analytics and Charts', () => {
      271 |     test.beforeEach(async () => {
    > 272 |       await page.addInitScript(() => {
          |                  ^
      273 |         localStorage.setItem('auth_token', 'mock_token');
      274 |       });
      275 |       await page.goto('http://localhost:3000/analytics');
        at /home/junk/RustroverProjects/defi-risk-monitor/frontend/tests/e2e/comprehensive_e2e_tests.spec.ts:272:18

    TypeError: Cannot read properties of undefined (reading 'evaluate')

      611 |   test.afterEach(async () => {
      612 |     // Clean up any test data or state
    > 613 |     await page.evaluate(() => {
          |                ^
      614 |       localStorage.clear();
      615 |       sessionStorage.clear();
      616 |     });
        at /home/junk/RustroverProjects/defi-risk-monitor/frontend/tests/e2e/comprehensive_e2e_tests.spec.ts:613:16
]]>
</failure>
</testcase>
<testcase name="DeFi Risk Monitor E2E Tests › Analytics and Charts › should interact with risk factor breakdown" classname="comprehensive_e2e_tests.spec.ts" time="0.002">
<failure message="comprehensive_e2e_tests.spec.ts:299:9 should interact with risk factor breakdown" type="FAILURE">
<![CDATA[  [webkit] › comprehensive_e2e_tests.spec.ts:299:9 › DeFi Risk Monitor E2E Tests › Analytics and Charts › should interact with risk factor breakdown 

    Error: browserType.launch: Executable doesn't exist at /home/junk/.cache/ms-playwright/webkit_ubuntu20.04_x64_special-2092/pw_run.sh
    ╔═════════════════════════════════════════════════════════════════════════╗
    ║ Looks like Playwright Test or Playwright was just installed or updated. ║
    ║ Please run the following command to download new browsers:              ║
    ║                                                                         ║
    ║     npx playwright install                                              ║
    ║                                                                         ║
    ║ <3 Playwright Team                                                      ║
    ╚═════════════════════════════════════════════════════════════════════════╝

    TypeError: Cannot read properties of undefined (reading 'addInitScript')

      270 |   test.describe('Analytics and Charts', () => {
      271 |     test.beforeEach(async () => {
    > 272 |       await page.addInitScript(() => {
          |                  ^
      273 |         localStorage.setItem('auth_token', 'mock_token');
      274 |       });
      275 |       await page.goto('http://localhost:3000/analytics');
        at /home/junk/RustroverProjects/defi-risk-monitor/frontend/tests/e2e/comprehensive_e2e_tests.spec.ts:272:18

    TypeError: Cannot read properties of undefined (reading 'evaluate')

      611 |   test.afterEach(async () => {
      612 |     // Clean up any test data or state
    > 613 |     await page.evaluate(() => {
          |                ^
      614 |       localStorage.clear();
      615 |       sessionStorage.clear();
      616 |     });
        at /home/junk/RustroverProjects/defi-risk-monitor/frontend/tests/e2e/comprehensive_e2e_tests.spec.ts:613:16
]]>
</failure>
</testcase>
<testcase name="DeFi Risk Monitor E2E Tests › Analytics and Charts › should export analytics data" classname="comprehensive_e2e_tests.spec.ts" time="0.003">
<failure message="comprehensive_e2e_tests.spec.ts:321:9 should export analytics data" type="FAILURE">
<![CDATA[  [webkit] › comprehensive_e2e_tests.spec.ts:321:9 › DeFi Risk Monitor E2E Tests › Analytics and Charts › should export analytics data 

    Error: browserType.launch: Executable doesn't exist at /home/junk/.cache/ms-playwright/webkit_ubuntu20.04_x64_special-2092/pw_run.sh
    ╔═════════════════════════════════════════════════════════════════════════╗
    ║ Looks like Playwright Test or Playwright was just installed or updated. ║
    ║ Please run the following command to download new browsers:              ║
    ║                                                                         ║
    ║     npx playwright install                                              ║
    ║                                                                         ║
    ║ <3 Playwright Team                                                      ║
    ╚═════════════════════════════════════════════════════════════════════════╝

    TypeError: Cannot read properties of undefined (reading 'addInitScript')

      270 |   test.describe('Analytics and Charts', () => {
      271 |     test.beforeEach(async () => {
    > 272 |       await page.addInitScript(() => {
          |                  ^
      273 |         localStorage.setItem('auth_token', 'mock_token');
      274 |       });
      275 |       await page.goto('http://localhost:3000/analytics');
        at /home/junk/RustroverProjects/defi-risk-monitor/frontend/tests/e2e/comprehensive_e2e_tests.spec.ts:272:18

    TypeError: Cannot read properties of undefined (reading 'evaluate')

      611 |   test.afterEach(async () => {
      612 |     // Clean up any test data or state
    > 613 |     await page.evaluate(() => {
          |                ^
      614 |       localStorage.clear();
      615 |       sessionStorage.clear();
      616 |     });
        at /home/junk/RustroverProjects/defi-risk-monitor/frontend/tests/e2e/comprehensive_e2e_tests.spec.ts:613:16
]]>
</failure>
</testcase>
<testcase name="DeFi Risk Monitor E2E Tests › Alert Management › should create and manage alerts" classname="comprehensive_e2e_tests.spec.ts" time="0.003">
<failure message="comprehensive_e2e_tests.spec.ts:346:9 should create and manage alerts" type="FAILURE">
<![CDATA[  [webkit] › comprehensive_e2e_tests.spec.ts:346:9 › DeFi Risk Monitor E2E Tests › Alert Management › should create and manage alerts 

    Error: browserType.launch: Executable doesn't exist at /home/junk/.cache/ms-playwright/webkit_ubuntu20.04_x64_special-2092/pw_run.sh
    ╔═════════════════════════════════════════════════════════════════════════╗
    ║ Looks like Playwright Test or Playwright was just installed or updated. ║
    ║ Please run the following command to download new browsers:              ║
    ║                                                                         ║
    ║     npx playwright install                                              ║
    ║                                                                         ║
    ║ <3 Playwright Team                                                      ║
    ╚═════════════════════════════════════════════════════════════════════════╝

    TypeError: Cannot read properties of undefined (reading 'addInitScript')

      338 |   test.describe('Alert Management', () => {
      339 |     test.beforeEach(async () => {
    > 340 |       await page.addInitScript(() => {
          |                  ^
      341 |         localStorage.setItem('auth_token', 'mock_token');
      342 |       });
      343 |       await page.goto('http://localhost:3000/alerts');
        at /home/junk/RustroverProjects/defi-risk-monitor/frontend/tests/e2e/comprehensive_e2e_tests.spec.ts:340:18

    TypeError: Cannot read properties of undefined (reading 'evaluate')

      611 |   test.afterEach(async () => {
      612 |     // Clean up any test data or state
    > 613 |     await page.evaluate(() => {
          |                ^
      614 |       localStorage.clear();
      615 |       sessionStorage.clear();
      616 |     });
        at /home/junk/RustroverProjects/defi-risk-monitor/frontend/tests/e2e/comprehensive_e2e_tests.spec.ts:613:16
]]>
</failure>
</testcase>
<testcase name="DeFi Risk Monitor E2E Tests › Alert Management › should display alert history" classname="comprehensive_e2e_tests.spec.ts" time="0.003">
<failure message="comprehensive_e2e_tests.spec.ts:373:9 should display alert history" type="FAILURE">
<![CDATA[  [webkit] › comprehensive_e2e_tests.spec.ts:373:9 › DeFi Risk Monitor E2E Tests › Alert Management › should display alert history 

    Error: browserType.launch: Executable doesn't exist at /home/junk/.cache/ms-playwright/webkit_ubuntu20.04_x64_special-2092/pw_run.sh
    ╔═════════════════════════════════════════════════════════════════════════╗
    ║ Looks like Playwright Test or Playwright was just installed or updated. ║
    ║ Please run the following command to download new browsers:              ║
    ║                                                                         ║
    ║     npx playwright install                                              ║
    ║                                                                         ║
    ║ <3 Playwright Team                                                      ║
    ╚═════════════════════════════════════════════════════════════════════════╝

    TypeError: Cannot read properties of undefined (reading 'addInitScript')

      338 |   test.describe('Alert Management', () => {
      339 |     test.beforeEach(async () => {
    > 340 |       await page.addInitScript(() => {
          |                  ^
      341 |         localStorage.setItem('auth_token', 'mock_token');
      342 |       });
      343 |       await page.goto('http://localhost:3000/alerts');
        at /home/junk/RustroverProjects/defi-risk-monitor/frontend/tests/e2e/comprehensive_e2e_tests.spec.ts:340:18

    TypeError: Cannot read properties of undefined (reading 'evaluate')

      611 |   test.afterEach(async () => {
      612 |     // Clean up any test data or state
    > 613 |     await page.evaluate(() => {
          |                ^
      614 |       localStorage.clear();
      615 |       sessionStorage.clear();
      616 |     });
        at /home/junk/RustroverProjects/defi-risk-monitor/frontend/tests/e2e/comprehensive_e2e_tests.spec.ts:613:16
]]>
</failure>
</testcase>
<testcase name="DeFi Risk Monitor E2E Tests › Explainable AI Interface › should interact with AI chat interface" classname="comprehensive_e2e_tests.spec.ts" time="0.003">
<failure message="comprehensive_e2e_tests.spec.ts:403:9 should interact with AI chat interface" type="FAILURE">
<![CDATA[  [webkit] › comprehensive_e2e_tests.spec.ts:403:9 › DeFi Risk Monitor E2E Tests › Explainable AI Interface › should interact with AI chat interface 

    Error: browserType.launch: Executable doesn't exist at /home/junk/.cache/ms-playwright/webkit_ubuntu20.04_x64_special-2092/pw_run.sh
    ╔═════════════════════════════════════════════════════════════════════════╗
    ║ Looks like Playwright Test or Playwright was just installed or updated. ║
    ║ Please run the following command to download new browsers:              ║
    ║                                                                         ║
    ║     npx playwright install                                              ║
    ║                                                                         ║
    ║ <3 Playwright Team                                                      ║
    ╚═════════════════════════════════════════════════════════════════════════╝

    TypeError: Cannot read properties of undefined (reading 'addInitScript')

      395 |   test.describe('Explainable AI Interface', () => {
      396 |     test.beforeEach(async () => {
    > 397 |       await page.addInitScript(() => {
          |                  ^
      398 |         localStorage.setItem('auth_token', 'mock_token');
      399 |       });
      400 |       await page.goto('http://localhost:3000/ai-insights');
        at /home/junk/RustroverProjects/defi-risk-monitor/frontend/tests/e2e/comprehensive_e2e_tests.spec.ts:397:18

    TypeError: Cannot read properties of undefined (reading 'evaluate')

      611 |   test.afterEach(async () => {
      612 |     // Clean up any test data or state
    > 613 |     await page.evaluate(() => {
          |                ^
      614 |       localStorage.clear();
      615 |       sessionStorage.clear();
      616 |     });
        at /home/junk/RustroverProjects/defi-risk-monitor/frontend/tests/e2e/comprehensive_e2e_tests.spec.ts:613:16
]]>
</failure>
</testcase>
<testcase name="DeFi Risk Monitor E2E Tests › Explainable AI Interface › should display risk predictions" classname="comprehensive_e2e_tests.spec.ts" time="0.003">
<failure message="comprehensive_e2e_tests.spec.ts:429:9 should display risk predictions" type="FAILURE">
<![CDATA[  [webkit] › comprehensive_e2e_tests.spec.ts:429:9 › DeFi Risk Monitor E2E Tests › Explainable AI Interface › should display risk predictions 

    Error: browserType.launch: Executable doesn't exist at /home/junk/.cache/ms-playwright/webkit_ubuntu20.04_x64_special-2092/pw_run.sh
    ╔═════════════════════════════════════════════════════════════════════════╗
    ║ Looks like Playwright Test or Playwright was just installed or updated. ║
    ║ Please run the following command to download new browsers:              ║
    ║                                                                         ║
    ║     npx playwright install                                              ║
    ║                                                                         ║
    ║ <3 Playwright Team                                                      ║
    ╚═════════════════════════════════════════════════════════════════════════╝

    TypeError: Cannot read properties of undefined (reading 'addInitScript')

      395 |   test.describe('Explainable AI Interface', () => {
      396 |     test.beforeEach(async () => {
    > 397 |       await page.addInitScript(() => {
          |                  ^
      398 |         localStorage.setItem('auth_token', 'mock_token');
      399 |       });
      400 |       await page.goto('http://localhost:3000/ai-insights');
        at /home/junk/RustroverProjects/defi-risk-monitor/frontend/tests/e2e/comprehensive_e2e_tests.spec.ts:397:18

    TypeError: Cannot read properties of undefined (reading 'evaluate')

      611 |   test.afterEach(async () => {
      612 |     // Clean up any test data or state
    > 613 |     await page.evaluate(() => {
          |                ^
      614 |       localStorage.clear();
      615 |       sessionStorage.clear();
      616 |     });
        at /home/junk/RustroverProjects/defi-risk-monitor/frontend/tests/e2e/comprehensive_e2e_tests.spec.ts:613:16
]]>
</failure>
</testcase>
<testcase name="DeFi Risk Monitor E2E Tests › Responsive Design and Mobile › should work on mobile viewport" classname="comprehensive_e2e_tests.spec.ts" time="0.003">
<failure message="comprehensive_e2e_tests.spec.ts:452:9 should work on mobile viewport" type="FAILURE">
<![CDATA[  [webkit] › comprehensive_e2e_tests.spec.ts:452:9 › DeFi Risk Monitor E2E Tests › Responsive Design and Mobile › should work on mobile viewport 

    Error: browserType.launch: Executable doesn't exist at /home/junk/.cache/ms-playwright/webkit_ubuntu20.04_x64_special-2092/pw_run.sh
    ╔═════════════════════════════════════════════════════════════════════════╗
    ║ Looks like Playwright Test or Playwright was just installed or updated. ║
    ║ Please run the following command to download new browsers:              ║
    ║                                                                         ║
    ║     npx playwright install                                              ║
    ║                                                                         ║
    ║ <3 Playwright Team                                                      ║
    ╚═════════════════════════════════════════════════════════════════════════╝

    TypeError: Cannot read properties of undefined (reading 'evaluate')

      611 |   test.afterEach(async () => {
      612 |     // Clean up any test data or state
    > 613 |     await page.evaluate(() => {
          |                ^
      614 |       localStorage.clear();
      615 |       sessionStorage.clear();
      616 |     });
        at /home/junk/RustroverProjects/defi-risk-monitor/frontend/tests/e2e/comprehensive_e2e_tests.spec.ts:613:16
]]>
</failure>
</testcase>
<testcase name="DeFi Risk Monitor E2E Tests › Responsive Design and Mobile › should work on tablet viewport" classname="comprehensive_e2e_tests.spec.ts" time="0.003">
<failure message="comprehensive_e2e_tests.spec.ts:475:9 should work on tablet viewport" type="FAILURE">
<![CDATA[  [webkit] › comprehensive_e2e_tests.spec.ts:475:9 › DeFi Risk Monitor E2E Tests › Responsive Design and Mobile › should work on tablet viewport 

    Error: browserType.launch: Executable doesn't exist at /home/junk/.cache/ms-playwright/webkit_ubuntu20.04_x64_special-2092/pw_run.sh
    ╔═════════════════════════════════════════════════════════════════════════╗
    ║ Looks like Playwright Test or Playwright was just installed or updated. ║
    ║ Please run the following command to download new browsers:              ║
    ║                                                                         ║
    ║     npx playwright install                                              ║
    ║                                                                         ║
    ║ <3 Playwright Team                                                      ║
    ╚═════════════════════════════════════════════════════════════════════════╝

    TypeError: Cannot read properties of undefined (reading 'evaluate')

      611 |   test.afterEach(async () => {
      612 |     // Clean up any test data or state
    > 613 |     await page.evaluate(() => {
          |                ^
      614 |       localStorage.clear();
      615 |       sessionStorage.clear();
      616 |     });
        at /home/junk/RustroverProjects/defi-risk-monitor/frontend/tests/e2e/comprehensive_e2e_tests.spec.ts:613:16
]]>
</failure>
</testcase>
<testcase name="DeFi Risk Monitor E2E Tests › Performance and Loading › should load dashboard within performance budget" classname="comprehensive_e2e_tests.spec.ts" time="0.002">
<failure message="comprehensive_e2e_tests.spec.ts:496:9 should load dashboard within performance budget" type="FAILURE">
<![CDATA[  [webkit] › comprehensive_e2e_tests.spec.ts:496:9 › DeFi Risk Monitor E2E Tests › Performance and Loading › should load dashboard within performance budget 

    Error: browserType.launch: Executable doesn't exist at /home/junk/.cache/ms-playwright/webkit_ubuntu20.04_x64_special-2092/pw_run.sh
    ╔═════════════════════════════════════════════════════════════════════════╗
    ║ Looks like Playwright Test or Playwright was just installed or updated. ║
    ║ Please run the following command to download new browsers:              ║
    ║                                                                         ║
    ║     npx playwright install                                              ║
    ║                                                                         ║
    ║ <3 Playwright Team                                                      ║
    ╚═════════════════════════════════════════════════════════════════════════╝

    TypeError: Cannot read properties of undefined (reading 'evaluate')

      611 |   test.afterEach(async () => {
      612 |     // Clean up any test data or state
    > 613 |     await page.evaluate(() => {
          |                ^
      614 |       localStorage.clear();
      615 |       sessionStorage.clear();
      616 |     });
        at /home/junk/RustroverProjects/defi-risk-monitor/frontend/tests/e2e/comprehensive_e2e_tests.spec.ts:613:16
]]>
</failure>
</testcase>
<testcase name="DeFi Risk Monitor E2E Tests › Performance and Loading › should handle large datasets efficiently" classname="comprehensive_e2e_tests.spec.ts" time="0.002">
<failure message="comprehensive_e2e_tests.spec.ts:513:9 should handle large datasets efficiently" type="FAILURE">
<![CDATA[  [webkit] › comprehensive_e2e_tests.spec.ts:513:9 › DeFi Risk Monitor E2E Tests › Performance and Loading › should handle large datasets efficiently 

    Error: browserType.launch: Executable doesn't exist at /home/junk/.cache/ms-playwright/webkit_ubuntu20.04_x64_special-2092/pw_run.sh
    ╔═════════════════════════════════════════════════════════════════════════╗
    ║ Looks like Playwright Test or Playwright was just installed or updated. ║
    ║ Please run the following command to download new browsers:              ║
    ║                                                                         ║
    ║     npx playwright install                                              ║
    ║                                                                         ║
    ║ <3 Playwright Team                                                      ║
    ╚═════════════════════════════════════════════════════════════════════════╝

    TypeError: Cannot read properties of undefined (reading 'evaluate')

      611 |   test.afterEach(async () => {
      612 |     // Clean up any test data or state
    > 613 |     await page.evaluate(() => {
          |                ^
      614 |       localStorage.clear();
      615 |       sessionStorage.clear();
      616 |     });
        at /home/junk/RustroverProjects/defi-risk-monitor/frontend/tests/e2e/comprehensive_e2e_tests.spec.ts:613:16
]]>
</failure>
</testcase>
<testcase name="DeFi Risk Monitor E2E Tests › Error Handling and Edge Cases › should handle network errors gracefully" classname="comprehensive_e2e_tests.spec.ts" time="0.003">
<failure message="comprehensive_e2e_tests.spec.ts:547:9 should handle network errors gracefully" type="FAILURE">
<![CDATA[  [webkit] › comprehensive_e2e_tests.spec.ts:547:9 › DeFi Risk Monitor E2E Tests › Error Handling and Edge Cases › should handle network errors gracefully 

    Error: browserType.launch: Executable doesn't exist at /home/junk/.cache/ms-playwright/webkit_ubuntu20.04_x64_special-2092/pw_run.sh
    ╔═════════════════════════════════════════════════════════════════════════╗
    ║ Looks like Playwright Test or Playwright was just installed or updated. ║
    ║ Please run the following command to download new browsers:              ║
    ║                                                                         ║
    ║     npx playwright install                                              ║
    ║                                                                         ║
    ║ <3 Playwright Team                                                      ║
    ╚═════════════════════════════════════════════════════════════════════════╝

    TypeError: Cannot read properties of undefined (reading 'evaluate')

      611 |   test.afterEach(async () => {
      612 |     // Clean up any test data or state
    > 613 |     await page.evaluate(() => {
          |                ^
      614 |       localStorage.clear();
      615 |       sessionStorage.clear();
      616 |     });
        at /home/junk/RustroverProjects/defi-risk-monitor/frontend/tests/e2e/comprehensive_e2e_tests.spec.ts:613:16
]]>
</failure>
</testcase>
<testcase name="DeFi Risk Monitor E2E Tests › Error Handling and Edge Cases › should handle invalid data gracefully" classname="comprehensive_e2e_tests.spec.ts" time="0.002">
<failure message="comprehensive_e2e_tests.spec.ts:569:9 should handle invalid data gracefully" type="FAILURE">
<![CDATA[  [webkit] › comprehensive_e2e_tests.spec.ts:569:9 › DeFi Risk Monitor E2E Tests › Error Handling and Edge Cases › should handle invalid data gracefully 

    Error: browserType.launch: Executable doesn't exist at /home/junk/.cache/ms-playwright/webkit_ubuntu20.04_x64_special-2092/pw_run.sh
    ╔═════════════════════════════════════════════════════════════════════════╗
    ║ Looks like Playwright Test or Playwright was just installed or updated. ║
    ║ Please run the following command to download new browsers:              ║
    ║                                                                         ║
    ║     npx playwright install                                              ║
    ║                                                                         ║
    ║ <3 Playwright Team                                                      ║
    ╚═════════════════════════════════════════════════════════════════════════╝

    TypeError: Cannot read properties of undefined (reading 'evaluate')

      611 |   test.afterEach(async () => {
      612 |     // Clean up any test data or state
    > 613 |     await page.evaluate(() => {
          |                ^
      614 |       localStorage.clear();
      615 |       sessionStorage.clear();
      616 |     });
        at /home/junk/RustroverProjects/defi-risk-monitor/frontend/tests/e2e/comprehensive_e2e_tests.spec.ts:613:16
]]>
</failure>
</testcase>
<testcase name="DeFi Risk Monitor E2E Tests › Error Handling and Edge Cases › should handle session expiration" classname="comprehensive_e2e_tests.spec.ts" time="0.002">
<failure message="comprehensive_e2e_tests.spec.ts:589:9 should handle session expiration" type="FAILURE">
<![CDATA[  [webkit] › comprehensive_e2e_tests.spec.ts:589:9 › DeFi Risk Monitor E2E Tests › Error Handling and Edge Cases › should handle session expiration 

    Error: browserType.launch: Executable doesn't exist at /home/junk/.cache/ms-playwright/webkit_ubuntu20.04_x64_special-2092/pw_run.sh
    ╔═════════════════════════════════════════════════════════════════════════╗
    ║ Looks like Playwright Test or Playwright was just installed or updated. ║
    ║ Please run the following command to download new browsers:              ║
    ║                                                                         ║
    ║     npx playwright install                                              ║
    ║                                                                         ║
    ║ <3 Playwright Team                                                      ║
    ╚═════════════════════════════════════════════════════════════════════════╝

    TypeError: Cannot read properties of undefined (reading 'evaluate')

      611 |   test.afterEach(async () => {
      612 |     // Clean up any test data or state
    > 613 |     await page.evaluate(() => {
          |                ^
      614 |       localStorage.clear();
      615 |       sessionStorage.clear();
      616 |     });
        at /home/junk/RustroverProjects/defi-risk-monitor/frontend/tests/e2e/comprehensive_e2e_tests.spec.ts:613:16
]]>
</failure>
</testcase>
</testsuite>
<testsuite name="comprehensive_e2e_tests.spec.ts" timestamp="2025-08-02T01:18:22.781Z" hostname="Mobile Chrome" tests="23" failures="23" skipped="0" time="0.066" errors="0">
<testcase name="DeFi Risk Monitor E2E Tests › Authentication Flow › should complete full authentication workflow" classname="comprehensive_e2e_tests.spec.ts" time="0.002">
<failure message="comprehensive_e2e_tests.spec.ts:21:9 should complete full authentication workflow" type="FAILURE">
<![CDATA[  [Mobile Chrome] › comprehensive_e2e_tests.spec.ts:21:9 › DeFi Risk Monitor E2E Tests › Authentication Flow › should complete full authentication workflow 

    Error: browserType.launch: Executable doesn't exist at /home/junk/.cache/ms-playwright/chromium_headless_shell-1181/chrome-linux/headless_shell
    ╔═════════════════════════════════════════════════════════════════════════╗
    ║ Looks like Playwright Test or Playwright was just installed or updated. ║
    ║ Please run the following command to download new browsers:              ║
    ║                                                                         ║
    ║     npx playwright install                                              ║
    ║                                                                         ║
    ║ <3 Playwright Team                                                      ║
    ╚═════════════════════════════════════════════════════════════════════════╝

    TypeError: Cannot read properties of undefined (reading 'evaluate')

      611 |   test.afterEach(async () => {
      612 |     // Clean up any test data or state
    > 613 |     await page.evaluate(() => {
          |                ^
      614 |       localStorage.clear();
      615 |       sessionStorage.clear();
      616 |     });
        at /home/junk/RustroverProjects/defi-risk-monitor/frontend/tests/e2e/comprehensive_e2e_tests.spec.ts:613:16
]]>
</failure>
</testcase>
<testcase name="DeFi Risk Monitor E2E Tests › Authentication Flow › should handle wallet connection" classname="comprehensive_e2e_tests.spec.ts" time="0.003">
<failure message="comprehensive_e2e_tests.spec.ts:44:9 should handle wallet connection" type="FAILURE">
<![CDATA[  [Mobile Chrome] › comprehensive_e2e_tests.spec.ts:44:9 › DeFi Risk Monitor E2E Tests › Authentication Flow › should handle wallet connection 

    Error: browserType.launch: Executable doesn't exist at /home/junk/.cache/ms-playwright/chromium_headless_shell-1181/chrome-linux/headless_shell
    ╔═════════════════════════════════════════════════════════════════════════╗
    ║ Looks like Playwright Test or Playwright was just installed or updated. ║
    ║ Please run the following command to download new browsers:              ║
    ║                                                                         ║
    ║     npx playwright install                                              ║
    ║                                                                         ║
    ║ <3 Playwright Team                                                      ║
    ╚═════════════════════════════════════════════════════════════════════════╝

    TypeError: Cannot read properties of undefined (reading 'evaluate')

      611 |   test.afterEach(async () => {
      612 |     // Clean up any test data or state
    > 613 |     await page.evaluate(() => {
          |                ^
      614 |       localStorage.clear();
      615 |       sessionStorage.clear();
      616 |     });
        at /home/junk/RustroverProjects/defi-risk-monitor/frontend/tests/e2e/comprehensive_e2e_tests.spec.ts:613:16
]]>
</failure>
</testcase>
<testcase name="DeFi Risk Monitor E2E Tests › Risk Dashboard Functionality › should display risk dashboard with real-time updates" classname="comprehensive_e2e_tests.spec.ts" time="0.002">
<failure message="comprehensive_e2e_tests.spec.ts:81:9 should display risk dashboard with real-time updates" type="FAILURE">
<![CDATA[  [Mobile Chrome] › comprehensive_e2e_tests.spec.ts:81:9 › DeFi Risk Monitor E2E Tests › Risk Dashboard Functionality › should display risk dashboard with real-time updates 

    Error: browserType.launch: Executable doesn't exist at /home/junk/.cache/ms-playwright/chromium_headless_shell-1181/chrome-linux/headless_shell
    ╔═════════════════════════════════════════════════════════════════════════╗
    ║ Looks like Playwright Test or Playwright was just installed or updated. ║
    ║ Please run the following command to download new browsers:              ║
    ║                                                                         ║
    ║     npx playwright install                                              ║
    ║                                                                         ║
    ║ <3 Playwright Team                                                      ║
    ╚═════════════════════════════════════════════════════════════════════════╝

    TypeError: Cannot read properties of undefined (reading 'addInitScript')

      72 |     test.beforeEach(async () => {
      73 |       // Mock authentication
    > 74 |       await page.addInitScript(() => {
         |                  ^
      75 |         localStorage.setItem('auth_token', 'mock_token');
      76 |         localStorage.setItem('user_id', 'test-user-id');
      77 |       });
        at /home/junk/RustroverProjects/defi-risk-monitor/frontend/tests/e2e/comprehensive_e2e_tests.spec.ts:74:18

    TypeError: Cannot read properties of undefined (reading 'evaluate')

      611 |   test.afterEach(async () => {
      612 |     // Clean up any test data or state
    > 613 |     await page.evaluate(() => {
          |                ^
      614 |       localStorage.clear();
      615 |       sessionStorage.clear();
      616 |     });
        at /home/junk/RustroverProjects/defi-risk-monitor/frontend/tests/e2e/comprehensive_e2e_tests.spec.ts:613:16
]]>
</failure>
</testcase>
<testcase name="DeFi Risk Monitor E2E Tests › Risk Dashboard Functionality › should handle real-time risk updates" classname="comprehensive_e2e_tests.spec.ts" time="0.002">
<failure message="comprehensive_e2e_tests.spec.ts:100:9 should handle real-time risk updates" type="FAILURE">
<![CDATA[  [Mobile Chrome] › comprehensive_e2e_tests.spec.ts:100:9 › DeFi Risk Monitor E2E Tests › Risk Dashboard Functionality › should handle real-time risk updates 

    Error: browserType.launch: Executable doesn't exist at /home/junk/.cache/ms-playwright/chromium_headless_shell-1181/chrome-linux/headless_shell
    ╔═════════════════════════════════════════════════════════════════════════╗
    ║ Looks like Playwright Test or Playwright was just installed or updated. ║
    ║ Please run the following command to download new browsers:              ║
    ║                                                                         ║
    ║     npx playwright install                                              ║
    ║                                                                         ║
    ║ <3 Playwright Team                                                      ║
    ╚═════════════════════════════════════════════════════════════════════════╝

    TypeError: Cannot read properties of undefined (reading 'addInitScript')

      72 |     test.beforeEach(async () => {
      73 |       // Mock authentication
    > 74 |       await page.addInitScript(() => {
         |                  ^
      75 |         localStorage.setItem('auth_token', 'mock_token');
      76 |         localStorage.setItem('user_id', 'test-user-id');
      77 |       });
        at /home/junk/RustroverProjects/defi-risk-monitor/frontend/tests/e2e/comprehensive_e2e_tests.spec.ts:74:18

    TypeError: Cannot read properties of undefined (reading 'evaluate')

      611 |   test.afterEach(async () => {
      612 |     // Clean up any test data or state
    > 613 |     await page.evaluate(() => {
          |                ^
      614 |       localStorage.clear();
      615 |       sessionStorage.clear();
      616 |     });
        at /home/junk/RustroverProjects/defi-risk-monitor/frontend/tests/e2e/comprehensive_e2e_tests.spec.ts:613:16
]]>
</failure>
</testcase>
<testcase name="DeFi Risk Monitor E2E Tests › Risk Dashboard Functionality › should navigate between dashboard sections" classname="comprehensive_e2e_tests.spec.ts" time="0.003">
<failure message="comprehensive_e2e_tests.spec.ts:151:9 should navigate between dashboard sections" type="FAILURE">
<![CDATA[  [Mobile Chrome] › comprehensive_e2e_tests.spec.ts:151:9 › DeFi Risk Monitor E2E Tests › Risk Dashboard Functionality › should navigate between dashboard sections 

    Error: browserType.launch: Executable doesn't exist at /home/junk/.cache/ms-playwright/chromium_headless_shell-1181/chrome-linux/headless_shell
    ╔═════════════════════════════════════════════════════════════════════════╗
    ║ Looks like Playwright Test or Playwright was just installed or updated. ║
    ║ Please run the following command to download new browsers:              ║
    ║                                                                         ║
    ║     npx playwright install                                              ║
    ║                                                                         ║
    ║ <3 Playwright Team                                                      ║
    ╚═════════════════════════════════════════════════════════════════════════╝

    TypeError: Cannot read properties of undefined (reading 'addInitScript')

      72 |     test.beforeEach(async () => {
      73 |       // Mock authentication
    > 74 |       await page.addInitScript(() => {
         |                  ^
      75 |         localStorage.setItem('auth_token', 'mock_token');
      76 |         localStorage.setItem('user_id', 'test-user-id');
      77 |       });
        at /home/junk/RustroverProjects/defi-risk-monitor/frontend/tests/e2e/comprehensive_e2e_tests.spec.ts:74:18

    TypeError: Cannot read properties of undefined (reading 'evaluate')

      611 |   test.afterEach(async () => {
      612 |     // Clean up any test data or state
    > 613 |     await page.evaluate(() => {
          |                ^
      614 |       localStorage.clear();
      615 |       sessionStorage.clear();
      616 |     });
        at /home/junk/RustroverProjects/defi-risk-monitor/frontend/tests/e2e/comprehensive_e2e_tests.spec.ts:613:16
]]>
</failure>
</testcase>
<testcase name="DeFi Risk Monitor E2E Tests › Position Management › should create new position" classname="comprehensive_e2e_tests.spec.ts" time="0.003">
<failure message="comprehensive_e2e_tests.spec.ts:182:9 should create new position" type="FAILURE">
<![CDATA[  [Mobile Chrome] › comprehensive_e2e_tests.spec.ts:182:9 › DeFi Risk Monitor E2E Tests › Position Management › should create new position 

    Error: browserType.launch: Executable doesn't exist at /home/junk/.cache/ms-playwright/chromium_headless_shell-1181/chrome-linux/headless_shell
    ╔═════════════════════════════════════════════════════════════════════════╗
    ║ Looks like Playwright Test or Playwright was just installed or updated. ║
    ║ Please run the following command to download new browsers:              ║
    ║                                                                         ║
    ║     npx playwright install                                              ║
    ║                                                                         ║
    ║ <3 Playwright Team                                                      ║
    ╚═════════════════════════════════════════════════════════════════════════╝

    TypeError: Cannot read properties of undefined (reading 'addInitScript')

      174 |   test.describe('Position Management', () => {
      175 |     test.beforeEach(async () => {
    > 176 |       await page.addInitScript(() => {
          |                  ^
      177 |         localStorage.setItem('auth_token', 'mock_token');
      178 |       });
      179 |       await page.goto('http://localhost:3000/positions');
        at /home/junk/RustroverProjects/defi-risk-monitor/frontend/tests/e2e/comprehensive_e2e_tests.spec.ts:176:18

    TypeError: Cannot read properties of undefined (reading 'evaluate')

      611 |   test.afterEach(async () => {
      612 |     // Clean up any test data or state
    > 613 |     await page.evaluate(() => {
          |                ^
      614 |       localStorage.clear();
      615 |       sessionStorage.clear();
      616 |     });
        at /home/junk/RustroverProjects/defi-risk-monitor/frontend/tests/e2e/comprehensive_e2e_tests.spec.ts:613:16
]]>
</failure>
</testcase>
<testcase name="DeFi Risk Monitor E2E Tests › Position Management › should edit existing position" classname="comprehensive_e2e_tests.spec.ts" time="0.003">
<failure message="comprehensive_e2e_tests.spec.ts:211:9 should edit existing position" type="FAILURE">
<![CDATA[  [Mobile Chrome] › comprehensive_e2e_tests.spec.ts:211:9 › DeFi Risk Monitor E2E Tests › Position Management › should edit existing position 

    Error: browserType.launch: Executable doesn't exist at /home/junk/.cache/ms-playwright/chromium_headless_shell-1181/chrome-linux/headless_shell
    ╔═════════════════════════════════════════════════════════════════════════╗
    ║ Looks like Playwright Test or Playwright was just installed or updated. ║
    ║ Please run the following command to download new browsers:              ║
    ║                                                                         ║
    ║     npx playwright install                                              ║
    ║                                                                         ║
    ║ <3 Playwright Team                                                      ║
    ╚═════════════════════════════════════════════════════════════════════════╝

    TypeError: Cannot read properties of undefined (reading 'addInitScript')

      174 |   test.describe('Position Management', () => {
      175 |     test.beforeEach(async () => {
    > 176 |       await page.addInitScript(() => {
          |                  ^
      177 |         localStorage.setItem('auth_token', 'mock_token');
      178 |       });
      179 |       await page.goto('http://localhost:3000/positions');
        at /home/junk/RustroverProjects/defi-risk-monitor/frontend/tests/e2e/comprehensive_e2e_tests.spec.ts:176:18

    TypeError: Cannot read properties of undefined (reading 'evaluate')

      611 |   test.afterEach(async () => {
      612 |     // Clean up any test data or state
    > 613 |     await page.evaluate(() => {
          |                ^
      614 |       localStorage.clear();
      615 |       sessionStorage.clear();
      616 |     });
        at /home/junk/RustroverProjects/defi-risk-monitor/frontend/tests/e2e/comprehensive_e2e_tests.spec.ts:613:16
]]>
</failure>
</testcase>
<testcase name="DeFi Risk Monitor E2E Tests › Position Management › should delete position with confirmation" classname="comprehensive_e2e_tests.spec.ts" time="0.003">
<failure message="comprehensive_e2e_tests.spec.ts:228:9 should delete position with confirmation" type="FAILURE">
<![CDATA[  [Mobile Chrome] › comprehensive_e2e_tests.spec.ts:228:9 › DeFi Risk Monitor E2E Tests › Position Management › should delete position with confirmation 

    Error: browserType.launch: Executable doesn't exist at /home/junk/.cache/ms-playwright/chromium_headless_shell-1181/chrome-linux/headless_shell
    ╔═════════════════════════════════════════════════════════════════════════╗
    ║ Looks like Playwright Test or Playwright was just installed or updated. ║
    ║ Please run the following command to download new browsers:              ║
    ║                                                                         ║
    ║     npx playwright install                                              ║
    ║                                                                         ║
    ║ <3 Playwright Team                                                      ║
    ╚═════════════════════════════════════════════════════════════════════════╝

    TypeError: Cannot read properties of undefined (reading 'addInitScript')

      174 |   test.describe('Position Management', () => {
      175 |     test.beforeEach(async () => {
    > 176 |       await page.addInitScript(() => {
          |                  ^
      177 |         localStorage.setItem('auth_token', 'mock_token');
      178 |       });
      179 |       await page.goto('http://localhost:3000/positions');
        at /home/junk/RustroverProjects/defi-risk-monitor/frontend/tests/e2e/comprehensive_e2e_tests.spec.ts:176:18

    TypeError: Cannot read properties of undefined (reading 'evaluate')

      611 |   test.afterEach(async () => {
      612 |     // Clean up any test data or state
    > 613 |     await page.evaluate(() => {
          |                ^
      614 |       localStorage.clear();
      615 |       sessionStorage.clear();
      616 |     });
        at /home/junk/RustroverProjects/defi-risk-monitor/frontend/tests/e2e/comprehensive_e2e_tests.spec.ts:613:16
]]>
</failure>
</testcase>
<testcase name="DeFi Risk Monitor E2E Tests › Position Management › should filter and search positions" classname="comprehensive_e2e_tests.spec.ts" time="0.003">
<failure message="comprehensive_e2e_tests.spec.ts:245:9 should filter and search positions" type="FAILURE">
<![CDATA[  [Mobile Chrome] › comprehensive_e2e_tests.spec.ts:245:9 › DeFi Risk Monitor E2E Tests › Position Management › should filter and search positions 

    Error: browserType.launch: Executable doesn't exist at /home/junk/.cache/ms-playwright/chromium_headless_shell-1181/chrome-linux/headless_shell
    ╔═════════════════════════════════════════════════════════════════════════╗
    ║ Looks like Playwright Test or Playwright was just installed or updated. ║
    ║ Please run the following command to download new browsers:              ║
    ║                                                                         ║
    ║     npx playwright install                                              ║
    ║                                                                         ║
    ║ <3 Playwright Team                                                      ║
    ╚═════════════════════════════════════════════════════════════════════════╝

    TypeError: Cannot read properties of undefined (reading 'addInitScript')

      174 |   test.describe('Position Management', () => {
      175 |     test.beforeEach(async () => {
    > 176 |       await page.addInitScript(() => {
          |                  ^
      177 |         localStorage.setItem('auth_token', 'mock_token');
      178 |       });
      179 |       await page.goto('http://localhost:3000/positions');
        at /home/junk/RustroverProjects/defi-risk-monitor/frontend/tests/e2e/comprehensive_e2e_tests.spec.ts:176:18

    TypeError: Cannot read properties of undefined (reading 'evaluate')

      611 |   test.afterEach(async () => {
      612 |     // Clean up any test data or state
    > 613 |     await page.evaluate(() => {
          |                ^
      614 |       localStorage.clear();
      615 |       sessionStorage.clear();
      616 |     });
        at /home/junk/RustroverProjects/defi-risk-monitor/frontend/tests/e2e/comprehensive_e2e_tests.spec.ts:613:16
]]>
</failure>
</testcase>
<testcase name="DeFi Risk Monitor E2E Tests › Analytics and Charts › should display portfolio analytics charts" classname="comprehensive_e2e_tests.spec.ts" time="0.004">
<failure message="comprehensive_e2e_tests.spec.ts:278:9 should display portfolio analytics charts" type="FAILURE">
<![CDATA[  [Mobile Chrome] › comprehensive_e2e_tests.spec.ts:278:9 › DeFi Risk Monitor E2E Tests › Analytics and Charts › should display portfolio analytics charts 

    Error: browserType.launch: Executable doesn't exist at /home/junk/.cache/ms-playwright/chromium_headless_shell-1181/chrome-linux/headless_shell
    ╔═════════════════════════════════════════════════════════════════════════╗
    ║ Looks like Playwright Test or Playwright was just installed or updated. ║
    ║ Please run the following command to download new browsers:              ║
    ║                                                                         ║
    ║     npx playwright install                                              ║
    ║                                                                         ║
    ║ <3 Playwright Team                                                      ║
    ╚═════════════════════════════════════════════════════════════════════════╝

    TypeError: Cannot read properties of undefined (reading 'addInitScript')

      270 |   test.describe('Analytics and Charts', () => {
      271 |     test.beforeEach(async () => {
    > 272 |       await page.addInitScript(() => {
          |                  ^
      273 |         localStorage.setItem('auth_token', 'mock_token');
      274 |       });
      275 |       await page.goto('http://localhost:3000/analytics');
        at /home/junk/RustroverProjects/defi-risk-monitor/frontend/tests/e2e/comprehensive_e2e_tests.spec.ts:272:18

    TypeError: Cannot read properties of undefined (reading 'evaluate')

      611 |   test.afterEach(async () => {
      612 |     // Clean up any test data or state
    > 613 |     await page.evaluate(() => {
          |                ^
      614 |       localStorage.clear();
      615 |       sessionStorage.clear();
      616 |     });
        at /home/junk/RustroverProjects/defi-risk-monitor/frontend/tests/e2e/comprehensive_e2e_tests.spec.ts:613:16
]]>
</failure>
</testcase>
<testcase name="DeFi Risk Monitor E2E Tests › Analytics and Charts › should interact with risk factor breakdown" classname="comprehensive_e2e_tests.spec.ts" time="0.003">
<failure message="comprehensive_e2e_tests.spec.ts:299:9 should interact with risk factor breakdown" type="FAILURE">
<![CDATA[  [Mobile Chrome] › comprehensive_e2e_tests.spec.ts:299:9 › DeFi Risk Monitor E2E Tests › Analytics and Charts › should interact with risk factor breakdown 

    Error: browserType.launch: Executable doesn't exist at /home/junk/.cache/ms-playwright/chromium_headless_shell-1181/chrome-linux/headless_shell
    ╔═════════════════════════════════════════════════════════════════════════╗
    ║ Looks like Playwright Test or Playwright was just installed or updated. ║
    ║ Please run the following command to download new browsers:              ║
    ║                                                                         ║
    ║     npx playwright install                                              ║
    ║                                                                         ║
    ║ <3 Playwright Team                                                      ║
    ╚═════════════════════════════════════════════════════════════════════════╝

    TypeError: Cannot read properties of undefined (reading 'addInitScript')

      270 |   test.describe('Analytics and Charts', () => {
      271 |     test.beforeEach(async () => {
    > 272 |       await page.addInitScript(() => {
          |                  ^
      273 |         localStorage.setItem('auth_token', 'mock_token');
      274 |       });
      275 |       await page.goto('http://localhost:3000/analytics');
        at /home/junk/RustroverProjects/defi-risk-monitor/frontend/tests/e2e/comprehensive_e2e_tests.spec.ts:272:18

    TypeError: Cannot read properties of undefined (reading 'evaluate')

      611 |   test.afterEach(async () => {
      612 |     // Clean up any test data or state
    > 613 |     await page.evaluate(() => {
          |                ^
      614 |       localStorage.clear();
      615 |       sessionStorage.clear();
      616 |     });
        at /home/junk/RustroverProjects/defi-risk-monitor/frontend/tests/e2e/comprehensive_e2e_tests.spec.ts:613:16
]]>
</failure>
</testcase>
<testcase name="DeFi Risk Monitor E2E Tests › Analytics and Charts › should export analytics data" classname="comprehensive_e2e_tests.spec.ts" time="0.003">
<failure message="comprehensive_e2e_tests.spec.ts:321:9 should export analytics data" type="FAILURE">
<![CDATA[  [Mobile Chrome] › comprehensive_e2e_tests.spec.ts:321:9 › DeFi Risk Monitor E2E Tests › Analytics and Charts › should export analytics data 

    Error: browserType.launch: Executable doesn't exist at /home/junk/.cache/ms-playwright/chromium_headless_shell-1181/chrome-linux/headless_shell
    ╔═════════════════════════════════════════════════════════════════════════╗
    ║ Looks like Playwright Test or Playwright was just installed or updated. ║
    ║ Please run the following command to download new browsers:              ║
    ║                                                                         ║
    ║     npx playwright install                                              ║
    ║                                                                         ║
    ║ <3 Playwright Team                                                      ║
    ╚═════════════════════════════════════════════════════════════════════════╝

    TypeError: Cannot read properties of undefined (reading 'addInitScript')

      270 |   test.describe('Analytics and Charts', () => {
      271 |     test.beforeEach(async () => {
    > 272 |       await page.addInitScript(() => {
          |                  ^
      273 |         localStorage.setItem('auth_token', 'mock_token');
      274 |       });
      275 |       await page.goto('http://localhost:3000/analytics');
        at /home/junk/RustroverProjects/defi-risk-monitor/frontend/tests/e2e/comprehensive_e2e_tests.spec.ts:272:18

    TypeError: Cannot read properties of undefined (reading 'evaluate')

      611 |   test.afterEach(async () => {
      612 |     // Clean up any test data or state
    > 613 |     await page.evaluate(() => {
          |                ^
      614 |       localStorage.clear();
      615 |       sessionStorage.clear();
      616 |     });
        at /home/junk/RustroverProjects/defi-risk-monitor/frontend/tests/e2e/comprehensive_e2e_tests.spec.ts:613:16
]]>
</failure>
</testcase>
<testcase name="DeFi Risk Monitor E2E Tests › Alert Management › should create and manage alerts" classname="comprehensive_e2e_tests.spec.ts" time="0.002">
<failure message="comprehensive_e2e_tests.spec.ts:346:9 should create and manage alerts" type="FAILURE">
<![CDATA[  [Mobile Chrome] › comprehensive_e2e_tests.spec.ts:346:9 › DeFi Risk Monitor E2E Tests › Alert Management › should create and manage alerts 

    Error: browserType.launch: Executable doesn't exist at /home/junk/.cache/ms-playwright/chromium_headless_shell-1181/chrome-linux/headless_shell
    ╔═════════════════════════════════════════════════════════════════════════╗
    ║ Looks like Playwright Test or Playwright was just installed or updated. ║
    ║ Please run the following command to download new browsers:              ║
    ║                                                                         ║
    ║     npx playwright install                                              ║
    ║                                                                         ║
    ║ <3 Playwright Team                                                      ║
    ╚═════════════════════════════════════════════════════════════════════════╝

    TypeError: Cannot read properties of undefined (reading 'addInitScript')

      338 |   test.describe('Alert Management', () => {
      339 |     test.beforeEach(async () => {
    > 340 |       await page.addInitScript(() => {
          |                  ^
      341 |         localStorage.setItem('auth_token', 'mock_token');
      342 |       });
      343 |       await page.goto('http://localhost:3000/alerts');
        at /home/junk/RustroverProjects/defi-risk-monitor/frontend/tests/e2e/comprehensive_e2e_tests.spec.ts:340:18

    TypeError: Cannot read properties of undefined (reading 'evaluate')

      611 |   test.afterEach(async () => {
      612 |     // Clean up any test data or state
    > 613 |     await page.evaluate(() => {
          |                ^
      614 |       localStorage.clear();
      615 |       sessionStorage.clear();
      616 |     });
        at /home/junk/RustroverProjects/defi-risk-monitor/frontend/tests/e2e/comprehensive_e2e_tests.spec.ts:613:16
]]>
</failure>
</testcase>
<testcase name="DeFi Risk Monitor E2E Tests › Alert Management › should display alert history" classname="comprehensive_e2e_tests.spec.ts" time="0.003">
<failure message="comprehensive_e2e_tests.spec.ts:373:9 should display alert history" type="FAILURE">
<![CDATA[  [Mobile Chrome] › comprehensive_e2e_tests.spec.ts:373:9 › DeFi Risk Monitor E2E Tests › Alert Management › should display alert history 

    Error: browserType.launch: Executable doesn't exist at /home/junk/.cache/ms-playwright/chromium_headless_shell-1181/chrome-linux/headless_shell
    ╔═════════════════════════════════════════════════════════════════════════╗
    ║ Looks like Playwright Test or Playwright was just installed or updated. ║
    ║ Please run the following command to download new browsers:              ║
    ║                                                                         ║
    ║     npx playwright install                                              ║
    ║                                                                         ║
    ║ <3 Playwright Team                                                      ║
    ╚═════════════════════════════════════════════════════════════════════════╝

    TypeError: Cannot read properties of undefined (reading 'addInitScript')

      338 |   test.describe('Alert Management', () => {
      339 |     test.beforeEach(async () => {
    > 340 |       await page.addInitScript(() => {
          |                  ^
      341 |         localStorage.setItem('auth_token', 'mock_token');
      342 |       });
      343 |       await page.goto('http://localhost:3000/alerts');
        at /home/junk/RustroverProjects/defi-risk-monitor/frontend/tests/e2e/comprehensive_e2e_tests.spec.ts:340:18

    TypeError: Cannot read properties of undefined (reading 'evaluate')

      611 |   test.afterEach(async () => {
      612 |     // Clean up any test data or state
    > 613 |     await page.evaluate(() => {
          |                ^
      614 |       localStorage.clear();
      615 |       sessionStorage.clear();
      616 |     });
        at /home/junk/RustroverProjects/defi-risk-monitor/frontend/tests/e2e/comprehensive_e2e_tests.spec.ts:613:16
]]>
</failure>
</testcase>
<testcase name="DeFi Risk Monitor E2E Tests › Explainable AI Interface › should interact with AI chat interface" classname="comprehensive_e2e_tests.spec.ts" time="0.003">
<failure message="comprehensive_e2e_tests.spec.ts:403:9 should interact with AI chat interface" type="FAILURE">
<![CDATA[  [Mobile Chrome] › comprehensive_e2e_tests.spec.ts:403:9 › DeFi Risk Monitor E2E Tests › Explainable AI Interface › should interact with AI chat interface 

    Error: browserType.launch: Executable doesn't exist at /home/junk/.cache/ms-playwright/chromium_headless_shell-1181/chrome-linux/headless_shell
    ╔═════════════════════════════════════════════════════════════════════════╗
    ║ Looks like Playwright Test or Playwright was just installed or updated. ║
    ║ Please run the following command to download new browsers:              ║
    ║                                                                         ║
    ║     npx playwright install                                              ║
    ║                                                                         ║
    ║ <3 Playwright Team                                                      ║
    ╚═════════════════════════════════════════════════════════════════════════╝

    TypeError: Cannot read properties of undefined (reading 'addInitScript')

      395 |   test.describe('Explainable AI Interface', () => {
      396 |     test.beforeEach(async () => {
    > 397 |       await page.addInitScript(() => {
          |                  ^
      398 |         localStorage.setItem('auth_token', 'mock_token');
      399 |       });
      400 |       await page.goto('http://localhost:3000/ai-insights');
        at /home/junk/RustroverProjects/defi-risk-monitor/frontend/tests/e2e/comprehensive_e2e_tests.spec.ts:397:18

    TypeError: Cannot read properties of undefined (reading 'evaluate')

      611 |   test.afterEach(async () => {
      612 |     // Clean up any test data or state
    > 613 |     await page.evaluate(() => {
          |                ^
      614 |       localStorage.clear();
      615 |       sessionStorage.clear();
      616 |     });
        at /home/junk/RustroverProjects/defi-risk-monitor/frontend/tests/e2e/comprehensive_e2e_tests.spec.ts:613:16
]]>
</failure>
</testcase>
<testcase name="DeFi Risk Monitor E2E Tests › Explainable AI Interface › should display risk predictions" classname="comprehensive_e2e_tests.spec.ts" time="0.004">
<failure message="comprehensive_e2e_tests.spec.ts:429:9 should display risk predictions" type="FAILURE">
<![CDATA[  [Mobile Chrome] › comprehensive_e2e_tests.spec.ts:429:9 › DeFi Risk Monitor E2E Tests › Explainable AI Interface › should display risk predictions 

    Error: browserType.launch: Executable doesn't exist at /home/junk/.cache/ms-playwright/chromium_headless_shell-1181/chrome-linux/headless_shell
    ╔═════════════════════════════════════════════════════════════════════════╗
    ║ Looks like Playwright Test or Playwright was just installed or updated. ║
    ║ Please run the following command to download new browsers:              ║
    ║                                                                         ║
    ║     npx playwright install                                              ║
    ║                                                                         ║
    ║ <3 Playwright Team                                                      ║
    ╚═════════════════════════════════════════════════════════════════════════╝

    TypeError: Cannot read properties of undefined (reading 'addInitScript')

      395 |   test.describe('Explainable AI Interface', () => {
      396 |     test.beforeEach(async () => {
    > 397 |       await page.addInitScript(() => {
          |                  ^
      398 |         localStorage.setItem('auth_token', 'mock_token');
      399 |       });
      400 |       await page.goto('http://localhost:3000/ai-insights');
        at /home/junk/RustroverProjects/defi-risk-monitor/frontend/tests/e2e/comprehensive_e2e_tests.spec.ts:397:18

    TypeError: Cannot read properties of undefined (reading 'evaluate')

      611 |   test.afterEach(async () => {
      612 |     // Clean up any test data or state
    > 613 |     await page.evaluate(() => {
          |                ^
      614 |       localStorage.clear();
      615 |       sessionStorage.clear();
      616 |     });
        at /home/junk/RustroverProjects/defi-risk-monitor/frontend/tests/e2e/comprehensive_e2e_tests.spec.ts:613:16
]]>
</failure>
</testcase>
<testcase name="DeFi Risk Monitor E2E Tests › Responsive Design and Mobile › should work on mobile viewport" classname="comprehensive_e2e_tests.spec.ts" time="0.003">
<failure message="comprehensive_e2e_tests.spec.ts:452:9 should work on mobile viewport" type="FAILURE">
<![CDATA[  [Mobile Chrome] › comprehensive_e2e_tests.spec.ts:452:9 › DeFi Risk Monitor E2E Tests › Responsive Design and Mobile › should work on mobile viewport 

    Error: browserType.launch: Executable doesn't exist at /home/junk/.cache/ms-playwright/chromium_headless_shell-1181/chrome-linux/headless_shell
    ╔═════════════════════════════════════════════════════════════════════════╗
    ║ Looks like Playwright Test or Playwright was just installed or updated. ║
    ║ Please run the following command to download new browsers:              ║
    ║                                                                         ║
    ║     npx playwright install                                              ║
    ║                                                                         ║
    ║ <3 Playwright Team                                                      ║
    ╚═════════════════════════════════════════════════════════════════════════╝

    TypeError: Cannot read properties of undefined (reading 'evaluate')

      611 |   test.afterEach(async () => {
      612 |     // Clean up any test data or state
    > 613 |     await page.evaluate(() => {
          |                ^
      614 |       localStorage.clear();
      615 |       sessionStorage.clear();
      616 |     });
        at /home/junk/RustroverProjects/defi-risk-monitor/frontend/tests/e2e/comprehensive_e2e_tests.spec.ts:613:16
]]>
</failure>
</testcase>
<testcase name="DeFi Risk Monitor E2E Tests › Responsive Design and Mobile › should work on tablet viewport" classname="comprehensive_e2e_tests.spec.ts" time="0.003">
<failure message="comprehensive_e2e_tests.spec.ts:475:9 should work on tablet viewport" type="FAILURE">
<![CDATA[  [Mobile Chrome] › comprehensive_e2e_tests.spec.ts:475:9 › DeFi Risk Monitor E2E Tests › Responsive Design and Mobile › should work on tablet viewport 

    Error: browserType.launch: Executable doesn't exist at /home/junk/.cache/ms-playwright/chromium_headless_shell-1181/chrome-linux/headless_shell
    ╔═════════════════════════════════════════════════════════════════════════╗
    ║ Looks like Playwright Test or Playwright was just installed or updated. ║
    ║ Please run the following command to download new browsers:              ║
    ║                                                                         ║
    ║     npx playwright install                                              ║
    ║                                                                         ║
    ║ <3 Playwright Team                                                      ║
    ╚═════════════════════════════════════════════════════════════════════════╝

    TypeError: Cannot read properties of undefined (reading 'evaluate')

      611 |   test.afterEach(async () => {
      612 |     // Clean up any test data or state
    > 613 |     await page.evaluate(() => {
          |                ^
      614 |       localStorage.clear();
      615 |       sessionStorage.clear();
      616 |     });
        at /home/junk/RustroverProjects/defi-risk-monitor/frontend/tests/e2e/comprehensive_e2e_tests.spec.ts:613:16
]]>
</failure>
</testcase>
<testcase name="DeFi Risk Monitor E2E Tests › Performance and Loading › should load dashboard within performance budget" classname="comprehensive_e2e_tests.spec.ts" time="0.004">
<failure message="comprehensive_e2e_tests.spec.ts:496:9 should load dashboard within performance budget" type="FAILURE">
<![CDATA[  [Mobile Chrome] › comprehensive_e2e_tests.spec.ts:496:9 › DeFi Risk Monitor E2E Tests › Performance and Loading › should load dashboard within performance budget 

    Error: browserType.launch: Executable doesn't exist at /home/junk/.cache/ms-playwright/chromium_headless_shell-1181/chrome-linux/headless_shell
    ╔═════════════════════════════════════════════════════════════════════════╗
    ║ Looks like Playwright Test or Playwright was just installed or updated. ║
    ║ Please run the following command to download new browsers:              ║
    ║                                                                         ║
    ║     npx playwright install                                              ║
    ║                                                                         ║
    ║ <3 Playwright Team                                                      ║
    ╚═════════════════════════════════════════════════════════════════════════╝

    TypeError: Cannot read properties of undefined (reading 'evaluate')

      611 |   test.afterEach(async () => {
      612 |     // Clean up any test data or state
    > 613 |     await page.evaluate(() => {
          |                ^
      614 |       localStorage.clear();
      615 |       sessionStorage.clear();
      616 |     });
        at /home/junk/RustroverProjects/defi-risk-monitor/frontend/tests/e2e/comprehensive_e2e_tests.spec.ts:613:16
]]>
</failure>
</testcase>
<testcase name="DeFi Risk Monitor E2E Tests › Performance and Loading › should handle large datasets efficiently" classname="comprehensive_e2e_tests.spec.ts" time="0.002">
<failure message="comprehensive_e2e_tests.spec.ts:513:9 should handle large datasets efficiently" type="FAILURE">
<![CDATA[  [Mobile Chrome] › comprehensive_e2e_tests.spec.ts:513:9 › DeFi Risk Monitor E2E Tests › Performance and Loading › should handle large datasets efficiently 

    Error: browserType.launch: Executable doesn't exist at /home/junk/.cache/ms-playwright/chromium_headless_shell-1181/chrome-linux/headless_shell
    ╔═════════════════════════════════════════════════════════════════════════╗
    ║ Looks like Playwright Test or Playwright was just installed or updated. ║
    ║ Please run the following command to download new browsers:              ║
    ║                                                                         ║
    ║     npx playwright install                                              ║
    ║                                                                         ║
    ║ <3 Playwright Team                                                      ║
    ╚═════════════════════════════════════════════════════════════════════════╝

    TypeError: Cannot read properties of undefined (reading 'evaluate')

      611 |   test.afterEach(async () => {
      612 |     // Clean up any test data or state
    > 613 |     await page.evaluate(() => {
          |                ^
      614 |       localStorage.clear();
      615 |       sessionStorage.clear();
      616 |     });
        at /home/junk/RustroverProjects/defi-risk-monitor/frontend/tests/e2e/comprehensive_e2e_tests.spec.ts:613:16
]]>
</failure>
</testcase>
<testcase name="DeFi Risk Monitor E2E Tests › Error Handling and Edge Cases › should handle network errors gracefully" classname="comprehensive_e2e_tests.spec.ts" time="0.002">
<failure message="comprehensive_e2e_tests.spec.ts:547:9 should handle network errors gracefully" type="FAILURE">
<![CDATA[  [Mobile Chrome] › comprehensive_e2e_tests.spec.ts:547:9 › DeFi Risk Monitor E2E Tests › Error Handling and Edge Cases › should handle network errors gracefully 

    Error: browserType.launch: Executable doesn't exist at /home/junk/.cache/ms-playwright/chromium_headless_shell-1181/chrome-linux/headless_shell
    ╔═════════════════════════════════════════════════════════════════════════╗
    ║ Looks like Playwright Test or Playwright was just installed or updated. ║
    ║ Please run the following command to download new browsers:              ║
    ║                                                                         ║
    ║     npx playwright install                                              ║
    ║                                                                         ║
    ║ <3 Playwright Team                                                      ║
    ╚═════════════════════════════════════════════════════════════════════════╝

    TypeError: Cannot read properties of undefined (reading 'evaluate')

      611 |   test.afterEach(async () => {
      612 |     // Clean up any test data or state
    > 613 |     await page.evaluate(() => {
          |                ^
      614 |       localStorage.clear();
      615 |       sessionStorage.clear();
      616 |     });
        at /home/junk/RustroverProjects/defi-risk-monitor/frontend/tests/e2e/comprehensive_e2e_tests.spec.ts:613:16
]]>
</failure>
</testcase>
<testcase name="DeFi Risk Monitor E2E Tests › Error Handling and Edge Cases › should handle invalid data gracefully" classname="comprehensive_e2e_tests.spec.ts" time="0.003">
<failure message="comprehensive_e2e_tests.spec.ts:569:9 should handle invalid data gracefully" type="FAILURE">
<![CDATA[  [Mobile Chrome] › comprehensive_e2e_tests.spec.ts:569:9 › DeFi Risk Monitor E2E Tests › Error Handling and Edge Cases › should handle invalid data gracefully 

    Error: browserType.launch: Executable doesn't exist at /home/junk/.cache/ms-playwright/chromium_headless_shell-1181/chrome-linux/headless_shell
    ╔═════════════════════════════════════════════════════════════════════════╗
    ║ Looks like Playwright Test or Playwright was just installed or updated. ║
    ║ Please run the following command to download new browsers:              ║
    ║                                                                         ║
    ║     npx playwright install                                              ║
    ║                                                                         ║
    ║ <3 Playwright Team                                                      ║
    ╚═════════════════════════════════════════════════════════════════════════╝

    TypeError: Cannot read properties of undefined (reading 'evaluate')

      611 |   test.afterEach(async () => {
      612 |     // Clean up any test data or state
    > 613 |     await page.evaluate(() => {
          |                ^
      614 |       localStorage.clear();
      615 |       sessionStorage.clear();
      616 |     });
        at /home/junk/RustroverProjects/defi-risk-monitor/frontend/tests/e2e/comprehensive_e2e_tests.spec.ts:613:16
]]>
</failure>
</testcase>
<testcase name="DeFi Risk Monitor E2E Tests › Error Handling and Edge Cases › should handle session expiration" classname="comprehensive_e2e_tests.spec.ts" time="0.003">
<failure message="comprehensive_e2e_tests.spec.ts:589:9 should handle session expiration" type="FAILURE">
<![CDATA[  [Mobile Chrome] › comprehensive_e2e_tests.spec.ts:589:9 › DeFi Risk Monitor E2E Tests › Error Handling and Edge Cases › should handle session expiration 

    Error: browserType.launch: Executable doesn't exist at /home/junk/.cache/ms-playwright/chromium_headless_shell-1181/chrome-linux/headless_shell
    ╔═════════════════════════════════════════════════════════════════════════╗
    ║ Looks like Playwright Test or Playwright was just installed or updated. ║
    ║ Please run the following command to download new browsers:              ║
    ║                                                                         ║
    ║     npx playwright install                                              ║
    ║                                                                         ║
    ║ <3 Playwright Team                                                      ║
    ╚═════════════════════════════════════════════════════════════════════════╝

    TypeError: Cannot read properties of undefined (reading 'evaluate')

      611 |   test.afterEach(async () => {
      612 |     // Clean up any test data or state
    > 613 |     await page.evaluate(() => {
          |                ^
      614 |       localStorage.clear();
      615 |       sessionStorage.clear();
      616 |     });
        at /home/junk/RustroverProjects/defi-risk-monitor/frontend/tests/e2e/comprehensive_e2e_tests.spec.ts:613:16
]]>
</failure>
</testcase>
</testsuite>
<testsuite name="comprehensive_e2e_tests.spec.ts" timestamp="2025-08-02T01:18:22.781Z" hostname="Mobile Safari" tests="23" failures="23" skipped="0" time="0.069" errors="0">
<testcase name="DeFi Risk Monitor E2E Tests › Authentication Flow › should complete full authentication workflow" classname="comprehensive_e2e_tests.spec.ts" time="0.003">
<failure message="comprehensive_e2e_tests.spec.ts:21:9 should complete full authentication workflow" type="FAILURE">
<![CDATA[  [Mobile Safari] › comprehensive_e2e_tests.spec.ts:21:9 › DeFi Risk Monitor E2E Tests › Authentication Flow › should complete full authentication workflow 

    Error: browserType.launch: Executable doesn't exist at /home/junk/.cache/ms-playwright/webkit_ubuntu20.04_x64_special-2092/pw_run.sh
    ╔═════════════════════════════════════════════════════════════════════════╗
    ║ Looks like Playwright Test or Playwright was just installed or updated. ║
    ║ Please run the following command to download new browsers:              ║
    ║                                                                         ║
    ║     npx playwright install                                              ║
    ║                                                                         ║
    ║ <3 Playwright Team                                                      ║
    ╚═════════════════════════════════════════════════════════════════════════╝

    TypeError: Cannot read properties of undefined (reading 'evaluate')

      611 |   test.afterEach(async () => {
      612 |     // Clean up any test data or state
    > 613 |     await page.evaluate(() => {
          |                ^
      614 |       localStorage.clear();
      615 |       sessionStorage.clear();
      616 |     });
        at /home/junk/RustroverProjects/defi-risk-monitor/frontend/tests/e2e/comprehensive_e2e_tests.spec.ts:613:16
]]>
</failure>
</testcase>
<testcase name="DeFi Risk Monitor E2E Tests › Authentication Flow › should handle wallet connection" classname="comprehensive_e2e_tests.spec.ts" time="0.003">
<failure message="comprehensive_e2e_tests.spec.ts:44:9 should handle wallet connection" type="FAILURE">
<![CDATA[  [Mobile Safari] › comprehensive_e2e_tests.spec.ts:44:9 › DeFi Risk Monitor E2E Tests › Authentication Flow › should handle wallet connection 

    Error: browserType.launch: Executable doesn't exist at /home/junk/.cache/ms-playwright/webkit_ubuntu20.04_x64_special-2092/pw_run.sh
    ╔═════════════════════════════════════════════════════════════════════════╗
    ║ Looks like Playwright Test or Playwright was just installed or updated. ║
    ║ Please run the following command to download new browsers:              ║
    ║                                                                         ║
    ║     npx playwright install                                              ║
    ║                                                                         ║
    ║ <3 Playwright Team                                                      ║
    ╚═════════════════════════════════════════════════════════════════════════╝

    TypeError: Cannot read properties of undefined (reading 'evaluate')

      611 |   test.afterEach(async () => {
      612 |     // Clean up any test data or state
    > 613 |     await page.evaluate(() => {
          |                ^
      614 |       localStorage.clear();
      615 |       sessionStorage.clear();
      616 |     });
        at /home/junk/RustroverProjects/defi-risk-monitor/frontend/tests/e2e/comprehensive_e2e_tests.spec.ts:613:16
]]>
</failure>
</testcase>
<testcase name="DeFi Risk Monitor E2E Tests › Risk Dashboard Functionality › should display risk dashboard with real-time updates" classname="comprehensive_e2e_tests.spec.ts" time="0.003">
<failure message="comprehensive_e2e_tests.spec.ts:81:9 should display risk dashboard with real-time updates" type="FAILURE">
<![CDATA[  [Mobile Safari] › comprehensive_e2e_tests.spec.ts:81:9 › DeFi Risk Monitor E2E Tests › Risk Dashboard Functionality › should display risk dashboard with real-time updates 

    Error: browserType.launch: Executable doesn't exist at /home/junk/.cache/ms-playwright/webkit_ubuntu20.04_x64_special-2092/pw_run.sh
    ╔═════════════════════════════════════════════════════════════════════════╗
    ║ Looks like Playwright Test or Playwright was just installed or updated. ║
    ║ Please run the following command to download new browsers:              ║
    ║                                                                         ║
    ║     npx playwright install                                              ║
    ║                                                                         ║
    ║ <3 Playwright Team                                                      ║
    ╚═════════════════════════════════════════════════════════════════════════╝

    TypeError: Cannot read properties of undefined (reading 'addInitScript')

      72 |     test.beforeEach(async () => {
      73 |       // Mock authentication
    > 74 |       await page.addInitScript(() => {
         |                  ^
      75 |         localStorage.setItem('auth_token', 'mock_token');
      76 |         localStorage.setItem('user_id', 'test-user-id');
      77 |       });
        at /home/junk/RustroverProjects/defi-risk-monitor/frontend/tests/e2e/comprehensive_e2e_tests.spec.ts:74:18

    TypeError: Cannot read properties of undefined (reading 'evaluate')

      611 |   test.afterEach(async () => {
      612 |     // Clean up any test data or state
    > 613 |     await page.evaluate(() => {
          |                ^
      614 |       localStorage.clear();
      615 |       sessionStorage.clear();
      616 |     });
        at /home/junk/RustroverProjects/defi-risk-monitor/frontend/tests/e2e/comprehensive_e2e_tests.spec.ts:613:16
]]>
</failure>
</testcase>
<testcase name="DeFi Risk Monitor E2E Tests › Risk Dashboard Functionality › should handle real-time risk updates" classname="comprehensive_e2e_tests.spec.ts" time="0.003">
<failure message="comprehensive_e2e_tests.spec.ts:100:9 should handle real-time risk updates" type="FAILURE">
<![CDATA[  [Mobile Safari] › comprehensive_e2e_tests.spec.ts:100:9 › DeFi Risk Monitor E2E Tests › Risk Dashboard Functionality › should handle real-time risk updates 

    Error: browserType.launch: Executable doesn't exist at /home/junk/.cache/ms-playwright/webkit_ubuntu20.04_x64_special-2092/pw_run.sh
    ╔═════════════════════════════════════════════════════════════════════════╗
    ║ Looks like Playwright Test or Playwright was just installed or updated. ║
    ║ Please run the following command to download new browsers:              ║
    ║                                                                         ║
    ║     npx playwright install                                              ║
    ║                                                                         ║
    ║ <3 Playwright Team                                                      ║
    ╚═════════════════════════════════════════════════════════════════════════╝

    TypeError: Cannot read properties of undefined (reading 'addInitScript')

      72 |     test.beforeEach(async () => {
      73 |       // Mock authentication
    > 74 |       await page.addInitScript(() => {
         |                  ^
      75 |         localStorage.setItem('auth_token', 'mock_token');
      76 |         localStorage.setItem('user_id', 'test-user-id');
      77 |       });
        at /home/junk/RustroverProjects/defi-risk-monitor/frontend/tests/e2e/comprehensive_e2e_tests.spec.ts:74:18

    TypeError: Cannot read properties of undefined (reading 'evaluate')

      611 |   test.afterEach(async () => {
      612 |     // Clean up any test data or state
    > 613 |     await page.evaluate(() => {
          |                ^
      614 |       localStorage.clear();
      615 |       sessionStorage.clear();
      616 |     });
        at /home/junk/RustroverProjects/defi-risk-monitor/frontend/tests/e2e/comprehensive_e2e_tests.spec.ts:613:16
]]>
</failure>
</testcase>
<testcase name="DeFi Risk Monitor E2E Tests › Risk Dashboard Functionality › should navigate between dashboard sections" classname="comprehensive_e2e_tests.spec.ts" time="0.003">
<failure message="comprehensive_e2e_tests.spec.ts:151:9 should navigate between dashboard sections" type="FAILURE">
<![CDATA[  [Mobile Safari] › comprehensive_e2e_tests.spec.ts:151:9 › DeFi Risk Monitor E2E Tests › Risk Dashboard Functionality › should navigate between dashboard sections 

    Error: browserType.launch: Executable doesn't exist at /home/junk/.cache/ms-playwright/webkit_ubuntu20.04_x64_special-2092/pw_run.sh
    ╔═════════════════════════════════════════════════════════════════════════╗
    ║ Looks like Playwright Test or Playwright was just installed or updated. ║
    ║ Please run the following command to download new browsers:              ║
    ║                                                                         ║
    ║     npx playwright install                                              ║
    ║                                                                         ║
    ║ <3 Playwright Team                                                      ║
    ╚═════════════════════════════════════════════════════════════════════════╝

    TypeError: Cannot read properties of undefined (reading 'addInitScript')

      72 |     test.beforeEach(async () => {
      73 |       // Mock authentication
    > 74 |       await page.addInitScript(() => {
         |                  ^
      75 |         localStorage.setItem('auth_token', 'mock_token');
      76 |         localStorage.setItem('user_id', 'test-user-id');
      77 |       });
        at /home/junk/RustroverProjects/defi-risk-monitor/frontend/tests/e2e/comprehensive_e2e_tests.spec.ts:74:18

    TypeError: Cannot read properties of undefined (reading 'evaluate')

      611 |   test.afterEach(async () => {
      612 |     // Clean up any test data or state
    > 613 |     await page.evaluate(() => {
          |                ^
      614 |       localStorage.clear();
      615 |       sessionStorage.clear();
      616 |     });
        at /home/junk/RustroverProjects/defi-risk-monitor/frontend/tests/e2e/comprehensive_e2e_tests.spec.ts:613:16
]]>
</failure>
</testcase>
<testcase name="DeFi Risk Monitor E2E Tests › Position Management › should create new position" classname="comprehensive_e2e_tests.spec.ts" time="0.002">
<failure message="comprehensive_e2e_tests.spec.ts:182:9 should create new position" type="FAILURE">
<![CDATA[  [Mobile Safari] › comprehensive_e2e_tests.spec.ts:182:9 › DeFi Risk Monitor E2E Tests › Position Management › should create new position 

    Error: browserType.launch: Executable doesn't exist at /home/junk/.cache/ms-playwright/webkit_ubuntu20.04_x64_special-2092/pw_run.sh
    ╔═════════════════════════════════════════════════════════════════════════╗
    ║ Looks like Playwright Test or Playwright was just installed or updated. ║
    ║ Please run the following command to download new browsers:              ║
    ║                                                                         ║
    ║     npx playwright install                                              ║
    ║                                                                         ║
    ║ <3 Playwright Team                                                      ║
    ╚═════════════════════════════════════════════════════════════════════════╝

    TypeError: Cannot read properties of undefined (reading 'addInitScript')

      174 |   test.describe('Position Management', () => {
      175 |     test.beforeEach(async () => {
    > 176 |       await page.addInitScript(() => {
          |                  ^
      177 |         localStorage.setItem('auth_token', 'mock_token');
      178 |       });
      179 |       await page.goto('http://localhost:3000/positions');
        at /home/junk/RustroverProjects/defi-risk-monitor/frontend/tests/e2e/comprehensive_e2e_tests.spec.ts:176:18

    TypeError: Cannot read properties of undefined (reading 'evaluate')

      611 |   test.afterEach(async () => {
      612 |     // Clean up any test data or state
    > 613 |     await page.evaluate(() => {
          |                ^
      614 |       localStorage.clear();
      615 |       sessionStorage.clear();
      616 |     });
        at /home/junk/RustroverProjects/defi-risk-monitor/frontend/tests/e2e/comprehensive_e2e_tests.spec.ts:613:16
]]>
</failure>
</testcase>
<testcase name="DeFi Risk Monitor E2E Tests › Position Management › should edit existing position" classname="comprehensive_e2e_tests.spec.ts" time="0.003">
<failure message="comprehensive_e2e_tests.spec.ts:211:9 should edit existing position" type="FAILURE">
<![CDATA[  [Mobile Safari] › comprehensive_e2e_tests.spec.ts:211:9 › DeFi Risk Monitor E2E Tests › Position Management › should edit existing position 

    Error: browserType.launch: Executable doesn't exist at /home/junk/.cache/ms-playwright/webkit_ubuntu20.04_x64_special-2092/pw_run.sh
    ╔═════════════════════════════════════════════════════════════════════════╗
    ║ Looks like Playwright Test or Playwright was just installed or updated. ║
    ║ Please run the following command to download new browsers:              ║
    ║                                                                         ║
    ║     npx playwright install                                              ║
    ║                                                                         ║
    ║ <3 Playwright Team                                                      ║
    ╚═════════════════════════════════════════════════════════════════════════╝

    TypeError: Cannot read properties of undefined (reading 'addInitScript')

      174 |   test.describe('Position Management', () => {
      175 |     test.beforeEach(async () => {
    > 176 |       await page.addInitScript(() => {
          |                  ^
      177 |         localStorage.setItem('auth_token', 'mock_token');
      178 |       });
      179 |       await page.goto('http://localhost:3000/positions');
        at /home/junk/RustroverProjects/defi-risk-monitor/frontend/tests/e2e/comprehensive_e2e_tests.spec.ts:176:18

    TypeError: Cannot read properties of undefined (reading 'evaluate')

      611 |   test.afterEach(async () => {
      612 |     // Clean up any test data or state
    > 613 |     await page.evaluate(() => {
          |                ^
      614 |       localStorage.clear();
      615 |       sessionStorage.clear();
      616 |     });
        at /home/junk/RustroverProjects/defi-risk-monitor/frontend/tests/e2e/comprehensive_e2e_tests.spec.ts:613:16
]]>
</failure>
</testcase>
<testcase name="DeFi Risk Monitor E2E Tests › Position Management › should delete position with confirmation" classname="comprehensive_e2e_tests.spec.ts" time="0.004">
<failure message="comprehensive_e2e_tests.spec.ts:228:9 should delete position with confirmation" type="FAILURE">
<![CDATA[  [Mobile Safari] › comprehensive_e2e_tests.spec.ts:228:9 › DeFi Risk Monitor E2E Tests › Position Management › should delete position with confirmation 

    Error: browserType.launch: Executable doesn't exist at /home/junk/.cache/ms-playwright/webkit_ubuntu20.04_x64_special-2092/pw_run.sh
    ╔═════════════════════════════════════════════════════════════════════════╗
    ║ Looks like Playwright Test or Playwright was just installed or updated. ║
    ║ Please run the following command to download new browsers:              ║
    ║                                                                         ║
    ║     npx playwright install                                              ║
    ║                                                                         ║
    ║ <3 Playwright Team                                                      ║
    ╚═════════════════════════════════════════════════════════════════════════╝

    TypeError: Cannot read properties of undefined (reading 'addInitScript')

      174 |   test.describe('Position Management', () => {
      175 |     test.beforeEach(async () => {
    > 176 |       await page.addInitScript(() => {
          |                  ^
      177 |         localStorage.setItem('auth_token', 'mock_token');
      178 |       });
      179 |       await page.goto('http://localhost:3000/positions');
        at /home/junk/RustroverProjects/defi-risk-monitor/frontend/tests/e2e/comprehensive_e2e_tests.spec.ts:176:18

    TypeError: Cannot read properties of undefined (reading 'evaluate')

      611 |   test.afterEach(async () => {
      612 |     // Clean up any test data or state
    > 613 |     await page.evaluate(() => {
          |                ^
      614 |       localStorage.clear();
      615 |       sessionStorage.clear();
      616 |     });
        at /home/junk/RustroverProjects/defi-risk-monitor/frontend/tests/e2e/comprehensive_e2e_tests.spec.ts:613:16
]]>
</failure>
</testcase>
<testcase name="DeFi Risk Monitor E2E Tests › Position Management › should filter and search positions" classname="comprehensive_e2e_tests.spec.ts" time="0.003">
<failure message="comprehensive_e2e_tests.spec.ts:245:9 should filter and search positions" type="FAILURE">
<![CDATA[  [Mobile Safari] › comprehensive_e2e_tests.spec.ts:245:9 › DeFi Risk Monitor E2E Tests › Position Management › should filter and search positions 

    Error: browserType.launch: Executable doesn't exist at /home/junk/.cache/ms-playwright/webkit_ubuntu20.04_x64_special-2092/pw_run.sh
    ╔═════════════════════════════════════════════════════════════════════════╗
    ║ Looks like Playwright Test or Playwright was just installed or updated. ║
    ║ Please run the following command to download new browsers:              ║
    ║                                                                         ║
    ║     npx playwright install                                              ║
    ║                                                                         ║
    ║ <3 Playwright Team                                                      ║
    ╚═════════════════════════════════════════════════════════════════════════╝

    TypeError: Cannot read properties of undefined (reading 'addInitScript')

      174 |   test.describe('Position Management', () => {
      175 |     test.beforeEach(async () => {
    > 176 |       await page.addInitScript(() => {
          |                  ^
      177 |         localStorage.setItem('auth_token', 'mock_token');
      178 |       });
      179 |       await page.goto('http://localhost:3000/positions');
        at /home/junk/RustroverProjects/defi-risk-monitor/frontend/tests/e2e/comprehensive_e2e_tests.spec.ts:176:18

    TypeError: Cannot read properties of undefined (reading 'evaluate')

      611 |   test.afterEach(async () => {
      612 |     // Clean up any test data or state
    > 613 |     await page.evaluate(() => {
          |                ^
      614 |       localStorage.clear();
      615 |       sessionStorage.clear();
      616 |     });
        at /home/junk/RustroverProjects/defi-risk-monitor/frontend/tests/e2e/comprehensive_e2e_tests.spec.ts:613:16
]]>
</failure>
</testcase>
<testcase name="DeFi Risk Monitor E2E Tests › Analytics and Charts › should display portfolio analytics charts" classname="comprehensive_e2e_tests.spec.ts" time="0.004">
<failure message="comprehensive_e2e_tests.spec.ts:278:9 should display portfolio analytics charts" type="FAILURE">
<![CDATA[  [Mobile Safari] › comprehensive_e2e_tests.spec.ts:278:9 › DeFi Risk Monitor E2E Tests › Analytics and Charts › should display portfolio analytics charts 

    Error: browserType.launch: Executable doesn't exist at /home/junk/.cache/ms-playwright/webkit_ubuntu20.04_x64_special-2092/pw_run.sh
    ╔═════════════════════════════════════════════════════════════════════════╗
    ║ Looks like Playwright Test or Playwright was just installed or updated. ║
    ║ Please run the following command to download new browsers:              ║
    ║                                                                         ║
    ║     npx playwright install                                              ║
    ║                                                                         ║
    ║ <3 Playwright Team                                                      ║
    ╚═════════════════════════════════════════════════════════════════════════╝

    TypeError: Cannot read properties of undefined (reading 'addInitScript')

      270 |   test.describe('Analytics and Charts', () => {
      271 |     test.beforeEach(async () => {
    > 272 |       await page.addInitScript(() => {
          |                  ^
      273 |         localStorage.setItem('auth_token', 'mock_token');
      274 |       });
      275 |       await page.goto('http://localhost:3000/analytics');
        at /home/junk/RustroverProjects/defi-risk-monitor/frontend/tests/e2e/comprehensive_e2e_tests.spec.ts:272:18

    TypeError: Cannot read properties of undefined (reading 'evaluate')

      611 |   test.afterEach(async () => {
      612 |     // Clean up any test data or state
    > 613 |     await page.evaluate(() => {
          |                ^
      614 |       localStorage.clear();
      615 |       sessionStorage.clear();
      616 |     });
        at /home/junk/RustroverProjects/defi-risk-monitor/frontend/tests/e2e/comprehensive_e2e_tests.spec.ts:613:16
]]>
</failure>
</testcase>
<testcase name="DeFi Risk Monitor E2E Tests › Analytics and Charts › should interact with risk factor breakdown" classname="comprehensive_e2e_tests.spec.ts" time="0.003">
<failure message="comprehensive_e2e_tests.spec.ts:299:9 should interact with risk factor breakdown" type="FAILURE">
<![CDATA[  [Mobile Safari] › comprehensive_e2e_tests.spec.ts:299:9 › DeFi Risk Monitor E2E Tests › Analytics and Charts › should interact with risk factor breakdown 

    Error: browserType.launch: Executable doesn't exist at /home/junk/.cache/ms-playwright/webkit_ubuntu20.04_x64_special-2092/pw_run.sh
    ╔═════════════════════════════════════════════════════════════════════════╗
    ║ Looks like Playwright Test or Playwright was just installed or updated. ║
    ║ Please run the following command to download new browsers:              ║
    ║                                                                         ║
    ║     npx playwright install                                              ║
    ║                                                                         ║
    ║ <3 Playwright Team                                                      ║
    ╚═════════════════════════════════════════════════════════════════════════╝

    TypeError: Cannot read properties of undefined (reading 'addInitScript')

      270 |   test.describe('Analytics and Charts', () => {
      271 |     test.beforeEach(async () => {
    > 272 |       await page.addInitScript(() => {
          |                  ^
      273 |         localStorage.setItem('auth_token', 'mock_token');
      274 |       });
      275 |       await page.goto('http://localhost:3000/analytics');
        at /home/junk/RustroverProjects/defi-risk-monitor/frontend/tests/e2e/comprehensive_e2e_tests.spec.ts:272:18

    TypeError: Cannot read properties of undefined (reading 'evaluate')

      611 |   test.afterEach(async () => {
      612 |     // Clean up any test data or state
    > 613 |     await page.evaluate(() => {
          |                ^
      614 |       localStorage.clear();
      615 |       sessionStorage.clear();
      616 |     });
        at /home/junk/RustroverProjects/defi-risk-monitor/frontend/tests/e2e/comprehensive_e2e_tests.spec.ts:613:16
]]>
</failure>
</testcase>
<testcase name="DeFi Risk Monitor E2E Tests › Analytics and Charts › should export analytics data" classname="comprehensive_e2e_tests.spec.ts" time="0.003">
<failure message="comprehensive_e2e_tests.spec.ts:321:9 should export analytics data" type="FAILURE">
<![CDATA[  [Mobile Safari] › comprehensive_e2e_tests.spec.ts:321:9 › DeFi Risk Monitor E2E Tests › Analytics and Charts › should export analytics data 

    Error: browserType.launch: Executable doesn't exist at /home/junk/.cache/ms-playwright/webkit_ubuntu20.04_x64_special-2092/pw_run.sh
    ╔═════════════════════════════════════════════════════════════════════════╗
    ║ Looks like Playwright Test or Playwright was just installed or updated. ║
    ║ Please run the following command to download new browsers:              ║
    ║                                                                         ║
    ║     npx playwright install                                              ║
    ║                                                                         ║
    ║ <3 Playwright Team                                                      ║
    ╚═════════════════════════════════════════════════════════════════════════╝

    TypeError: Cannot read properties of undefined (reading 'addInitScript')

      270 |   test.describe('Analytics and Charts', () => {
      271 |     test.beforeEach(async () => {
    > 272 |       await page.addInitScript(() => {
          |                  ^
      273 |         localStorage.setItem('auth_token', 'mock_token');
      274 |       });
      275 |       await page.goto('http://localhost:3000/analytics');
        at /home/junk/RustroverProjects/defi-risk-monitor/frontend/tests/e2e/comprehensive_e2e_tests.spec.ts:272:18

    TypeError: Cannot read properties of undefined (reading 'evaluate')

      611 |   test.afterEach(async () => {
      612 |     // Clean up any test data or state
    > 613 |     await page.evaluate(() => {
          |                ^
      614 |       localStorage.clear();
      615 |       sessionStorage.clear();
      616 |     });
        at /home/junk/RustroverProjects/defi-risk-monitor/frontend/tests/e2e/comprehensive_e2e_tests.spec.ts:613:16
]]>
</failure>
</testcase>
<testcase name="DeFi Risk Monitor E2E Tests › Alert Management › should create and manage alerts" classname="comprehensive_e2e_tests.spec.ts" time="0.004">
<failure message="comprehensive_e2e_tests.spec.ts:346:9 should create and manage alerts" type="FAILURE">
<![CDATA[  [Mobile Safari] › comprehensive_e2e_tests.spec.ts:346:9 › DeFi Risk Monitor E2E Tests › Alert Management › should create and manage alerts 

    Error: browserType.launch: Executable doesn't exist at /home/junk/.cache/ms-playwright/webkit_ubuntu20.04_x64_special-2092/pw_run.sh
    ╔═════════════════════════════════════════════════════════════════════════╗
    ║ Looks like Playwright Test or Playwright was just installed or updated. ║
    ║ Please run the following command to download new browsers:              ║
    ║                                                                         ║
    ║     npx playwright install                                              ║
    ║                                                                         ║
    ║ <3 Playwright Team                                                      ║
    ╚═════════════════════════════════════════════════════════════════════════╝

    TypeError: Cannot read properties of undefined (reading 'addInitScript')

      338 |   test.describe('Alert Management', () => {
      339 |     test.beforeEach(async () => {
    > 340 |       await page.addInitScript(() => {
          |                  ^
      341 |         localStorage.setItem('auth_token', 'mock_token');
      342 |       });
      343 |       await page.goto('http://localhost:3000/alerts');
        at /home/junk/RustroverProjects/defi-risk-monitor/frontend/tests/e2e/comprehensive_e2e_tests.spec.ts:340:18

    TypeError: Cannot read properties of undefined (reading 'evaluate')

      611 |   test.afterEach(async () => {
      612 |     // Clean up any test data or state
    > 613 |     await page.evaluate(() => {
          |                ^
      614 |       localStorage.clear();
      615 |       sessionStorage.clear();
      616 |     });
        at /home/junk/RustroverProjects/defi-risk-monitor/frontend/tests/e2e/comprehensive_e2e_tests.spec.ts:613:16
]]>
</failure>
</testcase>
<testcase name="DeFi Risk Monitor E2E Tests › Alert Management › should display alert history" classname="comprehensive_e2e_tests.spec.ts" time="0.003">
<failure message="comprehensive_e2e_tests.spec.ts:373:9 should display alert history" type="FAILURE">
<![CDATA[  [Mobile Safari] › comprehensive_e2e_tests.spec.ts:373:9 › DeFi Risk Monitor E2E Tests › Alert Management › should display alert history 

    Error: browserType.launch: Executable doesn't exist at /home/junk/.cache/ms-playwright/webkit_ubuntu20.04_x64_special-2092/pw_run.sh
    ╔═════════════════════════════════════════════════════════════════════════╗
    ║ Looks like Playwright Test or Playwright was just installed or updated. ║
    ║ Please run the following command to download new browsers:              ║
    ║                                                                         ║
    ║     npx playwright install                                              ║
    ║                                                                         ║
    ║ <3 Playwright Team                                                      ║
    ╚═════════════════════════════════════════════════════════════════════════╝

    TypeError: Cannot read properties of undefined (reading 'addInitScript')

      338 |   test.describe('Alert Management', () => {
      339 |     test.beforeEach(async () => {
    > 340 |       await page.addInitScript(() => {
          |                  ^
      341 |         localStorage.setItem('auth_token', 'mock_token');
      342 |       });
      343 |       await page.goto('http://localhost:3000/alerts');
        at /home/junk/RustroverProjects/defi-risk-monitor/frontend/tests/e2e/comprehensive_e2e_tests.spec.ts:340:18

    TypeError: Cannot read properties of undefined (reading 'evaluate')

      611 |   test.afterEach(async () => {
      612 |     // Clean up any test data or state
    > 613 |     await page.evaluate(() => {
          |                ^
      614 |       localStorage.clear();
      615 |       sessionStorage.clear();
      616 |     });
        at /home/junk/RustroverProjects/defi-risk-monitor/frontend/tests/e2e/comprehensive_e2e_tests.spec.ts:613:16
]]>
</failure>
</testcase>
<testcase name="DeFi Risk Monitor E2E Tests › Explainable AI Interface › should interact with AI chat interface" classname="comprehensive_e2e_tests.spec.ts" time="0.003">
<failure message="comprehensive_e2e_tests.spec.ts:403:9 should interact with AI chat interface" type="FAILURE">
<![CDATA[  [Mobile Safari] › comprehensive_e2e_tests.spec.ts:403:9 › DeFi Risk Monitor E2E Tests › Explainable AI Interface › should interact with AI chat interface 

    Error: browserType.launch: Executable doesn't exist at /home/junk/.cache/ms-playwright/webkit_ubuntu20.04_x64_special-2092/pw_run.sh
    ╔═════════════════════════════════════════════════════════════════════════╗
    ║ Looks like Playwright Test or Playwright was just installed or updated. ║
    ║ Please run the following command to download new browsers:              ║
    ║                                                                         ║
    ║     npx playwright install                                              ║
    ║                                                                         ║
    ║ <3 Playwright Team                                                      ║
    ╚═════════════════════════════════════════════════════════════════════════╝

    TypeError: Cannot read properties of undefined (reading 'addInitScript')

      395 |   test.describe('Explainable AI Interface', () => {
      396 |     test.beforeEach(async () => {
    > 397 |       await page.addInitScript(() => {
          |                  ^
      398 |         localStorage.setItem('auth_token', 'mock_token');
      399 |       });
      400 |       await page.goto('http://localhost:3000/ai-insights');
        at /home/junk/RustroverProjects/defi-risk-monitor/frontend/tests/e2e/comprehensive_e2e_tests.spec.ts:397:18

    TypeError: Cannot read properties of undefined (reading 'evaluate')

      611 |   test.afterEach(async () => {
      612 |     // Clean up any test data or state
    > 613 |     await page.evaluate(() => {
          |                ^
      614 |       localStorage.clear();
      615 |       sessionStorage.clear();
      616 |     });
        at /home/junk/RustroverProjects/defi-risk-monitor/frontend/tests/e2e/comprehensive_e2e_tests.spec.ts:613:16
]]>
</failure>
</testcase>
<testcase name="DeFi Risk Monitor E2E Tests › Explainable AI Interface › should display risk predictions" classname="comprehensive_e2e_tests.spec.ts" time="0.003">
<failure message="comprehensive_e2e_tests.spec.ts:429:9 should display risk predictions" type="FAILURE">
<![CDATA[  [Mobile Safari] › comprehensive_e2e_tests.spec.ts:429:9 › DeFi Risk Monitor E2E Tests › Explainable AI Interface › should display risk predictions 

    Error: browserType.launch: Executable doesn't exist at /home/junk/.cache/ms-playwright/webkit_ubuntu20.04_x64_special-2092/pw_run.sh
    ╔═════════════════════════════════════════════════════════════════════════╗
    ║ Looks like Playwright Test or Playwright was just installed or updated. ║
    ║ Please run the following command to download new browsers:              ║
    ║                                                                         ║
    ║     npx playwright install                                              ║
    ║                                                                         ║
    ║ <3 Playwright Team                                                      ║
    ╚═════════════════════════════════════════════════════════════════════════╝

    TypeError: Cannot read properties of undefined (reading 'addInitScript')

      395 |   test.describe('Explainable AI Interface', () => {
      396 |     test.beforeEach(async () => {
    > 397 |       await page.addInitScript(() => {
          |                  ^
      398 |         localStorage.setItem('auth_token', 'mock_token');
      399 |       });
      400 |       await page.goto('http://localhost:3000/ai-insights');
        at /home/junk/RustroverProjects/defi-risk-monitor/frontend/tests/e2e/comprehensive_e2e_tests.spec.ts:397:18

    TypeError: Cannot read properties of undefined (reading 'evaluate')

      611 |   test.afterEach(async () => {
      612 |     // Clean up any test data or state
    > 613 |     await page.evaluate(() => {
          |                ^
      614 |       localStorage.clear();
      615 |       sessionStorage.clear();
      616 |     });
        at /home/junk/RustroverProjects/defi-risk-monitor/frontend/tests/e2e/comprehensive_e2e_tests.spec.ts:613:16
]]>
</failure>
</testcase>
<testcase name="DeFi Risk Monitor E2E Tests › Responsive Design and Mobile › should work on mobile viewport" classname="comprehensive_e2e_tests.spec.ts" time="0.003">
<failure message="comprehensive_e2e_tests.spec.ts:452:9 should work on mobile viewport" type="FAILURE">
<![CDATA[  [Mobile Safari] › comprehensive_e2e_tests.spec.ts:452:9 › DeFi Risk Monitor E2E Tests › Responsive Design and Mobile › should work on mobile viewport 

    Error: browserType.launch: Executable doesn't exist at /home/junk/.cache/ms-playwright/webkit_ubuntu20.04_x64_special-2092/pw_run.sh
    ╔═════════════════════════════════════════════════════════════════════════╗
    ║ Looks like Playwright Test or Playwright was just installed or updated. ║
    ║ Please run the following command to download new browsers:              ║
    ║                                                                         ║
    ║     npx playwright install                                              ║
    ║                                                                         ║
    ║ <3 Playwright Team                                                      ║
    ╚═════════════════════════════════════════════════════════════════════════╝

    TypeError: Cannot read properties of undefined (reading 'evaluate')

      611 |   test.afterEach(async () => {
      612 |     // Clean up any test data or state
    > 613 |     await page.evaluate(() => {
          |                ^
      614 |       localStorage.clear();
      615 |       sessionStorage.clear();
      616 |     });
        at /home/junk/RustroverProjects/defi-risk-monitor/frontend/tests/e2e/comprehensive_e2e_tests.spec.ts:613:16
]]>
</failure>
</testcase>
<testcase name="DeFi Risk Monitor E2E Tests › Responsive Design and Mobile › should work on tablet viewport" classname="comprehensive_e2e_tests.spec.ts" time="0.002">
<failure message="comprehensive_e2e_tests.spec.ts:475:9 should work on tablet viewport" type="FAILURE">
<![CDATA[  [Mobile Safari] › comprehensive_e2e_tests.spec.ts:475:9 › DeFi Risk Monitor E2E Tests › Responsive Design and Mobile › should work on tablet viewport 

    Error: browserType.launch: Executable doesn't exist at /home/junk/.cache/ms-playwright/webkit_ubuntu20.04_x64_special-2092/pw_run.sh
    ╔═════════════════════════════════════════════════════════════════════════╗
    ║ Looks like Playwright Test or Playwright was just installed or updated. ║
    ║ Please run the following command to download new browsers:              ║
    ║                                                                         ║
    ║     npx playwright install                                              ║
    ║                                                                         ║
    ║ <3 Playwright Team                                                      ║
    ╚═════════════════════════════════════════════════════════════════════════╝

    TypeError: Cannot read properties of undefined (reading 'evaluate')

      611 |   test.afterEach(async () => {
      612 |     // Clean up any test data or state
    > 613 |     await page.evaluate(() => {
          |                ^
      614 |       localStorage.clear();
      615 |       sessionStorage.clear();
      616 |     });
        at /home/junk/RustroverProjects/defi-risk-monitor/frontend/tests/e2e/comprehensive_e2e_tests.spec.ts:613:16
]]>
</failure>
</testcase>
<testcase name="DeFi Risk Monitor E2E Tests › Performance and Loading › should load dashboard within performance budget" classname="comprehensive_e2e_tests.spec.ts" time="0.003">
<failure message="comprehensive_e2e_tests.spec.ts:496:9 should load dashboard within performance budget" type="FAILURE">
<![CDATA[  [Mobile Safari] › comprehensive_e2e_tests.spec.ts:496:9 › DeFi Risk Monitor E2E Tests › Performance and Loading › should load dashboard within performance budget 

    Error: browserType.launch: Executable doesn't exist at /home/junk/.cache/ms-playwright/webkit_ubuntu20.04_x64_special-2092/pw_run.sh
    ╔═════════════════════════════════════════════════════════════════════════╗
    ║ Looks like Playwright Test or Playwright was just installed or updated. ║
    ║ Please run the following command to download new browsers:              ║
    ║                                                                         ║
    ║     npx playwright install                                              ║
    ║                                                                         ║
    ║ <3 Playwright Team                                                      ║
    ╚═════════════════════════════════════════════════════════════════════════╝

    TypeError: Cannot read properties of undefined (reading 'evaluate')

      611 |   test.afterEach(async () => {
      612 |     // Clean up any test data or state
    > 613 |     await page.evaluate(() => {
          |                ^
      614 |       localStorage.clear();
      615 |       sessionStorage.clear();
      616 |     });
        at /home/junk/RustroverProjects/defi-risk-monitor/frontend/tests/e2e/comprehensive_e2e_tests.spec.ts:613:16
]]>
</failure>
</testcase>
<testcase name="DeFi Risk Monitor E2E Tests › Performance and Loading › should handle large datasets efficiently" classname="comprehensive_e2e_tests.spec.ts" time="0.003">
<failure message="comprehensive_e2e_tests.spec.ts:513:9 should handle large datasets efficiently" type="FAILURE">
<![CDATA[  [Mobile Safari] › comprehensive_e2e_tests.spec.ts:513:9 › DeFi Risk Monitor E2E Tests › Performance and Loading › should handle large datasets efficiently 

    Error: browserType.launch: Executable doesn't exist at /home/junk/.cache/ms-playwright/webkit_ubuntu20.04_x64_special-2092/pw_run.sh
    ╔═════════════════════════════════════════════════════════════════════════╗
    ║ Looks like Playwright Test or Playwright was just installed or updated. ║
    ║ Please run the following command to download new browsers:              ║
    ║                                                                         ║
    ║     npx playwright install                                              ║
    ║                                                                         ║
    ║ <3 Playwright Team                                                      ║
    ╚═════════════════════════════════════════════════════════════════════════╝

    TypeError: Cannot read properties of undefined (reading 'evaluate')

      611 |   test.afterEach(async () => {
      612 |     // Clean up any test data or state
    > 613 |     await page.evaluate(() => {
          |                ^
      614 |       localStorage.clear();
      615 |       sessionStorage.clear();
      616 |     });
        at /home/junk/RustroverProjects/defi-risk-monitor/frontend/tests/e2e/comprehensive_e2e_tests.spec.ts:613:16
]]>
</failure>
</testcase>
<testcase name="DeFi Risk Monitor E2E Tests › Error Handling and Edge Cases › should handle network errors gracefully" classname="comprehensive_e2e_tests.spec.ts" time="0.002">
<failure message="comprehensive_e2e_tests.spec.ts:547:9 should handle network errors gracefully" type="FAILURE">
<![CDATA[  [Mobile Safari] › comprehensive_e2e_tests.spec.ts:547:9 › DeFi Risk Monitor E2E Tests › Error Handling and Edge Cases › should handle network errors gracefully 

    Error: browserType.launch: Executable doesn't exist at /home/junk/.cache/ms-playwright/webkit_ubuntu20.04_x64_special-2092/pw_run.sh
    ╔═════════════════════════════════════════════════════════════════════════╗
    ║ Looks like Playwright Test or Playwright was just installed or updated. ║
    ║ Please run the following command to download new browsers:              ║
    ║                                                                         ║
    ║     npx playwright install                                              ║
    ║                                                                         ║
    ║ <3 Playwright Team                                                      ║
    ╚═════════════════════════════════════════════════════════════════════════╝

    TypeError: Cannot read properties of undefined (reading 'evaluate')

      611 |   test.afterEach(async () => {
      612 |     // Clean up any test data or state
    > 613 |     await page.evaluate(() => {
          |                ^
      614 |       localStorage.clear();
      615 |       sessionStorage.clear();
      616 |     });
        at /home/junk/RustroverProjects/defi-risk-monitor/frontend/tests/e2e/comprehensive_e2e_tests.spec.ts:613:16
]]>
</failure>
</testcase>
<testcase name="DeFi Risk Monitor E2E Tests › Error Handling and Edge Cases › should handle invalid data gracefully" classname="comprehensive_e2e_tests.spec.ts" time="0.003">
<failure message="comprehensive_e2e_tests.spec.ts:569:9 should handle invalid data gracefully" type="FAILURE">
<![CDATA[  [Mobile Safari] › comprehensive_e2e_tests.spec.ts:569:9 › DeFi Risk Monitor E2E Tests › Error Handling and Edge Cases › should handle invalid data gracefully 

    Error: browserType.launch: Executable doesn't exist at /home/junk/.cache/ms-playwright/webkit_ubuntu20.04_x64_special-2092/pw_run.sh
    ╔═════════════════════════════════════════════════════════════════════════╗
    ║ Looks like Playwright Test or Playwright was just installed or updated. ║
    ║ Please run the following command to download new browsers:              ║
    ║                                                                         ║
    ║     npx playwright install                                              ║
    ║                                                                         ║
    ║ <3 Playwright Team                                                      ║
    ╚═════════════════════════════════════════════════════════════════════════╝

    TypeError: Cannot read properties of undefined (reading 'evaluate')

      611 |   test.afterEach(async () => {
      612 |     // Clean up any test data or state
    > 613 |     await page.evaluate(() => {
          |                ^
      614 |       localStorage.clear();
      615 |       sessionStorage.clear();
      616 |     });
        at /home/junk/RustroverProjects/defi-risk-monitor/frontend/tests/e2e/comprehensive_e2e_tests.spec.ts:613:16
]]>
</failure>
</testcase>
<testcase name="DeFi Risk Monitor E2E Tests › Error Handling and Edge Cases › should handle session expiration" classname="comprehensive_e2e_tests.spec.ts" time="0.003">
<failure message="comprehensive_e2e_tests.spec.ts:589:9 should handle session expiration" type="FAILURE">
<![CDATA[  [Mobile Safari] › comprehensive_e2e_tests.spec.ts:589:9 › DeFi Risk Monitor E2E Tests › Error Handling and Edge Cases › should handle session expiration 

    Error: browserType.launch: Executable doesn't exist at /home/junk/.cache/ms-playwright/webkit_ubuntu20.04_x64_special-2092/pw_run.sh
    ╔═════════════════════════════════════════════════════════════════════════╗
    ║ Looks like Playwright Test or Playwright was just installed or updated. ║
    ║ Please run the following command to download new browsers:              ║
    ║                                                                         ║
    ║     npx playwright install                                              ║
    ║                                                                         ║
    ║ <3 Playwright Team                                                      ║
    ╚═════════════════════════════════════════════════════════════════════════╝

    TypeError: Cannot read properties of undefined (reading 'evaluate')

      611 |   test.afterEach(async () => {
      612 |     // Clean up any test data or state
    > 613 |     await page.evaluate(() => {
          |                ^
      614 |       localStorage.clear();
      615 |       sessionStorage.clear();
      616 |     });
        at /home/junk/RustroverProjects/defi-risk-monitor/frontend/tests/e2e/comprehensive_e2e_tests.spec.ts:613:16
]]>
</failure>
</testcase>
</testsuite>
<testsuite name="comprehensive_e2e_tests.spec.ts" timestamp="2025-08-02T01:18:22.781Z" hostname="Microsoft Edge" tests="23" failures="5" skipped="18" time="0.017" errors="0">
<testcase name="DeFi Risk Monitor E2E Tests › Authentication Flow › should complete full authentication workflow" classname="comprehensive_e2e_tests.spec.ts" time="0.004">
<failure message="comprehensive_e2e_tests.spec.ts:21:9 should complete full authentication workflow" type="FAILURE">
<![CDATA[  [Microsoft Edge] › comprehensive_e2e_tests.spec.ts:21:9 › DeFi Risk Monitor E2E Tests › Authentication Flow › should complete full authentication workflow 

    Error: browserType.launch: Chromium distribution 'msedge' is not found at /opt/microsoft/msedge/msedge
    Run "npx playwright install msedge"

    TypeError: Cannot read properties of undefined (reading 'evaluate')

      611 |   test.afterEach(async () => {
      612 |     // Clean up any test data or state
    > 613 |     await page.evaluate(() => {
          |                ^
      614 |       localStorage.clear();
      615 |       sessionStorage.clear();
      616 |     });
        at /home/junk/RustroverProjects/defi-risk-monitor/frontend/tests/e2e/comprehensive_e2e_tests.spec.ts:613:16
]]>
</failure>
</testcase>
<testcase name="DeFi Risk Monitor E2E Tests › Authentication Flow › should handle wallet connection" classname="comprehensive_e2e_tests.spec.ts" time="0.003">
<failure message="comprehensive_e2e_tests.spec.ts:44:9 should handle wallet connection" type="FAILURE">
<![CDATA[  [Microsoft Edge] › comprehensive_e2e_tests.spec.ts:44:9 › DeFi Risk Monitor E2E Tests › Authentication Flow › should handle wallet connection 

    Error: browserType.launch: Chromium distribution 'msedge' is not found at /opt/microsoft/msedge/msedge
    Run "npx playwright install msedge"

    TypeError: Cannot read properties of undefined (reading 'evaluate')

      611 |   test.afterEach(async () => {
      612 |     // Clean up any test data or state
    > 613 |     await page.evaluate(() => {
          |                ^
      614 |       localStorage.clear();
      615 |       sessionStorage.clear();
      616 |     });
        at /home/junk/RustroverProjects/defi-risk-monitor/frontend/tests/e2e/comprehensive_e2e_tests.spec.ts:613:16
]]>
</failure>
</testcase>
<testcase name="DeFi Risk Monitor E2E Tests › Risk Dashboard Functionality › should display risk dashboard with real-time updates" classname="comprehensive_e2e_tests.spec.ts" time="0.004">
<failure message="comprehensive_e2e_tests.spec.ts:81:9 should display risk dashboard with real-time updates" type="FAILURE">
<![CDATA[  [Microsoft Edge] › comprehensive_e2e_tests.spec.ts:81:9 › DeFi Risk Monitor E2E Tests › Risk Dashboard Functionality › should display risk dashboard with real-time updates 

    Error: browserType.launch: Chromium distribution 'msedge' is not found at /opt/microsoft/msedge/msedge
    Run "npx playwright install msedge"

    TypeError: Cannot read properties of undefined (reading 'addInitScript')

      72 |     test.beforeEach(async () => {
      73 |       // Mock authentication
    > 74 |       await page.addInitScript(() => {
         |                  ^
      75 |         localStorage.setItem('auth_token', 'mock_token');
      76 |         localStorage.setItem('user_id', 'test-user-id');
      77 |       });
        at /home/junk/RustroverProjects/defi-risk-monitor/frontend/tests/e2e/comprehensive_e2e_tests.spec.ts:74:18

    TypeError: Cannot read properties of undefined (reading 'evaluate')

      611 |   test.afterEach(async () => {
      612 |     // Clean up any test data or state
    > 613 |     await page.evaluate(() => {
          |                ^
      614 |       localStorage.clear();
      615 |       sessionStorage.clear();
      616 |     });
        at /home/junk/RustroverProjects/defi-risk-monitor/frontend/tests/e2e/comprehensive_e2e_tests.spec.ts:613:16
]]>
</failure>
</testcase>
<testcase name="DeFi Risk Monitor E2E Tests › Risk Dashboard Functionality › should handle real-time risk updates" classname="comprehensive_e2e_tests.spec.ts" time="0.003">
<failure message="comprehensive_e2e_tests.spec.ts:100:9 should handle real-time risk updates" type="FAILURE">
<![CDATA[  [Microsoft Edge] › comprehensive_e2e_tests.spec.ts:100:9 › DeFi Risk Monitor E2E Tests › Risk Dashboard Functionality › should handle real-time risk updates 

    Error: browserType.launch: Chromium distribution 'msedge' is not found at /opt/microsoft/msedge/msedge
    Run "npx playwright install msedge"

    TypeError: Cannot read properties of undefined (reading 'addInitScript')

      72 |     test.beforeEach(async () => {
      73 |       // Mock authentication
    > 74 |       await page.addInitScript(() => {
         |                  ^
      75 |         localStorage.setItem('auth_token', 'mock_token');
      76 |         localStorage.setItem('user_id', 'test-user-id');
      77 |       });
        at /home/junk/RustroverProjects/defi-risk-monitor/frontend/tests/e2e/comprehensive_e2e_tests.spec.ts:74:18

    TypeError: Cannot read properties of undefined (reading 'evaluate')

      611 |   test.afterEach(async () => {
      612 |     // Clean up any test data or state
    > 613 |     await page.evaluate(() => {
          |                ^
      614 |       localStorage.clear();
      615 |       sessionStorage.clear();
      616 |     });
        at /home/junk/RustroverProjects/defi-risk-monitor/frontend/tests/e2e/comprehensive_e2e_tests.spec.ts:613:16
]]>
</failure>
</testcase>
<testcase name="DeFi Risk Monitor E2E Tests › Risk Dashboard Functionality › should navigate between dashboard sections" classname="comprehensive_e2e_tests.spec.ts" time="0.003">
<failure message="comprehensive_e2e_tests.spec.ts:151:9 should navigate between dashboard sections" type="FAILURE">
<![CDATA[  [Microsoft Edge] › comprehensive_e2e_tests.spec.ts:151:9 › DeFi Risk Monitor E2E Tests › Risk Dashboard Functionality › should navigate between dashboard sections 

    Error: browserType.launch: Chromium distribution 'msedge' is not found at /opt/microsoft/msedge/msedge
    Run "npx playwright install msedge"

    TypeError: Cannot read properties of undefined (reading 'addInitScript')

      72 |     test.beforeEach(async () => {
      73 |       // Mock authentication
    > 74 |       await page.addInitScript(() => {
         |                  ^
      75 |         localStorage.setItem('auth_token', 'mock_token');
      76 |         localStorage.setItem('user_id', 'test-user-id');
      77 |       });
        at /home/junk/RustroverProjects/defi-risk-monitor/frontend/tests/e2e/comprehensive_e2e_tests.spec.ts:74:18

    TypeError: Cannot read properties of undefined (reading 'evaluate')

      611 |   test.afterEach(async () => {
      612 |     // Clean up any test data or state
    > 613 |     await page.evaluate(() => {
          |                ^
      614 |       localStorage.clear();
      615 |       sessionStorage.clear();
      616 |     });
        at /home/junk/RustroverProjects/defi-risk-monitor/frontend/tests/e2e/comprehensive_e2e_tests.spec.ts:613:16
]]>
</failure>
</testcase>
<testcase name="DeFi Risk Monitor E2E Tests › Position Management › should create new position" classname="comprehensive_e2e_tests.spec.ts" time="0">
<skipped>
</skipped>
</testcase>
<testcase name="DeFi Risk Monitor E2E Tests › Position Management › should edit existing position" classname="comprehensive_e2e_tests.spec.ts" time="0">
<skipped>
</skipped>
</testcase>
<testcase name="DeFi Risk Monitor E2E Tests › Position Management › should delete position with confirmation" classname="comprehensive_e2e_tests.spec.ts" time="0">
<skipped>
</skipped>
</testcase>
<testcase name="DeFi Risk Monitor E2E Tests › Position Management › should filter and search positions" classname="comprehensive_e2e_tests.spec.ts" time="0">
<skipped>
</skipped>
</testcase>
<testcase name="DeFi Risk Monitor E2E Tests › Analytics and Charts › should display portfolio analytics charts" classname="comprehensive_e2e_tests.spec.ts" time="0">
<skipped>
</skipped>
</testcase>
<testcase name="DeFi Risk Monitor E2E Tests › Analytics and Charts › should interact with risk factor breakdown" classname="comprehensive_e2e_tests.spec.ts" time="0">
<skipped>
</skipped>
</testcase>
<testcase name="DeFi Risk Monitor E2E Tests › Analytics and Charts › should export analytics data" classname="comprehensive_e2e_tests.spec.ts" time="0">
<skipped>
</skipped>
</testcase>
<testcase name="DeFi Risk Monitor E2E Tests › Alert Management › should create and manage alerts" classname="comprehensive_e2e_tests.spec.ts" time="0">
<skipped>
</skipped>
</testcase>
<testcase name="DeFi Risk Monitor E2E Tests › Alert Management › should display alert history" classname="comprehensive_e2e_tests.spec.ts" time="0">
<skipped>
</skipped>
</testcase>
<testcase name="DeFi Risk Monitor E2E Tests › Explainable AI Interface › should interact with AI chat interface" classname="comprehensive_e2e_tests.spec.ts" time="0">
<skipped>
</skipped>
</testcase>
<testcase name="DeFi Risk Monitor E2E Tests › Explainable AI Interface › should display risk predictions" classname="comprehensive_e2e_tests.spec.ts" time="0">
<skipped>
</skipped>
</testcase>
<testcase name="DeFi Risk Monitor E2E Tests › Responsive Design and Mobile › should work on mobile viewport" classname="comprehensive_e2e_tests.spec.ts" time="0">
<skipped>
</skipped>
</testcase>
<testcase name="DeFi Risk Monitor E2E Tests › Responsive Design and Mobile › should work on tablet viewport" classname="comprehensive_e2e_tests.spec.ts" time="0">
<skipped>
</skipped>
</testcase>
<testcase name="DeFi Risk Monitor E2E Tests › Performance and Loading › should load dashboard within performance budget" classname="comprehensive_e2e_tests.spec.ts" time="0">
<skipped>
</skipped>
</testcase>
<testcase name="DeFi Risk Monitor E2E Tests › Performance and Loading › should handle large datasets efficiently" classname="comprehensive_e2e_tests.spec.ts" time="0">
<skipped>
</skipped>
</testcase>
<testcase name="DeFi Risk Monitor E2E Tests › Error Handling and Edge Cases › should handle network errors gracefully" classname="comprehensive_e2e_tests.spec.ts" time="0">
<skipped>
</skipped>
</testcase>
<testcase name="DeFi Risk Monitor E2E Tests › Error Handling and Edge Cases › should handle invalid data gracefully" classname="comprehensive_e2e_tests.spec.ts" time="0">
<skipped>
</skipped>
</testcase>
<testcase name="DeFi Risk Monitor E2E Tests › Error Handling and Edge Cases › should handle session expiration" classname="comprehensive_e2e_tests.spec.ts" time="0">
<skipped>
</skipped>
</testcase>
</testsuite>
<testsuite name="comprehensive_e2e_tests.spec.ts" timestamp="2025-08-02T01:18:22.781Z" hostname="Google Chrome" tests="23" failures="0" skipped="23" time="0" errors="0">
<testcase name="DeFi Risk Monitor E2E Tests › Authentication Flow › should complete full authentication workflow" classname="comprehensive_e2e_tests.spec.ts" time="0">
<skipped>
</skipped>
</testcase>
<testcase name="DeFi Risk Monitor E2E Tests › Authentication Flow › should handle wallet connection" classname="comprehensive_e2e_tests.spec.ts" time="0">
<skipped>
</skipped>
</testcase>
<testcase name="DeFi Risk Monitor E2E Tests › Risk Dashboard Functionality › should display risk dashboard with real-time updates" classname="comprehensive_e2e_tests.spec.ts" time="0">
<skipped>
</skipped>
</testcase>
<testcase name="DeFi Risk Monitor E2E Tests › Risk Dashboard Functionality › should handle real-time risk updates" classname="comprehensive_e2e_tests.spec.ts" time="0">
<skipped>
</skipped>
</testcase>
<testcase name="DeFi Risk Monitor E2E Tests › Risk Dashboard Functionality › should navigate between dashboard sections" classname="comprehensive_e2e_tests.spec.ts" time="0">
<skipped>
</skipped>
</testcase>
<testcase name="DeFi Risk Monitor E2E Tests › Position Management › should create new position" classname="comprehensive_e2e_tests.spec.ts" time="0">
<skipped>
</skipped>
</testcase>
<testcase name="DeFi Risk Monitor E2E Tests › Position Management › should edit existing position" classname="comprehensive_e2e_tests.spec.ts" time="0">
<skipped>
</skipped>
</testcase>
<testcase name="DeFi Risk Monitor E2E Tests › Position Management › should delete position with confirmation" classname="comprehensive_e2e_tests.spec.ts" time="0">
<skipped>
</skipped>
</testcase>
<testcase name="DeFi Risk Monitor E2E Tests › Position Management › should filter and search positions" classname="comprehensive_e2e_tests.spec.ts" time="0">
<skipped>
</skipped>
</testcase>
<testcase name="DeFi Risk Monitor E2E Tests › Analytics and Charts › should display portfolio analytics charts" classname="comprehensive_e2e_tests.spec.ts" time="0">
<skipped>
</skipped>
</testcase>
<testcase name="DeFi Risk Monitor E2E Tests › Analytics and Charts › should interact with risk factor breakdown" classname="comprehensive_e2e_tests.spec.ts" time="0">
<skipped>
</skipped>
</testcase>
<testcase name="DeFi Risk Monitor E2E Tests › Analytics and Charts › should export analytics data" classname="comprehensive_e2e_tests.spec.ts" time="0">
<skipped>
</skipped>
</testcase>
<testcase name="DeFi Risk Monitor E2E Tests › Alert Management › should create and manage alerts" classname="comprehensive_e2e_tests.spec.ts" time="0">
<skipped>
</skipped>
</testcase>
<testcase name="DeFi Risk Monitor E2E Tests › Alert Management › should display alert history" classname="comprehensive_e2e_tests.spec.ts" time="0">
<skipped>
</skipped>
</testcase>
<testcase name="DeFi Risk Monitor E2E Tests › Explainable AI Interface › should interact with AI chat interface" classname="comprehensive_e2e_tests.spec.ts" time="0">
<skipped>
</skipped>
</testcase>
<testcase name="DeFi Risk Monitor E2E Tests › Explainable AI Interface › should display risk predictions" classname="comprehensive_e2e_tests.spec.ts" time="0">
<skipped>
</skipped>
</testcase>
<testcase name="DeFi Risk Monitor E2E Tests › Responsive Design and Mobile › should work on mobile viewport" classname="comprehensive_e2e_tests.spec.ts" time="0">
<skipped>
</skipped>
</testcase>
<testcase name="DeFi Risk Monitor E2E Tests › Responsive Design and Mobile › should work on tablet viewport" classname="comprehensive_e2e_tests.spec.ts" time="0">
<skipped>
</skipped>
</testcase>
<testcase name="DeFi Risk Monitor E2E Tests › Performance and Loading › should load dashboard within performance budget" classname="comprehensive_e2e_tests.spec.ts" time="0">
<skipped>
</skipped>
</testcase>
<testcase name="DeFi Risk Monitor E2E Tests › Performance and Loading › should handle large datasets efficiently" classname="comprehensive_e2e_tests.spec.ts" time="0">
<skipped>
</skipped>
</testcase>
<testcase name="DeFi Risk Monitor E2E Tests › Error Handling and Edge Cases › should handle network errors gracefully" classname="comprehensive_e2e_tests.spec.ts" time="0">
<skipped>
</skipped>
</testcase>
<testcase name="DeFi Risk Monitor E2E Tests › Error Handling and Edge Cases › should handle invalid data gracefully" classname="comprehensive_e2e_tests.spec.ts" time="0">
<skipped>
</skipped>
</testcase>
<testcase name="DeFi Risk Monitor E2E Tests › Error Handling and Edge Cases › should handle session expiration" classname="comprehensive_e2e_tests.spec.ts" time="0">
<skipped>
</skipped>
</testcase>
</testsuite>
</testsuites>